 ################################################################### 
 # WARNING: this module is deprecated.                             # 
 # Please use CondCore.CondDB.CondDB_cfi.py                        # 
 ################################################################### 
L1TCalorimeter Sequence configured for Stage-2 (2016) trigger. 
L1TMuon Sequence configured for Stage-2 (2016) trigger. 
L1TGlobal Sequence configured for Stage-2 (2016) trigger. 
L1TCalorimeter Conditions configured for Stage-2 (2016) trigger. 
L1TMuon Conditions configured for Stage-2 (2016) trigger. 
L1TGlobal Conditions configured for Stage-2 (2016) trigger. 
L1TDigiToRaw Sequence configured for Stage-2 (2016) trigger. 
# Conditions read from  CMS_CONDITIONS  via FrontierProd 
DEBUG 2017-07-06 09:49:50,058: 	 Executing command: 'submit'
DEBUG 2017-07-06 09:49:50,060: 	 Found CRAB cache file /afs/cern.ch/user/a/aioannou/.crab3
DEBUG 2017-07-06 09:49:50,076: 	 Checking credentials
DEBUG 2017-07-06 09:49:50,076: 	 Found proxy file /tmp/x509up_u30131
DEBUG 2017-07-06 09:49:50,076: 	 Getting proxy life time left
DEBUG 2017-07-06 09:49:50,897: 	 Executing : 
 command : voms-proxy-info -file /tmp/x509up_u30131 -timeleft
 output : 85680

 error: 
 retcode : 0
DEBUG 2017-07-06 09:49:51,820: 	 Executing : 
 command : voms-proxy-info -file /tmp/x509up_u30131 -actimeleft
 output : 85679

 error: 
 retcode : 0
DEBUG 2017-07-06 09:49:51,821: 	 Proxy valid for 23:48:00 hours
INFO 2017-07-06 09:49:51,821: 	 Will use CRAB configuration file crab_step2_cfg.py
DEBUG 2017-07-06 09:49:51,821: 	 Loading CRAB configuration file.
DEBUG 2017-07-06 09:49:51,870: 	 Will use CRAB Analysis plugin (i.e. will run an analysis job type).
DEBUG 2017-07-06 09:49:52,007: 	 Executing : 
 command : openssl x509 -in ~/.globus/usercert.pem -subject -noout
 output : subject= /DC=ch/DC=cern/OU=Organic Units/OU=Users/CN=aioannou/CN=732460/CN=Aimilios Ioannou

 error: 
 retcode : 0
DEBUG 2017-07-06 09:49:52,007: 	 Checking credentials
DEBUG 2017-07-06 09:49:52,008: 	 Found proxy file /tmp/x509up_u30131
DEBUG 2017-07-06 09:49:52,008: 	 Getting proxy life time left
DEBUG 2017-07-06 09:49:52,931: 	 Executing : 
 command : voms-proxy-info -file /tmp/x509up_u30131 -timeleft
 output : 85678

 error: 
 retcode : 0
DEBUG 2017-07-06 09:49:55,391: 	 Executing : 
 command : voms-proxy-info -file /tmp/x509up_u30131 -actimeleft
 output : 85675

 error: 
 retcode : 0
DEBUG 2017-07-06 09:49:55,391: 	 Proxy valid for 23:47:58 hours
DEBUG 2017-07-06 09:49:56,406: 	 Executing : 
 command : env X509_USER_PROXY=/tmp/x509up_u30131 voms-proxy-info -fqan
 output : /cms/Role=NULL/Capability=NULL

 error: 
 retcode : 0
DEBUG 2017-07-06 09:49:56,791: 	 Registering user credentials for server /DC=ch/DC=cern/OU=computers/CN=vocms(045|052|021|031|0118|0118a|0119|0108|0105|0109).cern.ch
DEBUG 2017-07-06 09:49:56,901: 	 Executing : 
 command : openssl x509 -in ~/.globus/usercert.pem -subject -noout
 output : subject= /DC=ch/DC=cern/OU=Organic Units/OU=Users/CN=aioannou/CN=732460/CN=Aimilios Ioannou

 error: 
 retcode : 0
DEBUG 2017-07-06 09:49:56,901: 	 Getting myproxy life time left for myproxy.cern.ch
DEBUG 2017-07-06 09:49:56,901: 	 Calculating hash of /DC=ch/DC=cern/OU=Organic Units/OU=Users/CN=aioannou/CN=732460/CN=Aimilios Ioannou_cmsweb.cern.ch for credential name
DEBUG 2017-07-06 09:49:57,205: 	 Executing : 
 command : myproxy-info -l a8f12d04b7c64407fde44f3d1d5bb65c0a0c8ca0 -s myproxy.cern.ch
 output : username: a8f12d04b7c64407fde44f3d1d5bb65c0a0c8ca0
owner: /DC=ch/DC=cern/OU=Organic Units/OU=Users/CN=aioannou/CN=732460/CN=Aimilios Ioannou
  renewal policy: /DC=ch/DC=cern/OU=computers/CN=vocms(045|052|021|031|0118|0118a|0119|0108|0105|0109).cern.ch
  trusted retrieval policy: /DC=ch/DC=cern/OU=computers/CN=vocms(045|052|021|031|0118|0118a|0119|0108|0105|0109).cern.ch
  timeleft: 382:05:02  (15.9 days)

 error: 
 retcode : 0
DEBUG 2017-07-06 09:49:57,206: 	 Myproxy is valid: 1375502
DEBUG 2017-07-06 09:49:57,207: 	 Command use: submit
DEBUG 2017-07-06 09:49:57,207: 	 Options use: ['crab_step2_cfg.py']
DEBUG 2017-07-06 09:49:57,595: 	 CRABClient version: 3.3.1706
DEBUG 2017-07-06 09:49:57,595: 	 Instance is prod
DEBUG 2017-07-06 09:49:57,595: 	 Server base url is cmsweb.cern.ch
DEBUG 2017-07-06 09:49:57,595: 	 Command url /crabserver/prod/workflow
DEBUG 2017-07-06 09:49:57,596: 	 Started submission
DEBUG 2017-07-06 09:49:57,596: 	 Working on /afs/cern.ch/work/a/aioannou/MonteCarlo_Production/CMSSW_8_0_21/src/AToZhToNuNuBB/All/crab_privateMCProduction/crab_privateMCProduction_Step2_M900
DEBUG 2017-07-06 09:49:58,136: 	 Loading required information from the environment
DEBUG 2017-07-06 09:49:58,136: 	 Found CMSSW_8_0_21 for slc6_amd64_gcc530 with base /afs/cern.ch/work/a/aioannou/MonteCarlo_Production/CMSSW_8_0_21
DEBUG 2017-07-06 09:49:58,136: 	 Loading required information from the environment
DEBUG 2017-07-06 09:49:58,136: 	 Found CMSSW_8_0_21 for slc6_amd64_gcc530 with base /afs/cern.ch/work/a/aioannou/MonteCarlo_Production/CMSSW_8_0_21
DEBUG 2017-07-06 09:49:58,169: 	 UNIQUE NAME: tarUUID c165c8e5-6a88-4efb-a83b-3c4a04862f66 
DEBUG 2017-07-06 09:49:58,170: 	 self.config: from WMCore.Configuration import Configuration
config = Configuration()
config.section_('General')
config.General.transferLogs = True
config.General.workArea = 'crab_privateMCProduction'
config.General.requestName = 'privateMCProduction_Step2_M900'
config.section_('JobType')
config.JobType.psetName = 'step2_cfg.py'
config.JobType.pluginName = 'Analysis'
config.JobType.numCores = 4
config.section_('Data')
config.Data.unitsPerJob = 1
config.Data.userInputFiles = ['/store/user/aioannou/CRAB_PrivateMC/crab_privateMCProduction_Step1_M900/170705_074720/0000/step1_1.root', '/store/user/aioannou/CRAB_PrivateMC/crab_privateMCProduction_Step1_M900/170705_074720/0000/step1_2.root', '/store/user/aioannou/CRAB_PrivateMC/crab_privateMCProduction_Step1_M900/170705_074720/0000/step1_3.root', '/store/user/aioannou/CRAB_PrivateMC/crab_privateMCProduction_Step1_M900/170705_074720/0000/step1_4.root', '/store/user/aioannou/CRAB_PrivateMC/crab_privateMCProduction_Step1_M900/170705_074720/0000/step1_5.root', '/store/user/aioannou/CRAB_PrivateMC/crab_privateMCProduction_Step1_M900/170705_074720/0000/step1_6.root', '/store/user/aioannou/CRAB_PrivateMC/crab_privateMCProduction_Step1_M900/170705_074720/0000/step1_7.root', '/store/user/aioannou/CRAB_PrivateMC/crab_privateMCProduction_Step1_M900/170705_074720/0000/step1_8.root', '/store/user/aioannou/CRAB_PrivateMC/crab_privateMCProduction_Step1_M900/170705_074720/0000/step1_9.root', '/store/user/aioannou/CRAB_PrivateMC/crab_privateMCProduction_Step1_M900/170705_074720/0000/step1_10.root', '/store/user/aioannou/CRAB_PrivateMC/crab_privateMCProduction_Step1_M900/170705_074720/0000/step1_11.root', '/store/user/aioannou/CRAB_PrivateMC/crab_privateMCProduction_Step1_M900/170705_074720/0000/step1_12.root', '/store/user/aioannou/CRAB_PrivateMC/crab_privateMCProduction_Step1_M900/170705_074720/0000/step1_13.root', '/store/user/aioannou/CRAB_PrivateMC/crab_privateMCProduction_Step1_M900/170705_074720/0000/step1_14.root', '/store/user/aioannou/CRAB_PrivateMC/crab_privateMCProduction_Step1_M900/170705_074720/0000/step1_15.root', '/store/user/aioannou/CRAB_PrivateMC/crab_privateMCProduction_Step1_M900/170705_074720/0000/step1_16.root', '/store/user/aioannou/CRAB_PrivateMC/crab_privateMCProduction_Step1_M900/170705_074720/0000/step1_17.root', '/store/user/aioannou/CRAB_PrivateMC/crab_privateMCProduction_Step1_M900/170705_074720/0000/step1_18.root', '/store/user/aioannou/CRAB_PrivateMC/crab_privateMCProduction_Step1_M900/170705_074720/0000/step1_19.root', '/store/user/aioannou/CRAB_PrivateMC/crab_privateMCProduction_Step1_M900/170705_074720/0000/step1_20.root', '/store/user/aioannou/CRAB_PrivateMC/crab_privateMCProduction_Step1_M900/170705_074720/0000/step1_21.root', '/store/user/aioannou/CRAB_PrivateMC/crab_privateMCProduction_Step1_M900/170705_074720/0000/step1_22.root', '/store/user/aioannou/CRAB_PrivateMC/crab_privateMCProduction_Step1_M900/170705_074720/0000/step1_23.root', '/store/user/aioannou/CRAB_PrivateMC/crab_privateMCProduction_Step1_M900/170705_074720/0000/step1_24.root', '/store/user/aioannou/CRAB_PrivateMC/crab_privateMCProduction_Step1_M900/170705_074720/0000/step1_25.root', '/store/user/aioannou/CRAB_PrivateMC/crab_privateMCProduction_Step1_M900/170705_074720/0000/step1_26.root', '/store/user/aioannou/CRAB_PrivateMC/crab_privateMCProduction_Step1_M900/170705_074720/0000/step1_27.root', '/store/user/aioannou/CRAB_PrivateMC/crab_privateMCProduction_Step1_M900/170705_074720/0000/step1_28.root', '/store/user/aioannou/CRAB_PrivateMC/crab_privateMCProduction_Step1_M900/170705_074720/0000/step1_29.root', '/store/user/aioannou/CRAB_PrivateMC/crab_privateMCProduction_Step1_M900/170705_074720/0000/step1_30.root', '/store/user/aioannou/CRAB_PrivateMC/crab_privateMCProduction_Step1_M900/170705_074720/0000/step1_31.root', '/store/user/aioannou/CRAB_PrivateMC/crab_privateMCProduction_Step1_M900/170705_074720/0000/step1_32.root', '/store/user/aioannou/CRAB_PrivateMC/crab_privateMCProduction_Step1_M900/170705_074720/0000/step1_33.root', '/store/user/aioannou/CRAB_PrivateMC/crab_privateMCProduction_Step1_M900/170705_074720/0000/step1_34.root', '/store/user/aioannou/CRAB_PrivateMC/crab_privateMCProduction_Step1_M900/170705_074720/0000/step1_35.root', '/store/user/aioannou/CRAB_PrivateMC/crab_privateMCProduction_Step1_M900/170705_074720/0000/step1_36.root', '/store/user/aioannou/CRAB_PrivateMC/crab_privateMCProduction_Step1_M900/170705_074720/0000/step1_37.root', '/store/user/aioannou/CRAB_PrivateMC/crab_privateMCProduction_Step1_M900/170705_074720/0000/step1_38.root', '/store/user/aioannou/CRAB_PrivateMC/crab_privateMCProduction_Step1_M900/170705_074720/0000/step1_39.root', '/store/user/aioannou/CRAB_PrivateMC/crab_privateMCProduction_Step1_M900/170705_074720/0000/step1_40.root', '/store/user/aioannou/CRAB_PrivateMC/crab_privateMCProduction_Step1_M900/170705_074720/0000/step1_41.root', '/store/user/aioannou/CRAB_PrivateMC/crab_privateMCProduction_Step1_M900/170705_074720/0000/step1_42.root', '/store/user/aioannou/CRAB_PrivateMC/crab_privateMCProduction_Step1_M900/170705_074720/0000/step1_43.root', '/store/user/aioannou/CRAB_PrivateMC/crab_privateMCProduction_Step1_M900/170705_074720/0000/step1_44.root', '/store/user/aioannou/CRAB_PrivateMC/crab_privateMCProduction_Step1_M900/170705_074720/0000/step1_45.root', '/store/user/aioannou/CRAB_PrivateMC/crab_privateMCProduction_Step1_M900/170705_074720/0000/step1_46.root', '/store/user/aioannou/CRAB_PrivateMC/crab_privateMCProduction_Step1_M900/170705_074720/0000/step1_47.root', '/store/user/aioannou/CRAB_PrivateMC/crab_privateMCProduction_Step1_M900/170705_074720/0000/step1_48.root', '/store/user/aioannou/CRAB_PrivateMC/crab_privateMCProduction_Step1_M900/170705_074720/0000/step1_49.root', '/store/user/aioannou/CRAB_PrivateMC/crab_privateMCProduction_Step1_M900/170705_074720/0000/step1_50.root', '/store/user/aioannou/CRAB_PrivateMC/crab_privateMCProduction_Step1_M900/170705_074720/0000/step1_51.root', '/store/user/aioannou/CRAB_PrivateMC/crab_privateMCProduction_Step1_M900/170705_074720/0000/step1_52.root', '/store/user/aioannou/CRAB_PrivateMC/crab_privateMCProduction_Step1_M900/170705_074720/0000/step1_53.root', '/store/user/aioannou/CRAB_PrivateMC/crab_privateMCProduction_Step1_M900/170705_074720/0000/step1_54.root', '/store/user/aioannou/CRAB_PrivateMC/crab_privateMCProduction_Step1_M900/170705_074720/0000/step1_55.root', '/store/user/aioannou/CRAB_PrivateMC/crab_privateMCProduction_Step1_M900/170705_074720/0000/step1_56.root', '/store/user/aioannou/CRAB_PrivateMC/crab_privateMCProduction_Step1_M900/170705_074720/0000/step1_57.root', '/store/user/aioannou/CRAB_PrivateMC/crab_privateMCProduction_Step1_M900/170705_074720/0000/step1_58.root', '/store/user/aioannou/CRAB_PrivateMC/crab_privateMCProduction_Step1_M900/170705_074720/0000/step1_59.root', '/store/user/aioannou/CRAB_PrivateMC/crab_privateMCProduction_Step1_M900/170705_074720/0000/step1_60.root', '/store/user/aioannou/CRAB_PrivateMC/crab_privateMCProduction_Step1_M900/170705_074720/0000/step1_61.root', '/store/user/aioannou/CRAB_PrivateMC/crab_privateMCProduction_Step1_M900/170705_074720/0000/step1_62.root', '/store/user/aioannou/CRAB_PrivateMC/crab_privateMCProduction_Step1_M900/170705_074720/0000/step1_63.root', '/store/user/aioannou/CRAB_PrivateMC/crab_privateMCProduction_Step1_M900/170705_074720/0000/step1_64.root', '/store/user/aioannou/CRAB_PrivateMC/crab_privateMCProduction_Step1_M900/170705_074720/0000/step1_65.root', '/store/user/aioannou/CRAB_PrivateMC/crab_privateMCProduction_Step1_M900/170705_074720/0000/step1_66.root', '/store/user/aioannou/CRAB_PrivateMC/crab_privateMCProduction_Step1_M900/170705_074720/0000/step1_67.root', '/store/user/aioannou/CRAB_PrivateMC/crab_privateMCProduction_Step1_M900/170705_074720/0000/step1_68.root', '/store/user/aioannou/CRAB_PrivateMC/crab_privateMCProduction_Step1_M900/170705_074720/0000/step1_69.root', '/store/user/aioannou/CRAB_PrivateMC/crab_privateMCProduction_Step1_M900/170705_074720/0000/step1_70.root', '/store/user/aioannou/CRAB_PrivateMC/crab_privateMCProduction_Step1_M900/170705_074720/0000/step1_71.root', '/store/user/aioannou/CRAB_PrivateMC/crab_privateMCProduction_Step1_M900/170705_074720/0000/step1_72.root', '/store/user/aioannou/CRAB_PrivateMC/crab_privateMCProduction_Step1_M900/170705_074720/0000/step1_73.root', '/store/user/aioannou/CRAB_PrivateMC/crab_privateMCProduction_Step1_M900/170705_074720/0000/step1_74.root', '/store/user/aioannou/CRAB_PrivateMC/crab_privateMCProduction_Step1_M900/170705_074720/0000/step1_75.root', '/store/user/aioannou/CRAB_PrivateMC/crab_privateMCProduction_Step1_M900/170705_074720/0000/step1_76.root', '/store/user/aioannou/CRAB_PrivateMC/crab_privateMCProduction_Step1_M900/170705_074720/0000/step1_77.root', '/store/user/aioannou/CRAB_PrivateMC/crab_privateMCProduction_Step1_M900/170705_074720/0000/step1_78.root', '/store/user/aioannou/CRAB_PrivateMC/crab_privateMCProduction_Step1_M900/170705_074720/0000/step1_79.root', '/store/user/aioannou/CRAB_PrivateMC/crab_privateMCProduction_Step1_M900/170705_074720/0000/step1_80.root', '/store/user/aioannou/CRAB_PrivateMC/crab_privateMCProduction_Step1_M900/170705_074720/0000/step1_81.root', '/store/user/aioannou/CRAB_PrivateMC/crab_privateMCProduction_Step1_M900/170705_074720/0000/step1_82.root', '/store/user/aioannou/CRAB_PrivateMC/crab_privateMCProduction_Step1_M900/170705_074720/0000/step1_83.root', '/store/user/aioannou/CRAB_PrivateMC/crab_privateMCProduction_Step1_M900/170705_074720/0000/step1_84.root']
config.Data.publication = False
config.Data.splitting = 'FileBased'
config.Data.totalUnits = -1
config.section_('Site')
config.Site.storageSite = 'T2_CH_CERN'

DEBUG 2017-07-06 09:49:58,170: 	 self.config.JobType.psetName: step2_cfg.py
INFO 2017-07-06 09:49:58,171: 	 Importing CMSSW configuration step2_cfg.py
INFO 2017-07-06 09:50:05,354: 	 Finished importing CMSSW configuration step2_cfg.py
DEBUG 2017-07-06 09:50:05,354: 	 Writing CMSSW configuration to /afs/cern.ch/work/a/aioannou/MonteCarlo_Production/CMSSW_8_0_21/src/AToZhToNuNuBB/All/crab_privateMCProduction/crab_privateMCProduction_Step2_M900/inputs/PSet.py
DEBUG 2017-07-06 09:50:11,565: 	 The following EDM output files will be collected: ['step2.root']
DEBUG 2017-07-06 09:50:11,565: 	 The following TFile output files will be collected: []
DEBUG 2017-07-06 09:50:11,565: 	 The following user output files will be collected: []
DEBUG 2017-07-06 09:50:11,565: 	 Loading required information from the environment
DEBUG 2017-07-06 09:50:11,565: 	 Found CMSSW_8_0_21 for slc6_amd64_gcc530 with base /afs/cern.ch/work/a/aioannou/MonteCarlo_Production/CMSSW_8_0_21
DEBUG 2017-07-06 09:50:11,565: 	 Making tarball in /afs/cern.ch/work/a/aioannou/MonteCarlo_Production/CMSSW_8_0_21/src/AToZhToNuNuBB/All/crab_privateMCProduction/crab_privateMCProduction_Step2_M900/inputs/c165c8e5-6a88-4efb-a83b-3c4a04862f66default.tgz
DEBUG 2017-07-06 09:50:11,644: 	 Checking directory /afs/cern.ch/work/a/aioannou/MonteCarlo_Production/CMSSW_8_0_21/lib
DEBUG 2017-07-06 09:50:11,644: 	 Adding directory /afs/cern.ch/work/a/aioannou/MonteCarlo_Production/CMSSW_8_0_21/lib to tarball
DEBUG 2017-07-06 09:50:11,678: 	 Checking directory /afs/cern.ch/work/a/aioannou/MonteCarlo_Production/CMSSW_8_0_21/biglib
DEBUG 2017-07-06 09:50:11,679: 	 Adding directory /afs/cern.ch/work/a/aioannou/MonteCarlo_Production/CMSSW_8_0_21/biglib to tarball
DEBUG 2017-07-06 09:50:11,679: 	 Checking directory /afs/cern.ch/work/a/aioannou/MonteCarlo_Production/CMSSW_8_0_21/module
DEBUG 2017-07-06 09:50:13,473: 	 Uploading archive /afs/cern.ch/work/a/aioannou/MonteCarlo_Production/CMSSW_8_0_21/src/AToZhToNuNuBB/All/crab_privateMCProduction/crab_privateMCProduction_Step2_M900/inputs/c165c8e5-6a88-4efb-a83b-3c4a04862f66default.tgz (1.749023.1 MB) to the CRAB cache. Using URI https://cmsweb.cern.ch/crabcache
DEBUG 2017-07-06 09:50:15,786: 	 Loading required information from the environment
DEBUG 2017-07-06 09:50:15,786: 	 Found CMSSW_8_0_21 for slc6_amd64_gcc530 with base /afs/cern.ch/work/a/aioannou/MonteCarlo_Production/CMSSW_8_0_21
DEBUG 2017-07-06 09:50:15,786: 	 Making tarball in /afs/cern.ch/work/a/aioannou/MonteCarlo_Production/CMSSW_8_0_21/src/AToZhToNuNuBB/All/crab_privateMCProduction/crab_privateMCProduction_Step2_M900/inputs/debugFiles.tgz
DEBUG 2017-07-06 09:50:15,789: 	 Uploading archive /afs/cern.ch/work/a/aioannou/MonteCarlo_Production/CMSSW_8_0_21/src/AToZhToNuNuBB/All/crab_privateMCProduction/crab_privateMCProduction_Step2_M900/inputs/debugFiles.tgz (2 KB) to the CRAB cache. Using URI https://cmsweb.cern.ch/crabcache
DEBUG 2017-07-06 09:50:16,282: 	 Result uploading input files: fe2978877b033aab4e870da3249d18a84281932c530828791db4605066216354.tar.gz 
DEBUG 2017-07-06 09:50:16,283: 	 Attaching list of user-specified primary input files.
INFO 2017-07-06 09:50:16,283: 	 Sending the request to the server
DEBUG 2017-07-06 09:50:16,283: 	 Submitting {'maxjobruntime': 1250, 'extrajdl': [], 'ignorelocality': 0, 'savelogsflag': 1, 'useparent': 0, 'asyncdest': 'T2_CH_CERN', 'algoargs': 1, 'cachefilename': 'fe2978877b033aab4e870da3249d18a84281932c530828791db4605066216354.tar.gz', 'numcores': 4, 'addoutputfiles': [], 'generator': 'pythia', 'maxmemory': 2000, 'publishdbsurl': 'https://cmsweb.cern.ch/dbs/prod/phys03/DBSWriter', 'priority': 10, 'jobsw': 'CMSSW_8_0_21', 'edmoutfiles': ['step2.root'], 'userfiles': set(['/store/user/aioannou/CRAB_PrivateMC/crab_privateMCProduction_Step1_M900/170705_074720/0000/step1_55.root', '/store/user/aioannou/CRAB_PrivateMC/crab_privateMCProduction_Step1_M900/170705_074720/0000/step1_40.root', '/store/user/aioannou/CRAB_PrivateMC/crab_privateMCProduction_Step1_M900/170705_074720/0000/step1_60.root', '/store/user/aioannou/CRAB_PrivateMC/crab_privateMCProduction_Step1_M900/170705_074720/0000/step1_13.root', '/store/user/aioannou/CRAB_PrivateMC/crab_privateMCProduction_Step1_M900/170705_074720/0000/step1_56.root', '/store/user/aioannou/CRAB_PrivateMC/crab_privateMCProduction_Step1_M900/170705_074720/0000/step1_71.root', '/store/user/aioannou/CRAB_PrivateMC/crab_privateMCProduction_Step1_M900/170705_074720/0000/step1_49.root', '/store/user/aioannou/CRAB_PrivateMC/crab_privateMCProduction_Step1_M900/170705_074720/0000/step1_51.root', '/store/user/aioannou/CRAB_PrivateMC/crab_privateMCProduction_Step1_M900/170705_074720/0000/step1_63.root', '/store/user/aioannou/CRAB_PrivateMC/crab_privateMCProduction_Step1_M900/170705_074720/0000/step1_21.root', '/store/user/aioannou/CRAB_PrivateMC/crab_privateMCProduction_Step1_M900/170705_074720/0000/step1_17.root', '/store/user/aioannou/CRAB_PrivateMC/crab_privateMCProduction_Step1_M900/170705_074720/0000/step1_74.root', '/store/user/aioannou/CRAB_PrivateMC/crab_privateMCProduction_Step1_M900/170705_074720/0000/step1_66.root', '/store/user/aioannou/CRAB_PrivateMC/crab_privateMCProduction_Step1_M900/170705_074720/0000/step1_4.root', '/store/user/aioannou/CRAB_PrivateMC/crab_privateMCProduction_Step1_M900/170705_074720/0000/step1_10.root', '/store/user/aioannou/CRAB_PrivateMC/crab_privateMCProduction_Step1_M900/170705_074720/0000/step1_77.root', '/store/user/aioannou/CRAB_PrivateMC/crab_privateMCProduction_Step1_M900/170705_074720/0000/step1_67.root', '/store/user/aioannou/CRAB_PrivateMC/crab_privateMCProduction_Step1_M900/170705_074720/0000/step1_82.root', '/store/user/aioannou/CRAB_PrivateMC/crab_privateMCProduction_Step1_M900/170705_074720/0000/step1_68.root', '/store/user/aioannou/CRAB_PrivateMC/crab_privateMCProduction_Step1_M900/170705_074720/0000/step1_35.root', '/store/user/aioannou/CRAB_PrivateMC/crab_privateMCProduction_Step1_M900/170705_074720/0000/step1_72.root', '/store/user/aioannou/CRAB_PrivateMC/crab_privateMCProduction_Step1_M900/170705_074720/0000/step1_81.root', '/store/user/aioannou/CRAB_PrivateMC/crab_privateMCProduction_Step1_M900/170705_074720/0000/step1_11.root', '/store/user/aioannou/CRAB_PrivateMC/crab_privateMCProduction_Step1_M900/170705_074720/0000/step1_29.root', '/store/user/aioannou/CRAB_PrivateMC/crab_privateMCProduction_Step1_M900/170705_074720/0000/step1_26.root', '/store/user/aioannou/CRAB_PrivateMC/crab_privateMCProduction_Step1_M900/170705_074720/0000/step1_9.root', '/store/user/aioannou/CRAB_PrivateMC/crab_privateMCProduction_Step1_M900/170705_074720/0000/step1_46.root', '/store/user/aioannou/CRAB_PrivateMC/crab_privateMCProduction_Step1_M900/170705_074720/0000/step1_69.root', '/store/user/aioannou/CRAB_PrivateMC/crab_privateMCProduction_Step1_M900/170705_074720/0000/step1_45.root', '/store/user/aioannou/CRAB_PrivateMC/crab_privateMCProduction_Step1_M900/170705_074720/0000/step1_41.root', '/store/user/aioannou/CRAB_PrivateMC/crab_privateMCProduction_Step1_M900/170705_074720/0000/step1_27.root', '/store/user/aioannou/CRAB_PrivateMC/crab_privateMCProduction_Step1_M900/170705_074720/0000/step1_15.root', '/store/user/aioannou/CRAB_PrivateMC/crab_privateMCProduction_Step1_M900/170705_074720/0000/step1_58.root', '/store/user/aioannou/CRAB_PrivateMC/crab_privateMCProduction_Step1_M900/170705_074720/0000/step1_73.root', '/store/user/aioannou/CRAB_PrivateMC/crab_privateMCProduction_Step1_M900/170705_074720/0000/step1_65.root', '/store/user/aioannou/CRAB_PrivateMC/crab_privateMCProduction_Step1_M900/170705_074720/0000/step1_28.root', '/store/user/aioannou/CRAB_PrivateMC/crab_privateMCProduction_Step1_M900/170705_074720/0000/step1_16.root', '/store/user/aioannou/CRAB_PrivateMC/crab_privateMCProduction_Step1_M900/170705_074720/0000/step1_50.root', '/store/user/aioannou/CRAB_PrivateMC/crab_privateMCProduction_Step1_M900/170705_074720/0000/step1_3.root', '/store/user/aioannou/CRAB_PrivateMC/crab_privateMCProduction_Step1_M900/170705_074720/0000/step1_20.root', '/store/user/aioannou/CRAB_PrivateMC/crab_privateMCProduction_Step1_M900/170705_074720/0000/step1_18.root', '/store/user/aioannou/CRAB_PrivateMC/crab_privateMCProduction_Step1_M900/170705_074720/0000/step1_84.root', '/store/user/aioannou/CRAB_PrivateMC/crab_privateMCProduction_Step1_M900/170705_074720/0000/step1_59.root', '/store/user/aioannou/CRAB_PrivateMC/crab_privateMCProduction_Step1_M900/170705_074720/0000/step1_23.root', '/store/user/aioannou/CRAB_PrivateMC/crab_privateMCProduction_Step1_M900/170705_074720/0000/step1_5.root', '/store/user/aioannou/CRAB_PrivateMC/crab_privateMCProduction_Step1_M900/170705_074720/0000/step1_54.root', '/store/user/aioannou/CRAB_PrivateMC/crab_privateMCProduction_Step1_M900/170705_074720/0000/step1_24.root', '/store/user/aioannou/CRAB_PrivateMC/crab_privateMCProduction_Step1_M900/170705_074720/0000/step1_42.root', '/store/user/aioannou/CRAB_PrivateMC/crab_privateMCProduction_Step1_M900/170705_074720/0000/step1_12.root', '/store/user/aioannou/CRAB_PrivateMC/crab_privateMCProduction_Step1_M900/170705_074720/0000/step1_78.root', '/store/user/aioannou/CRAB_PrivateMC/crab_privateMCProduction_Step1_M900/170705_074720/0000/step1_33.root', '/store/user/aioannou/CRAB_PrivateMC/crab_privateMCProduction_Step1_M900/170705_074720/0000/step1_62.root', '/store/user/aioannou/CRAB_PrivateMC/crab_privateMCProduction_Step1_M900/170705_074720/0000/step1_31.root', '/store/user/aioannou/CRAB_PrivateMC/crab_privateMCProduction_Step1_M900/170705_074720/0000/step1_79.root', '/store/user/aioannou/CRAB_PrivateMC/crab_privateMCProduction_Step1_M900/170705_074720/0000/step1_64.root', '/store/user/aioannou/CRAB_PrivateMC/crab_privateMCProduction_Step1_M900/170705_074720/0000/step1_75.root', '/store/user/aioannou/CRAB_PrivateMC/crab_privateMCProduction_Step1_M900/170705_074720/0000/step1_39.root', '/store/user/aioannou/CRAB_PrivateMC/crab_privateMCProduction_Step1_M900/170705_074720/0000/step1_8.root', '/store/user/aioannou/CRAB_PrivateMC/crab_privateMCProduction_Step1_M900/170705_074720/0000/step1_80.root', '/store/user/aioannou/CRAB_PrivateMC/crab_privateMCProduction_Step1_M900/170705_074720/0000/step1_70.root', '/store/user/aioannou/CRAB_PrivateMC/crab_privateMCProduction_Step1_M900/170705_074720/0000/step1_34.root', '/store/user/aioannou/CRAB_PrivateMC/crab_privateMCProduction_Step1_M900/170705_074720/0000/step1_48.root', '/store/user/aioannou/CRAB_PrivateMC/crab_privateMCProduction_Step1_M900/170705_074720/0000/step1_38.root', '/store/user/aioannou/CRAB_PrivateMC/crab_privateMCProduction_Step1_M900/170705_074720/0000/step1_32.root', '/store/user/aioannou/CRAB_PrivateMC/crab_privateMCProduction_Step1_M900/170705_074720/0000/step1_14.root', '/store/user/aioannou/CRAB_PrivateMC/crab_privateMCProduction_Step1_M900/170705_074720/0000/step1_2.root', '/store/user/aioannou/CRAB_PrivateMC/crab_privateMCProduction_Step1_M900/170705_074720/0000/step1_30.root', '/store/user/aioannou/CRAB_PrivateMC/crab_privateMCProduction_Step1_M900/170705_074720/0000/step1_36.root', '/store/user/aioannou/CRAB_PrivateMC/crab_privateMCProduction_Step1_M900/170705_074720/0000/step1_53.root', '/store/user/aioannou/CRAB_PrivateMC/crab_privateMCProduction_Step1_M900/170705_074720/0000/step1_47.root', '/store/user/aioannou/CRAB_PrivateMC/crab_privateMCProduction_Step1_M900/170705_074720/0000/step1_76.root', '/store/user/aioannou/CRAB_PrivateMC/crab_privateMCProduction_Step1_M900/170705_074720/0000/step1_19.root', '/store/user/aioannou/CRAB_PrivateMC/crab_privateMCProduction_Step1_M900/170705_074720/0000/step1_83.root', '/store/user/aioannou/CRAB_PrivateMC/crab_privateMCProduction_Step1_M900/170705_074720/0000/step1_7.root', '/store/user/aioannou/CRAB_PrivateMC/crab_privateMCProduction_Step1_M900/170705_074720/0000/step1_52.root', '/store/user/aioannou/CRAB_PrivateMC/crab_privateMCProduction_Step1_M900/170705_074720/0000/step1_1.root', '/store/user/aioannou/CRAB_PrivateMC/crab_privateMCProduction_Step1_M900/170705_074720/0000/step1_61.root', '/store/user/aioannou/CRAB_PrivateMC/crab_privateMCProduction_Step1_M900/170705_074720/0000/step1_37.root', '/store/user/aioannou/CRAB_PrivateMC/crab_privateMCProduction_Step1_M900/170705_074720/0000/step1_57.root', '/store/user/aioannou/CRAB_PrivateMC/crab_privateMCProduction_Step1_M900/170705_074720/0000/step1_44.root', '/store/user/aioannou/CRAB_PrivateMC/crab_privateMCProduction_Step1_M900/170705_074720/0000/step1_6.root', '/store/user/aioannou/CRAB_PrivateMC/crab_privateMCProduction_Step1_M900/170705_074720/0000/step1_43.root', '/store/user/aioannou/CRAB_PrivateMC/crab_privateMCProduction_Step1_M900/170705_074720/0000/step1_25.root', '/store/user/aioannou/CRAB_PrivateMC/crab_privateMCProduction_Step1_M900/170705_074720/0000/step1_22.root']), 'primarydataset': 'CRAB_UserFiles', 'inputdata': '', 'dryrun': 0, 'workflow': 'crab_privateMCProduction_Step2_M900', 'cacheurl': u'https://cmsweb.cern.ch/crabcache', 'nonprodsw': 0, 'tfileoutfiles': [], 'oneEventMode': 0, 'debugfilename': '653c6e3464113923dd56506499b150f63dca2631efe6bec7d5cf20411ac631f9.tar.gz', 'saveoutput': 1, 'publication': 0, 'jobarch': 'slc6_amd64_gcc530', 'totalunits': -1, 'splitalgo': 'FileBased', 'ignoreglobalblacklist': 0, 'nonvaliddata': 0, 'dbsurl': 'https://cmsweb.cern.ch/dbs/prod/global/DBSReader', 'publishgroupname': 0, 'jobtype': 'Analysis', 'publishname2': ''} 
DEBUG 2017-07-06 09:50:16,284: 	 Encoded submit request: maxjobruntime=1250&ignorelocality=0&savelogsflag=1&useparent=0&asyncdest=T2_CH_CERN&algoargs=1&cachefilename=fe2978877b033aab4e870da3249d18a84281932c530828791db4605066216354.tar.gz&numcores=4&generator=pythia&maxmemory=2000&publishdbsurl=https%3A%2F%2Fcmsweb.cern.ch%2Fdbs%2Fprod%2Fphys03%2FDBSWriter&priority=10&jobsw=CMSSW_8_0_21&primarydataset=CRAB_UserFiles&inputdata=&dryrun=0&workflow=crab_privateMCProduction_Step2_M900&cacheurl=https%3A%2F%2Fcmsweb.cern.ch%2Fcrabcache&nonprodsw=0&oneEventMode=0&debugfilename=653c6e3464113923dd56506499b150f63dca2631efe6bec7d5cf20411ac631f9.tar.gz&saveoutput=1&publication=0&jobarch=slc6_amd64_gcc530&totalunits=-1&splitalgo=FileBased&ignoreglobalblacklist=0&nonvaliddata=0&dbsurl=https%3A%2F%2Fcmsweb.cern.ch%2Fdbs%2Fprod%2Fglobal%2FDBSReader&publishgroupname=0&jobtype=Analysis&publishname2=&edmoutfiles=step2.root&userfiles=/store/user/aioannou/CRAB_PrivateMC/crab_privateMCProduction_Step1_M900/170705_074720/0000/step1_55.root&userfiles=/store/user/aioannou/CRAB_PrivateMC/crab_privateMCProduction_Step1_M900/170705_074720/0000/step1_40.root&userfiles=/store/user/aioannou/CRAB_PrivateMC/crab_privateMCProduction_Step1_M900/170705_074720/0000/step1_60.root&userfiles=/store/user/aioannou/CRAB_PrivateMC/crab_privateMCProduction_Step1_M900/170705_074720/0000/step1_13.root&userfiles=/store/user/aioannou/CRAB_PrivateMC/crab_privateMCProduction_Step1_M900/170705_074720/0000/step1_56.root&userfiles=/store/user/aioannou/CRAB_PrivateMC/crab_privateMCProduction_Step1_M900/170705_074720/0000/step1_71.root&userfiles=/store/user/aioannou/CRAB_PrivateMC/crab_privateMCProduction_Step1_M900/170705_074720/0000/step1_49.root&userfiles=/store/user/aioannou/CRAB_PrivateMC/crab_privateMCProduction_Step1_M900/170705_074720/0000/step1_51.root&userfiles=/store/user/aioannou/CRAB_PrivateMC/crab_privateMCProduction_Step1_M900/170705_074720/0000/step1_63.root&userfiles=/store/user/aioannou/CRAB_PrivateMC/crab_privateMCProduction_Step1_M900/170705_074720/0000/step1_21.root&userfiles=/store/user/aioannou/CRAB_PrivateMC/crab_privateMCProduction_Step1_M900/170705_074720/0000/step1_17.root&userfiles=/store/user/aioannou/CRAB_PrivateMC/crab_privateMCProduction_Step1_M900/170705_074720/0000/step1_74.root&userfiles=/store/user/aioannou/CRAB_PrivateMC/crab_privateMCProduction_Step1_M900/170705_074720/0000/step1_66.root&userfiles=/store/user/aioannou/CRAB_PrivateMC/crab_privateMCProduction_Step1_M900/170705_074720/0000/step1_4.root&userfiles=/store/user/aioannou/CRAB_PrivateMC/crab_privateMCProduction_Step1_M900/170705_074720/0000/step1_10.root&userfiles=/store/user/aioannou/CRAB_PrivateMC/crab_privateMCProduction_Step1_M900/170705_074720/0000/step1_77.root&userfiles=/store/user/aioannou/CRAB_PrivateMC/crab_privateMCProduction_Step1_M900/170705_074720/0000/step1_67.root&userfiles=/store/user/aioannou/CRAB_PrivateMC/crab_privateMCProduction_Step1_M900/170705_074720/0000/step1_82.root&userfiles=/store/user/aioannou/CRAB_PrivateMC/crab_privateMCProduction_Step1_M900/170705_074720/0000/step1_68.root&userfiles=/store/user/aioannou/CRAB_PrivateMC/crab_privateMCProduction_Step1_M900/170705_074720/0000/step1_35.root&userfiles=/store/user/aioannou/CRAB_PrivateMC/crab_privateMCProduction_Step1_M900/170705_074720/0000/step1_72.root&userfiles=/store/user/aioannou/CRAB_PrivateMC/crab_privateMCProduction_Step1_M900/170705_074720/0000/step1_81.root&userfiles=/store/user/aioannou/CRAB_PrivateMC/crab_privateMCProduction_Step1_M900/170705_074720/0000/step1_11.root&userfiles=/store/user/aioannou/CRAB_PrivateMC/crab_privateMCProduction_Step1_M900/170705_074720/0000/step1_29.root&userfiles=/store/user/aioannou/CRAB_PrivateMC/crab_privateMCProduction_Step1_M900/170705_074720/0000/step1_26.root&userfiles=/store/user/aioannou/CRAB_PrivateMC/crab_privateMCProduction_Step1_M900/170705_074720/0000/step1_9.root&userfiles=/store/user/aioannou/CRAB_PrivateMC/crab_privateMCProduction_Step1_M900/170705_074720/0000/step1_46.root&userfiles=/store/user/aioannou/CRAB_PrivateMC/crab_privateMCProduction_Step1_M900/170705_074720/0000/step1_69.root&userfiles=/store/user/aioannou/CRAB_PrivateMC/crab_privateMCProduction_Step1_M900/170705_074720/0000/step1_45.root&userfiles=/store/user/aioannou/CRAB_PrivateMC/crab_privateMCProduction_Step1_M900/170705_074720/0000/step1_41.root&userfiles=/store/user/aioannou/CRAB_PrivateMC/crab_privateMCProduction_Step1_M900/170705_074720/0000/step1_27.root&userfiles=/store/user/aioannou/CRAB_PrivateMC/crab_privateMCProduction_Step1_M900/170705_074720/0000/step1_15.root&userfiles=/store/user/aioannou/CRAB_PrivateMC/crab_privateMCProduction_Step1_M900/170705_074720/0000/step1_58.root&userfiles=/store/user/aioannou/CRAB_PrivateMC/crab_privateMCProduction_Step1_M900/170705_074720/0000/step1_73.root&userfiles=/store/user/aioannou/CRAB_PrivateMC/crab_privateMCProduction_Step1_M900/170705_074720/0000/step1_65.root&userfiles=/store/user/aioannou/CRAB_PrivateMC/crab_privateMCProduction_Step1_M900/170705_074720/0000/step1_28.root&userfiles=/store/user/aioannou/CRAB_PrivateMC/crab_privateMCProduction_Step1_M900/170705_074720/0000/step1_16.root&userfiles=/store/user/aioannou/CRAB_PrivateMC/crab_privateMCProduction_Step1_M900/170705_074720/0000/step1_50.root&userfiles=/store/user/aioannou/CRAB_PrivateMC/crab_privateMCProduction_Step1_M900/170705_074720/0000/step1_3.root&userfiles=/store/user/aioannou/CRAB_PrivateMC/crab_privateMCProduction_Step1_M900/170705_074720/0000/step1_20.root&userfiles=/store/user/aioannou/CRAB_PrivateMC/crab_privateMCProduction_Step1_M900/170705_074720/0000/step1_18.root&userfiles=/store/user/aioannou/CRAB_PrivateMC/crab_privateMCProduction_Step1_M900/170705_074720/0000/step1_84.root&userfiles=/store/user/aioannou/CRAB_PrivateMC/crab_privateMCProduction_Step1_M900/170705_074720/0000/step1_59.root&userfiles=/store/user/aioannou/CRAB_PrivateMC/crab_privateMCProduction_Step1_M900/170705_074720/0000/step1_23.root&userfiles=/store/user/aioannou/CRAB_PrivateMC/crab_privateMCProduction_Step1_M900/170705_074720/0000/step1_5.root&userfiles=/store/user/aioannou/CRAB_PrivateMC/crab_privateMCProduction_Step1_M900/170705_074720/0000/step1_54.root&userfiles=/store/user/aioannou/CRAB_PrivateMC/crab_privateMCProduction_Step1_M900/170705_074720/0000/step1_24.root&userfiles=/store/user/aioannou/CRAB_PrivateMC/crab_privateMCProduction_Step1_M900/170705_074720/0000/step1_42.root&userfiles=/store/user/aioannou/CRAB_PrivateMC/crab_privateMCProduction_Step1_M900/170705_074720/0000/step1_12.root&userfiles=/store/user/aioannou/CRAB_PrivateMC/crab_privateMCProduction_Step1_M900/170705_074720/0000/step1_78.root&userfiles=/store/user/aioannou/CRAB_PrivateMC/crab_privateMCProduction_Step1_M900/170705_074720/0000/step1_33.root&userfiles=/store/user/aioannou/CRAB_PrivateMC/crab_privateMCProduction_Step1_M900/170705_074720/0000/step1_62.root&userfiles=/store/user/aioannou/CRAB_PrivateMC/crab_privateMCProduction_Step1_M900/170705_074720/0000/step1_31.root&userfiles=/store/user/aioannou/CRAB_PrivateMC/crab_privateMCProduction_Step1_M900/170705_074720/0000/step1_79.root&userfiles=/store/user/aioannou/CRAB_PrivateMC/crab_privateMCProduction_Step1_M900/170705_074720/0000/step1_64.root&userfiles=/store/user/aioannou/CRAB_PrivateMC/crab_privateMCProduction_Step1_M900/170705_074720/0000/step1_75.root&userfiles=/store/user/aioannou/CRAB_PrivateMC/crab_privateMCProduction_Step1_M900/170705_074720/0000/step1_39.root&userfiles=/store/user/aioannou/CRAB_PrivateMC/crab_privateMCProduction_Step1_M900/170705_074720/0000/step1_8.root&userfiles=/store/user/aioannou/CRAB_PrivateMC/crab_privateMCProduction_Step1_M900/170705_074720/0000/step1_80.root&userfiles=/store/user/aioannou/CRAB_PrivateMC/crab_privateMCProduction_Step1_M900/170705_074720/0000/step1_70.root&userfiles=/store/user/aioannou/CRAB_PrivateMC/crab_privateMCProduction_Step1_M900/170705_074720/0000/step1_34.root&userfiles=/store/user/aioannou/CRAB_PrivateMC/crab_privateMCProduction_Step1_M900/170705_074720/0000/step1_48.root&userfiles=/store/user/aioannou/CRAB_PrivateMC/crab_privateMCProduction_Step1_M900/170705_074720/0000/step1_38.root&userfiles=/store/user/aioannou/CRAB_PrivateMC/crab_privateMCProduction_Step1_M900/170705_074720/0000/step1_32.root&userfiles=/store/user/aioannou/CRAB_PrivateMC/crab_privateMCProduction_Step1_M900/170705_074720/0000/step1_14.root&userfiles=/store/user/aioannou/CRAB_PrivateMC/crab_privateMCProduction_Step1_M900/170705_074720/0000/step1_2.root&userfiles=/store/user/aioannou/CRAB_PrivateMC/crab_privateMCProduction_Step1_M900/170705_074720/0000/step1_30.root&userfiles=/store/user/aioannou/CRAB_PrivateMC/crab_privateMCProduction_Step1_M900/170705_074720/0000/step1_36.root&userfiles=/store/user/aioannou/CRAB_PrivateMC/crab_privateMCProduction_Step1_M900/170705_074720/0000/step1_53.root&userfiles=/store/user/aioannou/CRAB_PrivateMC/crab_privateMCProduction_Step1_M900/170705_074720/0000/step1_47.root&userfiles=/store/user/aioannou/CRAB_PrivateMC/crab_privateMCProduction_Step1_M900/170705_074720/0000/step1_76.root&userfiles=/store/user/aioannou/CRAB_PrivateMC/crab_privateMCProduction_Step1_M900/170705_074720/0000/step1_19.root&userfiles=/store/user/aioannou/CRAB_PrivateMC/crab_privateMCProduction_Step1_M900/170705_074720/0000/step1_83.root&userfiles=/store/user/aioannou/CRAB_PrivateMC/crab_privateMCProduction_Step1_M900/170705_074720/0000/step1_7.root&userfiles=/store/user/aioannou/CRAB_PrivateMC/crab_privateMCProduction_Step1_M900/170705_074720/0000/step1_52.root&userfiles=/store/user/aioannou/CRAB_PrivateMC/crab_privateMCProduction_Step1_M900/170705_074720/0000/step1_1.root&userfiles=/store/user/aioannou/CRAB_PrivateMC/crab_privateMCProduction_Step1_M900/170705_074720/0000/step1_61.root&userfiles=/store/user/aioannou/CRAB_PrivateMC/crab_privateMCProduction_Step1_M900/170705_074720/0000/step1_37.root&userfiles=/store/user/aioannou/CRAB_PrivateMC/crab_privateMCProduction_Step1_M900/170705_074720/0000/step1_57.root&userfiles=/store/user/aioannou/CRAB_PrivateMC/crab_privateMCProduction_Step1_M900/170705_074720/0000/step1_44.root&userfiles=/store/user/aioannou/CRAB_PrivateMC/crab_privateMCProduction_Step1_M900/170705_074720/0000/step1_6.root&userfiles=/store/user/aioannou/CRAB_PrivateMC/crab_privateMCProduction_Step1_M900/170705_074720/0000/step1_43.root&userfiles=/store/user/aioannou/CRAB_PrivateMC/crab_privateMCProduction_Step1_M900/170705_074720/0000/step1_25.root&userfiles=/store/user/aioannou/CRAB_PrivateMC/crab_privateMCProduction_Step1_M900/170705_074720/0000/step1_22.root
DEBUG 2017-07-06 09:50:16,963: 	 Result: {u'result': [{u'RequestName': u'170706_075016:aioannou_crab_privateMCProduction_Step2_M900'}]}
INFO 2017-07-06 09:50:16,969: 	 Success: Your task has been delivered to the CRAB3 server.
INFO 2017-07-06 09:50:16,969: 	 Task name: 170706_075016:aioannou_crab_privateMCProduction_Step2_M900
INFO 2017-07-06 09:50:16,969: 	 Please use 'crab status' to check how the submission process proceeds.
DEBUG 2017-07-06 09:50:16,970: 	 About to return
INFO 2017-07-06 09:50:16,974: 	 Log file is /afs/cern.ch/work/a/aioannou/MonteCarlo_Production/CMSSW_8_0_21/src/AToZhToNuNuBB/All/crab_privateMCProduction/crab_privateMCProduction_Step2_M900/crab.log
DEBUG 2017-07-06 21:08:01,331: 	 Executing command: 'status'
DEBUG 2017-07-06 21:08:01,336: 	 Found CRAB cache file /afs/cern.ch/user/a/aioannou/.crab3
DEBUG 2017-07-06 21:08:01,402: 	 Checking credentials
DEBUG 2017-07-06 21:08:01,403: 	 Found proxy file /tmp/x509up_u30131
DEBUG 2017-07-06 21:08:01,403: 	 Getting proxy life time left
DEBUG 2017-07-06 21:08:02,223: 	 Executing : 
 command : voms-proxy-info -file /tmp/x509up_u30131 -timeleft
 output : 85355

 error: 
 retcode : 0
DEBUG 2017-07-06 21:08:02,937: 	 Executing : 
 command : voms-proxy-info -file /tmp/x509up_u30131 -actimeleft
 output : 85355

 error: 
 retcode : 0
DEBUG 2017-07-06 21:08:02,938: 	 Proxy valid for 23:42:35 hours
DEBUG 2017-07-06 21:08:03,195: 	 Executing : 
 command : openssl x509 -in ~/.globus/usercert.pem -subject -noout
 output : subject= /DC=ch/DC=cern/OU=Organic Units/OU=Users/CN=aioannou/CN=732460/CN=Aimilios Ioannou

 error: 
 retcode : 0
DEBUG 2017-07-06 21:08:03,195: 	 Checking credentials
DEBUG 2017-07-06 21:08:03,195: 	 Found proxy file /tmp/x509up_u30131
DEBUG 2017-07-06 21:08:03,195: 	 Getting proxy life time left
DEBUG 2017-07-06 21:08:03,801: 	 Executing : 
 command : voms-proxy-info -file /tmp/x509up_u30131 -timeleft
 output : 85354

 error: 
 retcode : 0
DEBUG 2017-07-06 21:08:04,517: 	 Executing : 
 command : voms-proxy-info -file /tmp/x509up_u30131 -actimeleft
 output : 85353

 error: 
 retcode : 0
DEBUG 2017-07-06 21:08:04,517: 	 Proxy valid for 23:42:34 hours
DEBUG 2017-07-06 21:08:04,906: 	 Registering user credentials for server /DC=ch/DC=cern/OU=computers/CN=vocms(045|052|021|031|0118|0118a|0119|0108|0105|0109).cern.ch
DEBUG 2017-07-06 21:08:05,015: 	 Executing : 
 command : openssl x509 -in ~/.globus/usercert.pem -subject -noout
 output : subject= /DC=ch/DC=cern/OU=Organic Units/OU=Users/CN=aioannou/CN=732460/CN=Aimilios Ioannou

 error: 
 retcode : 0
DEBUG 2017-07-06 21:08:05,015: 	 Getting myproxy life time left for myproxy.cern.ch
DEBUG 2017-07-06 21:08:05,015: 	 Calculating hash of /DC=ch/DC=cern/OU=Organic Units/OU=Users/CN=aioannou/CN=732460/CN=Aimilios Ioannou_cmsweb.cern.ch for credential name
DEBUG 2017-07-06 21:08:05,319: 	 Executing : 
 command : myproxy-info -l a8f12d04b7c64407fde44f3d1d5bb65c0a0c8ca0 -s myproxy.cern.ch
 output : username: a8f12d04b7c64407fde44f3d1d5bb65c0a0c8ca0
owner: /DC=ch/DC=cern/OU=Organic Units/OU=Users/CN=aioannou/CN=732460/CN=Aimilios Ioannou
  renewal policy: /DC=ch/DC=cern/OU=computers/CN=vocms(045|052|021|031|0118|0118a|0119|0108|0105|0109).cern.ch
  trusted retrieval policy: /DC=ch/DC=cern/OU=computers/CN=vocms(045|052|021|031|0118|0118a|0119|0108|0105|0109).cern.ch
  timeleft: 370:46:54  (15.4 days)

 error: 
 retcode : 0
DEBUG 2017-07-06 21:08:05,320: 	 Myproxy is valid: 1334814
DEBUG 2017-07-06 21:08:05,321: 	 Command use: status
DEBUG 2017-07-06 21:08:05,321: 	 Options use: ['-d', 'crab_privateMCProduction_Step2_M900/']
DEBUG 2017-07-06 21:08:05,673: 	 CRABClient version: 3.3.1706
DEBUG 2017-07-06 21:08:05,673: 	 Instance is prod
DEBUG 2017-07-06 21:08:05,673: 	 Server base url is cmsweb.cern.ch
DEBUG 2017-07-06 21:08:05,673: 	 Command url /crabserver/prod/workflow
DEBUG 2017-07-06 21:08:06,149: 	 Got information from server oracle database: {u'result': [u'170706_075016:aioannou_crab_privateMCProduction_Step2_M900', u'None', u'SUBMITTED', u'2017-07-06 07:50:16.934670', u'None', u'2017-07-06 07:51:29.218462', u'None', u'CMSSW_8_0_21', u'slc6_amd64_gcc530', u'None', u'[]', u'[]', u'FileBased', u"{'splitOnRun': False, 'halt_job_on_file_boundaries': False, 'files_per_job': 1, 'runs': [], 'lumis': []}", u'-1', u'fe2978877b033aab4e870da3249d18a84281932c530828791db4605066216354.tar.gz', u'https://cmsweb.cern.ch/crabcache', u'aioannou', u'/DC=ch/DC=cern/OU=Organic Units/OU=Users/CN=aioannou/CN=732460/CN=Aimilios Ioannou', u'cms', u'None', u'None', u'crab_privateMCProduction_Step2_M900-00000000000000000000000000000000', u'T2_CH_CERN', u'https://cmsweb.cern.ch/dbs/prod/global/DBSReader', u'https://cmsweb.cern.ch/dbs/prod/phys03/DBSWriter', u'F', u'Analysis', u'{}', u'[]', u'T', u'vocms052', u'[]', u'1250', u'4', u'2000', u'10', u"['/CRAB_UserFiles/aioannou-crab_privateMCProduction_Step2_M900-16ca0fac1b892ff3c3d45d801745cbbf/USER']", u'http://vocms0107.cern.ch/mon/cms364/170706_075016:aioannou_crab_privateMCProduction_Step2_M900', u'None', u'None', u'[]', u'[]', u'[]', u'pythia', u'[]', u'[]', u"['step2.root']", u'https://cmsweb.cern.ch/crabserver/prod', u'None', u'0', u'cmsgwms-collector-global.cern.ch:9620,cmssrv221.fnal.gov:9620', u'crab3@vocms0107.cern.ch', u'F', u"['/store/user/aioannou/CRAB_PrivateMC/crab_privateMCProduction_Step1_M900/170705_074720/0000/step1_55.root', '/store/user/aioannou/CRAB_PrivateMC/crab_privateMCProduction_Step1_M900/170705_074720/0000/step1_40.root', '/store/user/aioannou/CRAB_PrivateMC/crab_privateMCProduction_Step1_M900/170705_074720/0000/step1_60.root', '/store/user/aioannou/CRAB_PrivateMC/crab_privateMCProduction_Step1_M900/170705_074720/0000/step1_13.root', '/store/user/aioannou/CRAB_PrivateMC/crab_privateMCProduction_Step1_M900/170705_074720/0000/step1_56.root', '/store/user/aioannou/CRAB_PrivateMC/crab_privateMCProduction_Step1_M900/170705_074720/0000/step1_71.root', '/store/user/aioannou/CRAB_PrivateMC/crab_privateMCProduction_Step1_M900/170705_074720/0000/step1_49.root', '/store/user/aioannou/CRAB_PrivateMC/crab_privateMCProduction_Step1_M900/170705_074720/0000/step1_51.root', '/store/user/aioannou/CRAB_PrivateMC/crab_privateMCProduction_Step1_M900/170705_074720/0000/step1_63.root', '/store/user/aioannou/CRAB_PrivateMC/crab_privateMCProduction_Step1_M900/170705_074720/0000/step1_21.root', '/store/user/aioannou/CRAB_PrivateMC/crab_privateMCProduction_Step1_M900/170705_074720/0000/step1_17.root', '/store/user/aioannou/CRAB_PrivateMC/crab_privateMCProduction_Step1_M900/170705_074720/0000/step1_74.root', '/store/user/aioannou/CRAB_PrivateMC/crab_privateMCProduction_Step1_M900/170705_074720/0000/step1_66.root', '/store/user/aioannou/CRAB_PrivateMC/crab_privateMCProduction_Step1_M900/170705_074720/0000/step1_4.root', '/store/user/aioannou/CRAB_PrivateMC/crab_privateMCProduction_Step1_M900/170705_074720/0000/step1_10.root', '/store/user/aioannou/CRAB_PrivateMC/crab_privateMCProduction_Step1_M900/170705_074720/0000/step1_77.root', '/store/user/aioannou/CRAB_PrivateMC/crab_privateMCProduction_Step1_M900/170705_074720/0000/step1_67.root', '/store/user/aioannou/CRAB_PrivateMC/crab_privateMCProduction_Step1_M900/170705_074720/0000/step1_82.root', '/store/user/aioannou/CRAB_PrivateMC/crab_privateMCProduction_Step1_M900/170705_074720/0000/step1_68.root', '/store/user/aioannou/CRAB_PrivateMC/crab_privateMCProduction_Step1_M900/170705_074720/0000/step1_35.root', '/store/user/aioannou/CRAB_PrivateMC/crab_privateMCProduction_Step1_M900/170705_074720/0000/step1_72.root', '/store/user/aioannou/CRAB_PrivateMC/crab_privateMCProduction_Step1_M900/170705_074720/0000/step1_81.root', '/store/user/aioannou/CRAB_PrivateMC/crab_privateMCProduction_Step1_M900/170705_074720/0000/step1_11.root', '/store/user/aioannou/CRAB_PrivateMC/crab_privateMCProduction_Step1_M900/170705_074720/0000/step1_29.root', '/store/user/aioannou/CRAB_PrivateMC/crab_privateMCProduction_Step1_M900/170705_074720/0000/step1_26.root', '/store/user/aioannou/CRAB_PrivateMC/crab_privateMCProduction_Step1_M900/170705_074720/0000/step1_9.root', '/store/user/aioannou/CRAB_PrivateMC/crab_privateMCProduction_Step1_M900/170705_074720/0000/step1_46.root', '/store/user/aioannou/CRAB_PrivateMC/crab_privateMCProduction_Step1_M900/170705_074720/0000/step1_69.root', '/store/user/aioannou/CRAB_PrivateMC/crab_privateMCProduction_Step1_M900/170705_074720/0000/step1_45.root', '/store/user/aioannou/CRAB_PrivateMC/crab_privateMCProduction_Step1_M900/170705_074720/0000/step1_41.root', '/store/user/aioannou/CRAB_PrivateMC/crab_privateMCProduction_Step1_M900/170705_074720/0000/step1_27.root', '/store/user/aioannou/CRAB_PrivateMC/crab_privateMCProduction_Step1_M900/170705_074720/0000/step1_15.root', '/store/user/aioannou/CRAB_PrivateMC/crab_privateMCProduction_Step1_M900/170705_074720/0000/step1_58.root', '/store/user/aioannou/CRAB_PrivateMC/crab_privateMCProduction_Step1_M900/170705_074720/0000/step1_73.root', '/store/user/aioannou/CRAB_PrivateMC/crab_privateMCProduction_Step1_M900/170705_074720/0000/step1_65.root', '/store/user/aioannou/CRAB_PrivateMC/crab_privateMCProduction_Step1_M900/170705_074720/0000/step1_28.root', '/store/user/aioannou/CRAB_PrivateMC/crab_privateMCProduction_Step1_M900/170705_074720/0000/step1_16.root', '/store/user/aioannou/CRAB_PrivateMC/crab_privateMCProduction_Step1_M900/170705_074720/0000/step1_50.root', '/store/user/aioannou/CRAB_PrivateMC/crab_privateMCProduction_Step1_M900/170705_074720/0000/step1_3.root', '/store/user/aioannou/CRAB_PrivateMC/crab_privateMCProduction_Step1_M900/170705_074720/0000/step1_20.root', '/store/user/aioannou/CRAB_PrivateMC/crab_privateMCProduction_Step1_M900/170705_074720/0000/step1_18.root', '/store/user/aioannou/CRAB_PrivateMC/crab_privateMCProduction_Step1_M900/170705_074720/0000/step1_84.root', '/store/user/aioannou/CRAB_PrivateMC/crab_privateMCProduction_Step1_M900/170705_074720/0000/step1_59.root', '/store/user/aioannou/CRAB_PrivateMC/crab_privateMCProduction_Step1_M900/170705_074720/0000/step1_23.root', '/store/user/aioannou/CRAB_PrivateMC/crab_privateMCProduction_Step1_M900/170705_074720/0000/step1_5.root', '/store/user/aioannou/CRAB_PrivateMC/crab_privateMCProduction_Step1_M900/170705_074720/0000/step1_54.root', '/store/user/aioannou/CRAB_PrivateMC/crab_privateMCProduction_Step1_M900/170705_074720/0000/step1_24.root', '/store/user/aioannou/CRAB_PrivateMC/crab_privateMCProduction_Step1_M900/170705_074720/0000/step1_42.root', '/store/user/aioannou/CRAB_PrivateMC/crab_privateMCProduction_Step1_M900/170705_074720/0000/step1_12.root', '/store/user/aioannou/CRAB_PrivateMC/crab_privateMCProduction_Step1_M900/170705_074720/0000/step1_78.root', '/store/user/aioannou/CRAB_PrivateMC/crab_privateMCProduction_Step1_M900/170705_074720/0000/step1_33.root', '/store/user/aioannou/CRAB_PrivateMC/crab_privateMCProduction_Step1_M900/170705_074720/0000/step1_62.root', '/store/user/aioannou/CRAB_PrivateMC/crab_privateMCProduction_Step1_M900/170705_074720/0000/step1_31.root', '/store/user/aioannou/CRAB_PrivateMC/crab_privateMCProduction_Step1_M900/170705_074720/0000/step1_79.root', '/store/user/aioannou/CRAB_PrivateMC/crab_privateMCProduction_Step1_M900/170705_074720/0000/step1_64.root', '/store/user/aioannou/CRAB_PrivateMC/crab_privateMCProduction_Step1_M900/170705_074720/0000/step1_75.root', '/store/user/aioannou/CRAB_PrivateMC/crab_privateMCProduction_Step1_M900/170705_074720/0000/step1_39.root', '/store/user/aioannou/CRAB_PrivateMC/crab_privateMCProduction_Step1_M900/170705_074720/0000/step1_8.root', '/store/user/aioannou/CRAB_PrivateMC/crab_privateMCProduction_Step1_M900/170705_074720/0000/step1_80.root', '/store/user/aioannou/CRAB_PrivateMC/crab_privateMCProduction_Step1_M900/170705_074720/0000/step1_70.root', '/store/user/aioannou/CRAB_PrivateMC/crab_privateMCProduction_Step1_M900/170705_074720/0000/step1_34.root', '/store/user/aioannou/CRAB_PrivateMC/crab_privateMCProduction_Step1_M900/170705_074720/0000/step1_48.root', '/store/user/aioannou/CRAB_PrivateMC/crab_privateMCProduction_Step1_M900/170705_074720/0000/step1_38.root', '/store/user/aioannou/CRAB_PrivateMC/crab_privateMCProduction_Step1_M900/170705_074720/0000/step1_32.root', '/store/user/aioannou/CRAB_PrivateMC/crab_privateMCProduction_Step1_M900/170705_074720/0000/step1_14.root', '/store/user/aioannou/CRAB_PrivateMC/crab_privateMCProduction_Step1_M900/170705_074720/0000/step1_2.root', '/store/user/aioannou/CRAB_PrivateMC/crab_privateMCProduction_Step1_M900/170705_074720/0000/step1_30.root', '/store/user/aioannou/CRAB_PrivateMC/crab_privateMCProduction_Step1_M900/170705_074720/0000/step1_36.root', '/store/user/aioannou/CRAB_PrivateMC/crab_privateMCProduction_Step1_M900/170705_074720/0000/step1_53.root', '/store/user/aioannou/CRAB_PrivateMC/crab_privateMCProduction_Step1_M900/170705_074720/0000/step1_47.root', '/store/user/aioannou/CRAB_PrivateMC/crab_privateMCProduction_Step1_M900/170705_074720/0000/step1_76.root', '/store/user/aioannou/CRAB_PrivateMC/crab_privateMCProduction_Step1_M900/170705_074720/0000/step1_19.root', '/store/user/aioannou/CRAB_PrivateMC/crab_privateMCProduction_Step1_M900/170705_074720/0000/step1_83.root', '/store/user/aioannou/CRAB_PrivateMC/crab_privateMCProduction_Step1_M900/170705_074720/0000/step1_7.root', '/store/user/aioannou/CRAB_PrivateMC/crab_privateMCProduction_Step1_M900/170705_074720/0000/step1_52.root', '/store/user/aioannou/CRAB_PrivateMC/crab_privateMCProduction_Step1_M900/170705_074720/0000/step1_1.root', '/store/user/aioannou/CRAB_PrivateMC/crab_privateMCProduction_Step1_M900/170705_074720/0000/step1_61.root', '/store/user/aioannou/CRAB_PrivateMC/crab_privateMCProduction_Step1_M900/170705_074720/0000/step1_37.root', '/store/user/aioannou/CRAB_PrivateMC/crab_privateMCProduction_Step1_M900/170705_074720/0000/step1_57.root', '/store/user/aioannou/CRAB_PrivateMC/crab_privateMCProduction_Step1_M900/170705_074720/0000/step1_44.root', '/store/user/aioannou/CRAB_PrivateMC/crab_privateMCProduction_Step1_M900/170705_074720/0000/step1_6.root', '/store/user/aioannou/CRAB_PrivateMC/crab_privateMCProduction_Step1_M900/170705_074720/0000/step1_43.root', '/store/user/aioannou/CRAB_PrivateMC/crab_privateMCProduction_Step1_M900/170705_074720/0000/step1_25.root', '/store/user/aioannou/CRAB_PrivateMC/crab_privateMCProduction_Step1_M900/170705_074720/0000/step1_22.root']", u'T', u'/store/user/aioannou/', u'F', u'None', u'F', u'F', u'F', u'None', u'CRAB_UserFiles', u'filetransfers', u'SUBMIT', u'10346235', u'653c6e3464113923dd56506499b150f63dca2631efe6bec7d5cf20411ac631f9.tar.gz', u'188.184.93.20', u'F', u'None'], u'desc': {u'columns': [u'tm_taskname', u'panda_jobset_id', u'tm_task_status', u'tm_start_time', u'tm_start_injection', u'tm_end_injection', u'tm_task_failure', u'tm_job_sw', u'tm_job_arch', u'tm_input_dataset', u'tm_site_whitelist', u'tm_site_blacklist', u'tm_split_algo', u'tm_split_args', u'tm_totalunits', u'tm_user_sandbox', u'tm_cache_url', u'tm_username', u'tm_user_dn', u'tm_user_vo', u'tm_user_role', u'tm_user_group', u'tm_publish_name', u'tm_asyncdest', u'tm_dbs_url', u'tm_publish_dbs_url', u'tm_publication', u'tm_job_type', u'tm_arguments', u'panda_resubmitted_jobs', u'tm_save_logs', u'tw_name', u'tm_user_infiles', u'tm_maxjobruntime', u'tm_numcores', u'tm_maxmemory', u'tm_priority', u'tm_output_dataset', u'tm_user_webdir', u'tm_activity', u'tm_scriptexe', u'tm_scriptargs', u'tm_extrajdl', u'tm_task_warnings', u'tm_generator', u'tm_outfiles', u'tm_tfile_outfiles', u'tm_edm_outfiles', u'tm_asourl', u'tm_events_per_lumi', u'tm_use_parent', u'tm_collector', u'tm_schedd', u'tm_dry_run', u'tm_user_files', u'tm_transfer_outputs', u'tm_output_lfn', u'tm_ignore_locality', u'tm_fail_limit', u'tm_one_event_mode', u'tm_publish_groupname', u'tm_nonvalid_input_dataset', u'tm_secondary_input_dataset', u'tm_primary_dataset', u'tm_asodb', u'tm_task_command', u'clusterid', u'tm_debug_files', u'tm_submitter_ip_addr', u'tm_ignore_global_blacklist', u'tm_last_publication']}}
INFO 2017-07-06 21:08:06,150: 	 CRAB project directory:		/afs/cern.ch/work/a/aioannou/MonteCarlo_Production/CMSSW_8_0_21/src/AToZhToNuNuBB/All/crab_privateMCProduction/crab_privateMCProduction_Step2_M900
INFO 2017-07-06 21:08:06,150: 	 Task name:			170706_075016:aioannou_crab_privateMCProduction_Step2_M900
INFO 2017-07-06 21:08:06,150: 	 Grid scheduler:			crab3@vocms0107.cern.ch
INFO 2017-07-06 21:08:06,150: 	 Status on the CRAB server:	SUBMITTED
INFO 2017-07-06 21:08:06,150: 	 Task URL to use for HELP:	https://cmsweb.cern.ch/crabserver/ui/task/170706_075016%3Aaioannou_crab_privateMCProduction_Step2_M900
INFO 2017-07-06 21:08:06,150: 	 Dashboard monitoring URL:	http://dashb-cms-job.cern.ch/dashboard/templates/task-analysis/#user=aioannou&refresh=0&table=Jobs&p=1&records=25&activemenu=2&status=&site=&tid=170706_075016%3Aaioannou_crab_privateMCProduction_Step2_M900
DEBUG 2017-07-06 21:08:06,151: 	 The CRAB server submitted your task to the Grid scheduler (cluster ID: 10346235)
DEBUG 2017-07-06 21:08:06,151: 	 Webdir is located at http://vocms0107.cern.ch/mon/cms364/170706_075016:aioannou_crab_privateMCProduction_Step2_M900
DEBUG 2017-07-06 21:08:06,534: 	 Proxied webdir is located at https://cmsweb.cern.ch/scheddmon/0107/cms364/170706_075016:aioannou_crab_privateMCProduction_Step2_M900
DEBUG 2017-07-06 21:08:06,534: 	 Retrieving 'status_cache' file from https://cmsweb.cern.ch/scheddmon/0107/cms364/170706_075016:aioannou_crab_privateMCProduction_Step2_M900/status_cache
DEBUG 2017-07-06 21:08:06,852: 	 Got information from status cache file: {'56': {'Retries': 0, 'WallDurations': [9.0, 2058.0], 'StartTimes': [1499327612.0], 'SubmitTimes': [1499327497.0], 'JobIds': ['10346293.0'], 'EndTimes': [1499329670.0], 'Restarts': 0, 'RecordedSite': True, 'State': 'finished', 'ResidentSetSize': [1818344], 'TotalUserCpuTimeHistory': [1136], 'SiteHistory': ['Unknown', 'T2_US_MIT'], 'TotalSysCpuTimeHistory': [26]}, '54': {'Retries': 0, 'WallDurations': [9.0, 5094.0], 'StartTimes': [1499327615.0], 'SubmitTimes': [1499327497.0], 'JobIds': ['10346291.0'], 'EndTimes': [1499332709.0], 'Restarts': 0, 'RecordedSite': True, 'State': 'finished', 'ResidentSetSize': [1773120], 'TotalUserCpuTimeHistory': [4039], 'SiteHistory': ['Unknown', 'T2_US_MIT'], 'TotalSysCpuTimeHistory': [52]}, '42': {'Retries': 0, 'WallDurations': [10.0, 2347.0], 'StartTimes': [1499327612.0], 'SubmitTimes': [1499327489.0], 'JobIds': ['10346278.0'], 'EndTimes': [1499329959.0], 'Restarts': 0, 'RecordedSite': True, 'State': 'finished', 'ResidentSetSize': [1825416], 'TotalUserCpuTimeHistory': [1416], 'SiteHistory': ['Unknown', 'T2_US_MIT'], 'TotalSysCpuTimeHistory': [26]}, '48': {'Retries': 0, 'WallDurations': [9.0, 2389.0], 'StartTimes': [1499327612.0], 'SubmitTimes': [1499327496.0], 'JobIds': ['10346284.0'], 'EndTimes': [1499330001.0], 'Restarts': 0, 'RecordedSite': True, 'State': 'finished', 'ResidentSetSize': [1772648], 'TotalUserCpuTimeHistory': [1004], 'SiteHistory': ['Unknown', 'T2_US_MIT'], 'TotalSysCpuTimeHistory': [16]}, '43': {'Retries': 0, 'WallDurations': [9.0, 2153.0], 'StartTimes': [1499327612.0], 'SubmitTimes': [1499327496.0], 'JobIds': ['10346283.0'], 'EndTimes': [1499329765.0], 'Restarts': 0, 'RecordedSite': True, 'State': 'finished', 'ResidentSetSize': [1796692], 'TotalUserCpuTimeHistory': [1090], 'SiteHistory': ['Unknown', 'T2_US_MIT'], 'TotalSysCpuTimeHistory': [27]}, '60': {'Retries': 0, 'WallDurations': [9.0, 1979.0], 'StartTimes': [1499327612.0], 'SubmitTimes': [1499327497.0], 'JobIds': ['10346290.0'], 'EndTimes': [1499329591.0], 'Restarts': 0, 'RecordedSite': True, 'State': 'finished', 'ResidentSetSize': [1712840], 'TotalUserCpuTimeHistory': [1122], 'SiteHistory': ['Unknown', 'T2_US_MIT'], 'TotalSysCpuTimeHistory': [17]}, '61': {'Retries': 0, 'WallDurations': [9.0, 2865.0], 'StartTimes': [1499327615.0], 'SubmitTimes': [1499327498.0], 'JobIds': ['10346297.0'], 'EndTimes': [1499330480.0], 'Restarts': 0, 'RecordedSite': True, 'State': 'finished', 'ResidentSetSize': [1856024], 'TotalUserCpuTimeHistory': [1833], 'SiteHistory': ['Unknown', 'T2_US_MIT'], 'TotalSysCpuTimeHistory': [19]}, '62': {'Retries': 0, 'WallDurations': [9.0, 3299.0], 'StartTimes': [1499327618.0], 'SubmitTimes': [1499327498.0], 'JobIds': ['10346298.0'], 'EndTimes': [1499330917.0], 'Restarts': 0, 'RecordedSite': True, 'State': 'finished', 'ResidentSetSize': [1761132], 'TotalUserCpuTimeHistory': [2078], 'SiteHistory': ['Unknown', 'T2_US_MIT'], 'TotalSysCpuTimeHistory': [25]}, '63': {'Retries': 0, 'WallDurations': [9.0, 4520.0], 'StartTimes': [1499327615.0], 'SubmitTimes': [1499327498.0], 'JobIds': ['10346299.0'], 'EndTimes': [1499332135.0], 'Restarts': 0, 'RecordedSite': True, 'State': 'finished', 'ResidentSetSize': [1902732], 'TotalUserCpuTimeHistory': [3478], 'SiteHistory': ['Unknown', 'T2_US_MIT'], 'TotalSysCpuTimeHistory': [50]}, '64': {'Retries': 0, 'WallDurations': [9.0, 2023.0], 'StartTimes': [1499327612.0], 'SubmitTimes': [1499327498.0], 'JobIds': ['10346300.0'], 'EndTimes': [1499329635.0], 'Restarts': 0, 'RecordedSite': True, 'State': 'finished', 'ResidentSetSize': [1807444], 'TotalUserCpuTimeHistory': [1186], 'SiteHistory': ['Unknown', 'T2_US_MIT'], 'TotalSysCpuTimeHistory': [18]}, '65': {'Retries': 0, 'WallDurations': [9.0, 2207.0], 'StartTimes': [1499327618.0], 'SubmitTimes': [1499327498.0], 'JobIds': ['10346301.0'], 'EndTimes': [1499329825.0], 'Restarts': 0, 'RecordedSite': True, 'State': 'finished', 'ResidentSetSize': [1823604], 'TotalUserCpuTimeHistory': [1217], 'SiteHistory': ['Unknown', 'T2_US_MIT'], 'TotalSysCpuTimeHistory': [28]}, '66': {'Retries': 0, 'WallDurations': [9.0, 2386.0], 'StartTimes': [1499327619.0], 'SubmitTimes': [1499327499.0], 'JobIds': ['10346304.0'], 'EndTimes': [1499330005.0], 'Restarts': 0, 'RecordedSite': True, 'State': 'finished', 'ResidentSetSize': [1834744], 'TotalUserCpuTimeHistory': [1150], 'SiteHistory': ['Unknown', 'T2_US_MIT'], 'TotalSysCpuTimeHistory': [42]}, '67': {'Retries': 0, 'WallDurations': [10.0, 3641.0], 'StartTimes': [1499327617.0], 'SubmitTimes': [1499327498.0], 'JobIds': ['10346302.0'], 'EndTimes': [1499331258.0], 'Restarts': 0, 'RecordedSite': True, 'State': 'finished', 'ResidentSetSize': [1874208], 'TotalUserCpuTimeHistory': [2581], 'SiteHistory': ['Unknown', 'T2_US_MIT'], 'TotalSysCpuTimeHistory': [35]}, '68': {'Retries': 0, 'WallDurations': [9.0, 4316.0], 'StartTimes': [1499327617.0], 'SubmitTimes': [1499327499.0], 'JobIds': ['10346303.0'], 'EndTimes': [1499331933.0], 'Restarts': 0, 'RecordedSite': True, 'State': 'finished', 'ResidentSetSize': [1874192], 'TotalUserCpuTimeHistory': [2766], 'SiteHistory': ['Unknown', 'T2_US_MIT'], 'TotalSysCpuTimeHistory': [38]}, '69': {'Retries': 0, 'WallDurations': [10.0, 2930.0], 'StartTimes': [1499327677.0], 'SubmitTimes': [1499327499.0], 'JobIds': ['10346307.0'], 'EndTimes': [1499330607.0], 'Restarts': 0, 'RecordedSite': True, 'State': 'finished', 'ResidentSetSize': [1772752], 'TotalUserCpuTimeHistory': [1703], 'SiteHistory': ['Unknown', 'T2_US_MIT'], 'TotalSysCpuTimeHistory': [27]}, '80': {'Retries': 0, 'WallDurations': [9.0, 3398.0], 'StartTimes': [1499327624.0], 'SubmitTimes': [1499327507.0], 'JobIds': ['10346317.0'], 'EndTimes': [1499331022.0], 'Restarts': 0, 'RecordedSite': True, 'State': 'finished', 'ResidentSetSize': [1812580], 'TotalUserCpuTimeHistory': [2339], 'SiteHistory': ['Unknown', 'T2_US_MIT'], 'TotalSysCpuTimeHistory': [35]}, '81': {'Retries': 0, 'WallDurations': [9.0, 3387.0], 'StartTimes': [1499327649.0], 'SubmitTimes': [1499327507.0], 'JobIds': ['10346314.0'], 'EndTimes': [1499331036.0], 'Restarts': 0, 'RecordedSite': True, 'State': 'finished', 'ResidentSetSize': [1808488], 'TotalUserCpuTimeHistory': [2242], 'SiteHistory': ['Unknown', 'T2_US_MIT'], 'TotalSysCpuTimeHistory': [25]}, '53': {'Retries': 0, 'WallDurations': [9.0, 2137.0], 'StartTimes': [1499327615.0], 'SubmitTimes': [1499327497.0], 'JobIds': ['10346289.0'], 'EndTimes': [1499329752.0], 'Restarts': 0, 'RecordedSite': True, 'State': 'finished', 'ResidentSetSize': [1774584], 'TotalUserCpuTimeHistory': [1063], 'SiteHistory': ['Unknown', 'T2_US_MIT'], 'TotalSysCpuTimeHistory': [23]}, '84': {'Retries': 0, 'WallDurations': [9.0, 3378.0], 'StartTimes': [1499327623.0], 'SubmitTimes': [1499327508.0], 'JobIds': ['10346320.0'], 'EndTimes': [1499331001.0], 'Restarts': 0, 'RecordedSite': True, 'State': 'finished', 'ResidentSetSize': [1839084], 'TotalUserCpuTimeHistory': [2276], 'SiteHistory': ['Unknown', 'T2_US_MIT'], 'TotalSysCpuTimeHistory': [30]}, '24': {'Retries': 0, 'WallDurations': [9.0, 2116.0], 'StartTimes': [1499327603.0], 'SubmitTimes': [1499327488.0], 'JobIds': ['10346261.0'], 'EndTimes': [1499329719.0], 'Restarts': 0, 'RecordedSite': True, 'State': 'finished', 'ResidentSetSize': [1773104], 'TotalUserCpuTimeHistory': [1131], 'SiteHistory': ['Unknown', 'T2_US_MIT'], 'TotalSysCpuTimeHistory': [29]}, '25': {'Retries': 0, 'WallDurations': [9.0, 2197.0], 'StartTimes': [1499327603.0], 'SubmitTimes': [1499327487.0], 'JobIds': ['10346258.0'], 'EndTimes': [1499329800.0], 'Restarts': 0, 'RecordedSite': True, 'State': 'finished', 'ResidentSetSize': [1821308], 'TotalUserCpuTimeHistory': [1249], 'SiteHistory': ['Unknown', 'T2_US_MIT'], 'TotalSysCpuTimeHistory': [29]}, '26': {'Retries': 0, 'WallDurations': [9.0, 2766.0], 'StartTimes': [1499327608.0], 'SubmitTimes': [1499327488.0], 'JobIds': ['10346264.0'], 'EndTimes': [1499330374.0], 'Restarts': 0, 'RecordedSite': True, 'State': 'finished', 'ResidentSetSize': [1826724], 'TotalUserCpuTimeHistory': [1719], 'SiteHistory': ['Unknown', 'T2_US_MIT'], 'TotalSysCpuTimeHistory': [18]}, '27': {'Retries': 0, 'WallDurations': [9.0, 2329.0], 'StartTimes': [1499327602.0], 'SubmitTimes': [1499327487.0], 'JobIds': ['10346259.0'], 'EndTimes': [1499329931.0], 'Restarts': 0, 'RecordedSite': True, 'State': 'finished', 'ResidentSetSize': [1738496], 'TotalUserCpuTimeHistory': [1145], 'SiteHistory': ['Unknown', 'T2_US_MIT'], 'TotalSysCpuTimeHistory': [21]}, '20': {'Retries': 0, 'WallDurations': [9.0, 2423.0], 'StartTimes': [1499327602.0], 'SubmitTimes': [1499327487.0], 'JobIds': ['10346253.0'], 'EndTimes': [1499330025.0], 'Restarts': 0, 'RecordedSite': True, 'State': 'finished', 'ResidentSetSize': [1800892], 'TotalUserCpuTimeHistory': [1206], 'SiteHistory': ['Unknown', 'T2_US_MIT'], 'TotalSysCpuTimeHistory': [20]}, '21': {'Retries': 0, 'WallDurations': [9.0, 2263.0], 'StartTimes': [1499327619.0], 'SubmitTimes': [1499327508.0], 'JobIds': ['10346321.0'], 'EndTimes': [1499329882.0], 'Restarts': 0, 'RecordedSite': True, 'State': 'finished', 'ResidentSetSize': [1751816], 'TotalUserCpuTimeHistory': [1120], 'SiteHistory': ['Unknown', 'T2_US_MIT'], 'TotalSysCpuTimeHistory': [18]}, '22': {'Retries': 0, 'WallDurations': [9.0, 3261.0], 'StartTimes': [1499327603.0], 'SubmitTimes': [1499327487.0], 'JobIds': ['10346257.0'], 'EndTimes': [1499330864.0], 'Restarts': 0, 'RecordedSite': True, 'State': 'finished', 'ResidentSetSize': [1804932], 'TotalUserCpuTimeHistory': [2119], 'SiteHistory': ['Unknown', 'T2_US_MIT'], 'TotalSysCpuTimeHistory': [25]}, '49': {'Retries': 0, 'WallDurations': [9.0, 2182.0], 'StartTimes': [1499327615.0], 'SubmitTimes': [1499327496.0], 'JobIds': ['10346285.0'], 'EndTimes': [1499329797.0], 'Restarts': 0, 'RecordedSite': True, 'State': 'finished', 'ResidentSetSize': [1842128], 'TotalUserCpuTimeHistory': [1229], 'SiteHistory': ['Unknown', 'T2_US_MIT'], 'TotalSysCpuTimeHistory': [20]}, '46': {'Retries': 0, 'WallDurations': [9.0, 2285.0], 'StartTimes': [1499327612.0], 'SubmitTimes': [1499327490.0], 'JobIds': ['10346281.0'], 'EndTimes': [1499329897.0], 'Restarts': 0, 'RecordedSite': True, 'State': 'finished', 'ResidentSetSize': [1757348], 'TotalUserCpuTimeHistory': [1259], 'SiteHistory': ['Unknown', 'T2_US_MIT'], 'TotalSysCpuTimeHistory': [32]}, '23': {'Retries': 0, 'WallDurations': [9.0, 2066.0], 'StartTimes': [1499327603.0], 'SubmitTimes': [1499327487.0], 'JobIds': ['10346260.0'], 'EndTimes': [1499329669.0], 'Restarts': 0, 'RecordedSite': True, 'State': 'finished', 'ResidentSetSize': [1733356], 'TotalUserCpuTimeHistory': [1042], 'SiteHistory': ['Unknown', 'T2_US_MIT'], 'TotalSysCpuTimeHistory': [18]}, '44': {'Retries': 0, 'WallDurations': [9.0, 1978.0], 'StartTimes': [1499327615.0], 'SubmitTimes': [1499327490.0], 'JobIds': ['10346279.0'], 'EndTimes': [1499329593.0], 'Restarts': 0, 'RecordedSite': True, 'State': 'finished', 'ResidentSetSize': [1765028], 'TotalUserCpuTimeHistory': [1125], 'SiteHistory': ['Unknown', 'T2_US_MIT'], 'TotalSysCpuTimeHistory': [26]}, '45': {'Retries': 0, 'WallDurations': [9.0, 3618.0], 'StartTimes': [1499327617.0], 'SubmitTimes': [1499327490.0], 'JobIds': ['10346280.0'], 'EndTimes': [1499331235.0], 'Restarts': 0, 'RecordedSite': True, 'State': 'finished', 'ResidentSetSize': [1826336], 'TotalUserCpuTimeHistory': [2548], 'SiteHistory': ['Unknown', 'T2_US_MIT'], 'TotalSysCpuTimeHistory': [32]}, '28': {'Retries': 0, 'WallDurations': [9.0, 3414.0], 'StartTimes': [1499327615.0], 'SubmitTimes': [1499327488.0], 'JobIds': ['10346262.0'], 'EndTimes': [1499331029.0], 'Restarts': 0, 'RecordedSite': True, 'State': 'finished', 'ResidentSetSize': [1848812], 'TotalUserCpuTimeHistory': [2196], 'SiteHistory': ['Unknown', 'T2_US_MIT'], 'TotalSysCpuTimeHistory': [21]}, '29': {'Retries': 0, 'WallDurations': [10.0, 2161.0], 'StartTimes': [1499327608.0], 'SubmitTimes': [1499327488.0], 'JobIds': ['10346263.0'], 'EndTimes': [1499329769.0], 'Restarts': 0, 'RecordedSite': True, 'State': 'finished', 'ResidentSetSize': [1971144], 'TotalUserCpuTimeHistory': [1142], 'SiteHistory': ['Unknown', 'T2_US_MIT'], 'TotalSysCpuTimeHistory': [26]}, '40': {'Retries': 0, 'WallDurations': [8.0, 2693.0], 'StartTimes': [1499327615.0], 'SubmitTimes': [1499327489.0], 'JobIds': ['10346276.0'], 'EndTimes': [1499330308.0], 'Restarts': 0, 'RecordedSite': True, 'State': 'finished', 'ResidentSetSize': [1861520], 'TotalUserCpuTimeHistory': [1398], 'SiteHistory': ['Unknown', 'T2_US_Purdue'], 'TotalSysCpuTimeHistory': [23]}, '41': {'Retries': 0, 'WallDurations': [9.0, 2341.0], 'StartTimes': [1499327615.0], 'SubmitTimes': [1499327489.0], 'JobIds': ['10346277.0'], 'EndTimes': [1499329956.0], 'Restarts': 0, 'RecordedSite': True, 'State': 'finished', 'ResidentSetSize': [1836724], 'TotalUserCpuTimeHistory': [1206], 'SiteHistory': ['Unknown', 'T2_US_MIT'], 'TotalSysCpuTimeHistory': [31]}, '1': {'Retries': 0, 'WallDurations': [9.0, 2411.0], 'StartTimes': [1499327623.0], 'SubmitTimes': [1499327485.0], 'JobIds': ['10346237.0'], 'EndTimes': [1499330034.0], 'Restarts': 0, 'RecordedSite': True, 'State': 'finished', 'ResidentSetSize': [1804500], 'TotalUserCpuTimeHistory': [1198], 'SiteHistory': ['Unknown', 'T2_US_MIT'], 'TotalSysCpuTimeHistory': [19]}, '82': {'Retries': 0, 'WallDurations': [9.0, 2186.0], 'StartTimes': [1499327619.0], 'SubmitTimes': [1499327507.0], 'JobIds': ['10346318.0'], 'EndTimes': [1499329805.0], 'Restarts': 0, 'RecordedSite': True, 'State': 'finished', 'ResidentSetSize': [1733112], 'TotalUserCpuTimeHistory': [1196], 'SiteHistory': ['Unknown', 'T2_US_MIT'], 'TotalSysCpuTimeHistory': [23]}, '3': {'Retries': 0, 'WallDurations': [9.0, 2214.0], 'StartTimes': [1499327623.0], 'SubmitTimes': [1499327485.0], 'JobIds': ['10346238.0'], 'EndTimes': [1499329837.0], 'Restarts': 0, 'RecordedSite': True, 'State': 'finished', 'ResidentSetSize': [1761696], 'TotalUserCpuTimeHistory': [1049], 'SiteHistory': ['Unknown', 'T2_US_MIT'], 'TotalSysCpuTimeHistory': [19]}, '2': {'Retries': 0, 'WallDurations': [9.0, 2397.0], 'StartTimes': [1499327640.0], 'SubmitTimes': [1499327485.0], 'JobIds': ['10346239.0'], 'EndTimes': [1499330037.0], 'Restarts': 0, 'RecordedSite': True, 'State': 'finished', 'ResidentSetSize': [1892144], 'TotalUserCpuTimeHistory': [1699], 'SiteHistory': ['Unknown', 'T2_ES_IFCA'], 'TotalSysCpuTimeHistory': [35]}, '5': {'Retries': 0, 'WallDurations': [9.0, 2738.0], 'StartTimes': [1499327651.0], 'SubmitTimes': [1499327486.0], 'JobIds': ['10346241.0'], 'EndTimes': [1499330389.0], 'Restarts': 0, 'RecordedSite': True, 'State': 'finished', 'ResidentSetSize': [1902736], 'TotalUserCpuTimeHistory': [2470], 'SiteHistory': ['Unknown', 'T1_FR_CCIN2P3'], 'TotalSysCpuTimeHistory': [24]}, '4': {'Retries': 0, 'WallDurations': [9.0, 3971.0], 'StartTimes': [1499327660.0], 'SubmitTimes': [1499327486.0], 'JobIds': ['10346240.0'], 'EndTimes': [1499331631.0], 'Restarts': 0, 'RecordedSite': True, 'State': 'finished', 'ResidentSetSize': [1890764], 'TotalUserCpuTimeHistory': [2772], 'SiteHistory': ['Unknown', 'T1_US_FNAL'], 'TotalSysCpuTimeHistory': [36]}, '7': {'Retries': 0, 'WallDurations': [9.0, 2734.0], 'StartTimes': [1499327602.0], 'SubmitTimes': [1499327486.0], 'JobIds': ['10346243.0'], 'EndTimes': [1499330336.0], 'Restarts': 0, 'RecordedSite': True, 'State': 'finished', 'ResidentSetSize': [1777204], 'TotalUserCpuTimeHistory': [1562], 'SiteHistory': ['Unknown', 'T2_US_Purdue'], 'TotalSysCpuTimeHistory': [27]}, '6': {'Retries': 0, 'WallDurations': [9.0, 2262.0], 'StartTimes': [1499327602.0], 'SubmitTimes': [1499327486.0], 'JobIds': ['10346242.0'], 'EndTimes': [1499329864.0], 'Restarts': 0, 'RecordedSite': True, 'State': 'finished', 'ResidentSetSize': [1783256], 'TotalUserCpuTimeHistory': [1444], 'SiteHistory': ['Unknown', 'T2_US_Purdue'], 'TotalSysCpuTimeHistory': [25]}, '9': {'Retries': 0, 'WallDurations': [9.0, 3092.0], 'StartTimes': [1499327602.0], 'SubmitTimes': [1499327486.0], 'JobIds': ['10346247.0'], 'EndTimes': [1499330694.0], 'Restarts': 0, 'RecordedSite': True, 'State': 'finished', 'ResidentSetSize': [1834436], 'TotalUserCpuTimeHistory': [1893], 'SiteHistory': ['Unknown', 'T2_US_MIT'], 'TotalSysCpuTimeHistory': [34]}, '8': {'Retries': 0, 'WallDurations': [8.0, 4222.0], 'StartTimes': [1499327604.0], 'SubmitTimes': [1499327486.0], 'JobIds': ['10346246.0'], 'EndTimes': [1499331826.0], 'Restarts': 0, 'RecordedSite': True, 'State': 'finished', 'ResidentSetSize': [1841436], 'TotalUserCpuTimeHistory': [2702], 'SiteHistory': ['Unknown', 'T2_US_Nebraska'], 'TotalSysCpuTimeHistory': [44]}, '52': {'Retries': 0, 'WallDurations': [9.0, 3017.0], 'StartTimes': [1499327617.0], 'SubmitTimes': [1499327496.0], 'JobIds': ['10346286.0'], 'EndTimes': [1499330634.0], 'Restarts': 0, 'RecordedSite': True, 'State': 'finished', 'ResidentSetSize': [1825056], 'TotalUserCpuTimeHistory': [2000], 'SiteHistory': ['Unknown', 'T2_US_MIT'], 'TotalSysCpuTimeHistory': [27]}, '83': {'Retries': 0, 'WallDurations': [9.0, 835.0], 'StartTimes': [1499327623.0], 'SubmitTimes': [1499327507.0], 'JobIds': ['10346319.0'], 'EndTimes': [1499328458.0], 'Restarts': 0, 'RecordedSite': True, 'State': 'finished', 'ResidentSetSize': [1814944], 'TotalUserCpuTimeHistory': [440], 'SiteHistory': ['Unknown', 'T2_US_MIT'], 'TotalSysCpuTimeHistory': [7]}, '39': {'Retries': 0, 'WallDurations': [9.0, 2047.0], 'StartTimes': [1499327612.0], 'SubmitTimes': [1499327489.0], 'JobIds': ['10346272.0'], 'EndTimes': [1499329659.0], 'Restarts': 0, 'RecordedSite': True, 'State': 'finished', 'ResidentSetSize': [1713008], 'TotalUserCpuTimeHistory': [901], 'SiteHistory': ['Unknown', 'T2_US_MIT'], 'TotalSysCpuTimeHistory': [22]}, '77': {'Retries': 0, 'WallDurations': [9.0, 2838.0], 'StartTimes': [1499327642.0], 'SubmitTimes': [1499327502.0], 'JobIds': ['10346313.0'], 'EndTimes': [1499330480.0], 'Restarts': 0, 'RecordedSite': True, 'State': 'finished', 'ResidentSetSize': [1760488], 'TotalUserCpuTimeHistory': [1976], 'SiteHistory': ['Unknown', 'T2_US_MIT'], 'TotalSysCpuTimeHistory': [22]}, '76': {'Retries': 0, 'WallDurations': [9.0, 2865.0], 'StartTimes': [1499327615.0], 'SubmitTimes': [1499327499.0], 'JobIds': ['10346309.0'], 'EndTimes': [1499330480.0], 'Restarts': 0, 'RecordedSite': True, 'State': 'finished', 'ResidentSetSize': [1944268], 'TotalUserCpuTimeHistory': [1738], 'SiteHistory': ['Unknown', 'T2_US_MIT'], 'TotalSysCpuTimeHistory': [17]}, '75': {'Retries': 0, 'WallDurations': [9.0, 2410.0], 'StartTimes': [1499327624.0], 'SubmitTimes': [1499327507.0], 'JobIds': ['10346315.0'], 'EndTimes': [1499330034.0], 'Restarts': 0, 'RecordedSite': True, 'State': 'finished', 'ResidentSetSize': [1812116], 'TotalUserCpuTimeHistory': [1308], 'SiteHistory': ['Unknown', 'T2_US_MIT'], 'TotalSysCpuTimeHistory': [28]}, '38': {'Retries': 0, 'WallDurations': [9.0, 2152.0], 'StartTimes': [1499327615.0], 'SubmitTimes': [1499327489.0], 'JobIds': ['10346271.0'], 'EndTimes': [1499329767.0], 'Restarts': 0, 'RecordedSite': True, 'State': 'finished', 'ResidentSetSize': [1718952], 'TotalUserCpuTimeHistory': [1213], 'SiteHistory': ['Unknown', 'T2_US_MIT'], 'TotalSysCpuTimeHistory': [25]}, '73': {'Retries': 2, 'WallDurations': [65.0, 0, 1569.0], 'StartTimes': [1499327640.0, -1, 1499328305.0], 'SubmitTimes': [1499327500.0, -1, 1499328249.0], 'JobIds': ['10346311.0', '10346311.0', '10347272.0'], 'EndTimes': [1499327705.0, 1499329874.0], 'Restarts': 1, 'RecordedSite': True, 'State': 'finished', 'ResidentSetSize': [0, 0, 1823036], 'TotalUserCpuTimeHistory': [0.0, 0.0, 1081], 'SiteHistory': ['Unknown', 'T2_US_MIT', 'T2_IT_Rome'], 'TotalSysCpuTimeHistory': [0.0, 0.0, 13]}, '72': {'Retries': 0, 'WallDurations': [9.0, 1969.0], 'StartTimes': [1499327615.0], 'SubmitTimes': [1499327499.0], 'JobIds': ['10346308.0'], 'EndTimes': [1499329584.0], 'Restarts': 0, 'RecordedSite': True, 'State': 'finished', 'ResidentSetSize': [1731372], 'TotalUserCpuTimeHistory': [1116], 'SiteHistory': ['Unknown', 'T2_US_MIT'], 'TotalSysCpuTimeHistory': [23]}, '71': {'Retries': 0, 'WallDurations': [9.0, 3507.0], 'StartTimes': [1499327620.0], 'SubmitTimes': [1499327499.0], 'JobIds': ['10346305.0'], 'EndTimes': [1499331127.0], 'Restarts': 0, 'RecordedSite': True, 'State': 'finished', 'ResidentSetSize': [1822656], 'TotalUserCpuTimeHistory': [1574], 'SiteHistory': ['Unknown', 'T2_US_Nebraska'], 'TotalSysCpuTimeHistory': [36]}, '70': {'Retries': 0, 'WallDurations': [10.0, 2363.0], 'StartTimes': [1499327624.0], 'SubmitTimes': [1499327499.0], 'JobIds': ['10346306.0'], 'EndTimes': [1499329987.0], 'Restarts': 0, 'RecordedSite': True, 'State': 'finished', 'ResidentSetSize': [1780800], 'TotalUserCpuTimeHistory': [1138], 'SiteHistory': ['Unknown', 'T2_US_MIT'], 'TotalSysCpuTimeHistory': [17]}, '59': {'Retries': 0, 'WallDurations': [9.0, 2471.0], 'StartTimes': [1499327616.0], 'SubmitTimes': [1499327497.0], 'JobIds': ['10346295.0'], 'EndTimes': [1499330087.0], 'Restarts': 0, 'RecordedSite': True, 'State': 'finished', 'ResidentSetSize': [1749816], 'TotalUserCpuTimeHistory': [1405], 'SiteHistory': ['Unknown', 'T2_US_MIT'], 'TotalSysCpuTimeHistory': [28]}, '47': {'Retries': 0, 'WallDurations': [8.0, 2304.0], 'StartTimes': [1499327612.0], 'SubmitTimes': [1499327496.0], 'JobIds': ['10346282.0'], 'EndTimes': [1499329916.0], 'Restarts': 0, 'RecordedSite': True, 'State': 'finished', 'ResidentSetSize': [1726584], 'TotalUserCpuTimeHistory': [1413], 'SiteHistory': ['Unknown', 'T2_US_MIT'], 'TotalSysCpuTimeHistory': [28]}, '79': {'Retries': 0, 'WallDurations': [26.0, 4278.0], 'StartTimes': [1499327654.0], 'SubmitTimes': [1499327507.0], 'JobIds': ['10346316.0'], 'EndTimes': [1499331932.0], 'Restarts': 0, 'RecordedSite': True, 'State': 'finished', 'ResidentSetSize': [1911100], 'TotalUserCpuTimeHistory': [2781], 'SiteHistory': ['Unknown', 'T2_US_MIT'], 'TotalSysCpuTimeHistory': [25]}, '78': {'Retries': 0, 'WallDurations': [8.0, 2311.0], 'StartTimes': [1499327615.0], 'SubmitTimes': [1499327501.0], 'JobIds': ['10346312.0'], 'EndTimes': [1499329926.0], 'Restarts': 0, 'RecordedSite': True, 'State': 'finished', 'ResidentSetSize': [1804544], 'TotalUserCpuTimeHistory': [1261], 'SiteHistory': ['Unknown', 'T2_US_MIT'], 'TotalSysCpuTimeHistory': [27]}, '11': {'Retries': 0, 'WallDurations': [10.0, 2679.0, 2245.0], 'StartTimes': [1499327601.0, 1499330317.0], 'SubmitTimes': [1499327486.0, -1], 'JobIds': ['10346244.0', '10346244.0'], 'EndTimes': [1499330280.0, 1499332562.0], 'Restarts': 1, 'RecordedSite': True, 'State': 'finished', 'ResidentSetSize': [69760, 1903616], 'TotalUserCpuTimeHistory': [1.0, 1399], 'SiteHistory': ['Unknown', 'T2_US_Purdue', 'T2_US_Purdue'], 'TotalSysCpuTimeHistory': [0.0, 22]}, '10': {'Retries': 0, 'WallDurations': [9.0, 2402.0], 'StartTimes': [1499327603.0], 'SubmitTimes': [1499327486.0], 'JobIds': ['10346248.0'], 'EndTimes': [1499330005.0], 'Restarts': 0, 'RecordedSite': True, 'State': 'finished', 'ResidentSetSize': [1774676], 'TotalUserCpuTimeHistory': [1457], 'SiteHistory': ['Unknown', 'T2_US_MIT'], 'TotalSysCpuTimeHistory': [49]}, '13': {'Retries': 0, 'WallDurations': [9.0, 2050.0], 'StartTimes': [1499327602.0], 'SubmitTimes': [1499327486.0], 'JobIds': ['10346250.0'], 'EndTimes': [1499329652.0], 'Restarts': 0, 'RecordedSite': True, 'State': 'finished', 'ResidentSetSize': [1719672], 'TotalUserCpuTimeHistory': [979], 'SiteHistory': ['Unknown', 'T2_US_MIT'], 'TotalSysCpuTimeHistory': [24]}, '12': {'Retries': 0, 'WallDurations': [9.0, 2006.0], 'StartTimes': [1499327603.0], 'SubmitTimes': [1499327486.0], 'JobIds': ['10346249.0'], 'EndTimes': [1499329609.0], 'Restarts': 0, 'RecordedSite': True, 'State': 'finished', 'ResidentSetSize': [1836592], 'TotalUserCpuTimeHistory': [992], 'SiteHistory': ['Unknown', 'T2_US_MIT'], 'TotalSysCpuTimeHistory': [29]}, '15': {'Retries': 0, 'WallDurations': [9.0, 2359.0], 'StartTimes': [1499327602.0], 'SubmitTimes': [1499327487.0], 'JobIds': ['10346251.0'], 'EndTimes': [1499329961.0], 'Restarts': 0, 'RecordedSite': True, 'State': 'finished', 'ResidentSetSize': [1840920], 'TotalUserCpuTimeHistory': [1438], 'SiteHistory': ['Unknown', 'T2_US_MIT'], 'TotalSysCpuTimeHistory': [22]}, '58': {'Retries': 0, 'WallDurations': [9.0, 3040.0], 'StartTimes': [1499327617.0], 'SubmitTimes': [1499327497.0], 'JobIds': ['10346292.0'], 'EndTimes': [1499330657.0], 'Restarts': 0, 'RecordedSite': True, 'State': 'finished', 'ResidentSetSize': [1802168], 'TotalUserCpuTimeHistory': [2117], 'SiteHistory': ['Unknown', 'T2_US_MIT'], 'TotalSysCpuTimeHistory': [29]}, '14': {'Retries': 0, 'WallDurations': [8.0, 3475.0], 'StartTimes': [1499327604.0], 'SubmitTimes': [1499327486.0], 'JobIds': ['10346245.0'], 'EndTimes': [1499331079.0], 'Restarts': 0, 'RecordedSite': True, 'State': 'finished', 'ResidentSetSize': [1777184], 'TotalUserCpuTimeHistory': [1844], 'SiteHistory': ['Unknown', 'T2_US_Nebraska'], 'TotalSysCpuTimeHistory': [31]}, '16': {'Retries': 0, 'WallDurations': [9.0, 2544.0], 'StartTimes': [1499327603.0], 'SubmitTimes': [1499327487.0], 'JobIds': ['10346254.0'], 'EndTimes': [1499330147.0], 'Restarts': 0, 'RecordedSite': True, 'State': 'finished', 'ResidentSetSize': [1816240], 'TotalUserCpuTimeHistory': [1520], 'SiteHistory': ['Unknown', 'T2_US_MIT'], 'TotalSysCpuTimeHistory': [22]}, '19': {'Retries': 0, 'WallDurations': [9.0, 1883.0], 'StartTimes': [1499327602.0], 'SubmitTimes': [1499327487.0], 'JobIds': ['10346252.0'], 'EndTimes': [1499329485.0], 'Restarts': 0, 'RecordedSite': True, 'State': 'finished', 'ResidentSetSize': [1818856], 'TotalUserCpuTimeHistory': [964], 'SiteHistory': ['Unknown', 'T2_US_MIT'], 'TotalSysCpuTimeHistory': [24]}, '32': {'Retries': 0, 'WallDurations': [9.0, 2190.0], 'StartTimes': [1499327615.0], 'SubmitTimes': [1499327488.0], 'JobIds': ['10346268.0'], 'EndTimes': [1499329805.0], 'Restarts': 0, 'RecordedSite': True, 'State': 'finished', 'ResidentSetSize': [1883948], 'TotalUserCpuTimeHistory': [1122], 'SiteHistory': ['Unknown', 'T2_US_MIT'], 'TotalSysCpuTimeHistory': [43]}, '31': {'Retries': 0, 'WallDurations': [9.0, 1783.0], 'StartTimes': [1499327612.0], 'SubmitTimes': [1499327488.0], 'JobIds': ['10346267.0'], 'EndTimes': [1499329395.0], 'Restarts': 0, 'RecordedSite': True, 'State': 'finished', 'ResidentSetSize': [1791648], 'TotalUserCpuTimeHistory': [938], 'SiteHistory': ['Unknown', 'T2_US_MIT'], 'TotalSysCpuTimeHistory': [37]}, '30': {'Retries': 0, 'WallDurations': [9.0, 2473.0], 'StartTimes': [1499327653.0], 'SubmitTimes': [1499327488.0], 'JobIds': ['10346266.0'], 'EndTimes': [1499330126.0], 'Restarts': 0, 'RecordedSite': True, 'State': 'finished', 'ResidentSetSize': [1836360], 'TotalUserCpuTimeHistory': [1538], 'SiteHistory': ['Unknown', 'T2_US_MIT'], 'TotalSysCpuTimeHistory': [24]}, '51': {'Retries': 0, 'WallDurations': [9.0, 1975.0], 'StartTimes': [1499327615.0], 'SubmitTimes': [1499327497.0], 'JobIds': ['10346288.0'], 'EndTimes': [1499329590.0], 'Restarts': 0, 'RecordedSite': True, 'State': 'finished', 'ResidentSetSize': [1735348], 'TotalUserCpuTimeHistory': [1114], 'SiteHistory': ['Unknown', 'T2_US_MIT'], 'TotalSysCpuTimeHistory': [18]}, '36': {'Retries': 0, 'WallDurations': [9.0, 2616.0], 'StartTimes': [1499327615.0], 'SubmitTimes': [1499327489.0], 'JobIds': ['10346275.0'], 'EndTimes': [1499330231.0], 'Restarts': 0, 'RecordedSite': True, 'State': 'finished', 'ResidentSetSize': [1796100], 'TotalUserCpuTimeHistory': [1507], 'SiteHistory': ['Unknown', 'T2_US_MIT'], 'TotalSysCpuTimeHistory': [28]}, '35': {'Retries': 0, 'WallDurations': [9.0, 2505.0], 'StartTimes': [1499327611.0], 'SubmitTimes': [1499327489.0], 'JobIds': ['10346273.0'], 'EndTimes': [1499330116.0], 'Restarts': 0, 'RecordedSite': True, 'State': 'finished', 'ResidentSetSize': [1748920], 'TotalUserCpuTimeHistory': [1478], 'SiteHistory': ['Unknown', 'T2_US_MIT'], 'TotalSysCpuTimeHistory': [25]}, '34': {'Retries': 0, 'WallDurations': [9.0, 3738.0], 'StartTimes': [1499327608.0], 'SubmitTimes': [1499327488.0], 'JobIds': ['10346265.0'], 'EndTimes': [1499331346.0], 'Restarts': 0, 'RecordedSite': True, 'State': 'finished', 'ResidentSetSize': [1861072], 'TotalUserCpuTimeHistory': [2226], 'SiteHistory': ['Unknown', 'T2_US_MIT'], 'TotalSysCpuTimeHistory': [25]}, '33': {'Retries': 0, 'WallDurations': [9.0, 3012.0], 'StartTimes': [1499327615.0], 'SubmitTimes': [1499327489.0], 'JobIds': ['10346269.0'], 'EndTimes': [1499330627.0], 'Restarts': 0, 'RecordedSite': True, 'State': 'finished', 'ResidentSetSize': [1879492], 'TotalUserCpuTimeHistory': [1916], 'SiteHistory': ['Unknown', 'T2_US_MIT'], 'TotalSysCpuTimeHistory': [20]}, '55': {'Retries': 0, 'WallDurations': [9.0, 2576.0], 'StartTimes': [1499327611.0], 'SubmitTimes': [1499327498.0], 'JobIds': ['10346296.0'], 'EndTimes': [1499330187.0], 'Restarts': 0, 'RecordedSite': True, 'State': 'finished', 'ResidentSetSize': [1910836], 'TotalUserCpuTimeHistory': [1674], 'SiteHistory': ['Unknown', 'T2_US_MIT'], 'TotalSysCpuTimeHistory': [23]}, '74': {'Retries': 0, 'WallDurations': [9.0, 4799.0], 'StartTimes': [1499327650.0], 'SubmitTimes': [1499327499.0], 'JobIds': ['10346310.0'], 'EndTimes': [1499332449.0], 'Restarts': 0, 'RecordedSite': True, 'State': 'finished', 'ResidentSetSize': [1759872], 'TotalUserCpuTimeHistory': [3657], 'SiteHistory': ['Unknown', 'T2_US_MIT'], 'TotalSysCpuTimeHistory': [50]}, '37': {'Retries': 0, 'WallDurations': [9.0, 1953.0], 'StartTimes': [1499327611.0], 'SubmitTimes': [1499327489.0], 'JobIds': ['10346270.0'], 'EndTimes': [1499329564.0], 'Restarts': 0, 'RecordedSite': True, 'State': 'finished', 'ResidentSetSize': [1787640], 'TotalUserCpuTimeHistory': [953], 'SiteHistory': ['Unknown', 'T2_US_MIT'], 'TotalSysCpuTimeHistory': [20]}, '18': {'Retries': 0, 'WallDurations': [9.0, 3207.0], 'StartTimes': [1499327611.0], 'SubmitTimes': [1499327487.0], 'JobIds': ['10346256.0'], 'EndTimes': [1499330818.0], 'Restarts': 0, 'RecordedSite': True, 'State': 'finished', 'ResidentSetSize': [1805208], 'TotalUserCpuTimeHistory': [2017], 'SiteHistory': ['Unknown', 'T2_US_MIT'], 'TotalSysCpuTimeHistory': [20]}, '17': {'Retries': 0, 'WallDurations': [9.0, 5341.0], 'StartTimes': [1499327603.0], 'SubmitTimes': [1499327487.0], 'JobIds': ['10346255.0'], 'EndTimes': [1499332944.0], 'Restarts': 0, 'RecordedSite': True, 'State': 'finished', 'ResidentSetSize': [1822024], 'TotalUserCpuTimeHistory': [4080], 'SiteHistory': ['Unknown', 'T2_US_MIT'], 'TotalSysCpuTimeHistory': [50]}, '57': {'Retries': 0, 'WallDurations': [8.0, 2398.0], 'StartTimes': [1499327617.0], 'SubmitTimes': [1499327497.0], 'JobIds': ['10346294.0'], 'EndTimes': [1499330015.0], 'Restarts': 0, 'RecordedSite': True, 'State': 'finished', 'ResidentSetSize': [1818184], 'TotalUserCpuTimeHistory': [1169], 'SiteHistory': ['Unknown', 'T2_US_MIT'], 'TotalSysCpuTimeHistory': [19]}, '50': {'Retries': 0, 'WallDurations': [9.0, 4169.0], 'StartTimes': [1499327620.0], 'SubmitTimes': [1499327496.0], 'JobIds': ['10346287.0'], 'EndTimes': [1499331789.0], 'Restarts': 0, 'RecordedSite': True, 'State': 'finished', 'ResidentSetSize': [1745312], 'TotalUserCpuTimeHistory': [2813], 'SiteHistory': ['Unknown', 'T2_US_Nebraska'], 'TotalSysCpuTimeHistory': [63]}}
INFO 2017-07-06 21:08:06,853: 	 Status on the scheduler:	COMPLETED
INFO 2017-07-06 21:08:06,853: 	 
Jobs status:                    finished      100.0% (84/84)
INFO 2017-07-06 21:08:06,853: 	 
No publication information (publication has been disabled in the CRAB configuration file)
INFO 2017-07-06 21:08:06,934: 	 Log file is /afs/cern.ch/work/a/aioannou/MonteCarlo_Production/CMSSW_8_0_21/src/AToZhToNuNuBB/All/crab_privateMCProduction/crab_privateMCProduction_Step2_M900/crab.log
