 ################################################################### 
 # WARNING: this module is deprecated.                             # 
 # Please use CondCore.CondDB.CondDB_cfi.py                        # 
 ################################################################### 
L1TRawToDigi Sequence configured for Stage-2 (2016) trigger. 
# Conditions read from  CMS_CONDITIONS  via FrontierProd 
DEBUG 2017-07-05 17:41:18,394: 	 Executing command: 'submit'
DEBUG 2017-07-05 17:41:18,397: 	 Found CRAB cache file /afs/cern.ch/user/a/aioannou/.crab3
DEBUG 2017-07-05 17:41:18,404: 	 Checking credentials
DEBUG 2017-07-05 17:41:18,405: 	 Found proxy file /tmp/x509up_u30131
DEBUG 2017-07-05 17:41:18,405: 	 Getting proxy life time left
DEBUG 2017-07-05 17:41:19,210: 	 Executing : 
 command : voms-proxy-info -file /tmp/x509up_u30131 -timeleft
 output : 85998

 error: 
 retcode : 0
DEBUG 2017-07-05 17:41:20,117: 	 Executing : 
 command : voms-proxy-info -file /tmp/x509up_u30131 -actimeleft
 output : 85997

 error: 
 retcode : 0
DEBUG 2017-07-05 17:41:20,118: 	 Proxy valid for 23:53:18 hours
INFO 2017-07-05 17:41:20,118: 	 Will use CRAB configuration file crab_step3_cfg.py
DEBUG 2017-07-05 17:41:20,118: 	 Loading CRAB configuration file.
DEBUG 2017-07-05 17:41:20,178: 	 Will use CRAB Analysis plugin (i.e. will run an analysis job type).
DEBUG 2017-07-05 17:41:20,346: 	 Executing : 
 command : openssl x509 -in ~/.globus/usercert.pem -subject -noout
 output : subject= /DC=ch/DC=cern/OU=Organic Units/OU=Users/CN=aioannou/CN=732460/CN=Aimilios Ioannou

 error: 
 retcode : 0
DEBUG 2017-07-05 17:41:20,346: 	 Checking credentials
DEBUG 2017-07-05 17:41:20,347: 	 Found proxy file /tmp/x509up_u30131
DEBUG 2017-07-05 17:41:20,347: 	 Getting proxy life time left
DEBUG 2017-07-05 17:41:21,164: 	 Executing : 
 command : voms-proxy-info -file /tmp/x509up_u30131 -timeleft
 output : 85996

 error: 
 retcode : 0
DEBUG 2017-07-05 17:41:21,975: 	 Executing : 
 command : voms-proxy-info -file /tmp/x509up_u30131 -actimeleft
 output : 85996

 error: 
 retcode : 0
DEBUG 2017-07-05 17:41:21,975: 	 Proxy valid for 23:53:16 hours
DEBUG 2017-07-05 17:41:22,681: 	 Executing : 
 command : env X509_USER_PROXY=/tmp/x509up_u30131 voms-proxy-info -fqan
 output : /cms/Role=NULL/Capability=NULL

 error: 
 retcode : 0
DEBUG 2017-07-05 17:41:23,076: 	 Registering user credentials for server /DC=ch/DC=cern/OU=computers/CN=vocms(045|052|021|031|0118|0118a|0119|0108|0105|0109).cern.ch
DEBUG 2017-07-05 17:41:23,186: 	 Executing : 
 command : openssl x509 -in ~/.globus/usercert.pem -subject -noout
 output : subject= /DC=ch/DC=cern/OU=Organic Units/OU=Users/CN=aioannou/CN=732460/CN=Aimilios Ioannou

 error: 
 retcode : 0
DEBUG 2017-07-05 17:41:23,186: 	 Getting myproxy life time left for myproxy.cern.ch
DEBUG 2017-07-05 17:41:23,186: 	 Calculating hash of /DC=ch/DC=cern/OU=Organic Units/OU=Users/CN=aioannou/CN=732460/CN=Aimilios Ioannou_cmsweb.cern.ch for credential name
DEBUG 2017-07-05 17:41:23,491: 	 Executing : 
 command : myproxy-info -l a8f12d04b7c64407fde44f3d1d5bb65c0a0c8ca0 -s myproxy.cern.ch
 output : username: a8f12d04b7c64407fde44f3d1d5bb65c0a0c8ca0
owner: /DC=ch/DC=cern/OU=Organic Units/OU=Users/CN=aioannou/CN=732460/CN=Aimilios Ioannou
  renewal policy: /DC=ch/DC=cern/OU=computers/CN=vocms(045|052|021|031|0118|0118a|0119|0108|0105|0109).cern.ch
  trusted retrieval policy: /DC=ch/DC=cern/OU=computers/CN=vocms(045|052|021|031|0118|0118a|0119|0108|0105|0109).cern.ch
  timeleft: 398:13:36  (16.6 days)

 error: 
 retcode : 0
DEBUG 2017-07-05 17:41:23,492: 	 Myproxy is valid: 1433616
DEBUG 2017-07-05 17:41:23,492: 	 Command use: submit
DEBUG 2017-07-05 17:41:23,492: 	 Options use: ['crab_step3_cfg.py']
DEBUG 2017-07-05 17:41:23,873: 	 CRABClient version: 3.3.1706
DEBUG 2017-07-05 17:41:23,873: 	 Instance is prod
DEBUG 2017-07-05 17:41:23,873: 	 Server base url is cmsweb.cern.ch
DEBUG 2017-07-05 17:41:23,873: 	 Command url /crabserver/prod/workflow
DEBUG 2017-07-05 17:41:23,873: 	 Started submission
DEBUG 2017-07-05 17:41:23,873: 	 Working on /afs/cern.ch/work/a/aioannou/MonteCarlo_Production/CMSSW_8_0_21/src/AToZhToNuNuBB/All/crab_privateMCProduction/crab_privateMCProduction_Step3_M800
DEBUG 2017-07-05 17:41:24,334: 	 Loading required information from the environment
DEBUG 2017-07-05 17:41:24,334: 	 Found CMSSW_8_0_21 for slc6_amd64_gcc530 with base /afs/cern.ch/work/a/aioannou/MonteCarlo_Production/CMSSW_8_0_21
DEBUG 2017-07-05 17:41:24,334: 	 Loading required information from the environment
DEBUG 2017-07-05 17:41:24,334: 	 Found CMSSW_8_0_21 for slc6_amd64_gcc530 with base /afs/cern.ch/work/a/aioannou/MonteCarlo_Production/CMSSW_8_0_21
DEBUG 2017-07-05 17:41:24,956: 	 UNIQUE NAME: tarUUID fafaa31a-4192-4d51-8d50-f72052e4ee4b 
DEBUG 2017-07-05 17:41:24,957: 	 self.config: from WMCore.Configuration import Configuration
config = Configuration()
config.section_('General')
config.General.transferLogs = True
config.General.workArea = 'crab_privateMCProduction'
config.General.requestName = 'privateMCProduction_Step3_M800'
config.section_('JobType')
config.JobType.psetName = 'step3_RECO_cfg.py'
config.JobType.pluginName = 'Analysis'
config.JobType.numCores = 4
config.section_('Data')
config.Data.unitsPerJob = 1
config.Data.userInputFiles = ['/store/user/aioannou/CRAB_UserFiles/crab_privateMCProduction_Step2_M800/170704_165913/0000/step2_1.root', '/store/user/aioannou/CRAB_UserFiles/crab_privateMCProduction_Step2_M800/170704_165913/0000/step2_2.root', '/store/user/aioannou/CRAB_UserFiles/crab_privateMCProduction_Step2_M800/170704_165913/0000/step2_3.root', '/store/user/aioannou/CRAB_UserFiles/crab_privateMCProduction_Step2_M800/170704_165913/0000/step2_4.root', '/store/user/aioannou/CRAB_UserFiles/crab_privateMCProduction_Step2_M800/170704_165913/0000/step2_5.root', '/store/user/aioannou/CRAB_UserFiles/crab_privateMCProduction_Step2_M800/170704_165913/0000/step2_6.root', '/store/user/aioannou/CRAB_UserFiles/crab_privateMCProduction_Step2_M800/170704_165913/0000/step2_7.root', '/store/user/aioannou/CRAB_UserFiles/crab_privateMCProduction_Step2_M800/170704_165913/0000/step2_8.root', '/store/user/aioannou/CRAB_UserFiles/crab_privateMCProduction_Step2_M800/170704_165913/0000/step2_9.root', '/store/user/aioannou/CRAB_UserFiles/crab_privateMCProduction_Step2_M800/170704_165913/0000/step2_10.root', '/store/user/aioannou/CRAB_UserFiles/crab_privateMCProduction_Step2_M800/170704_165913/0000/step2_11.root', '/store/user/aioannou/CRAB_UserFiles/crab_privateMCProduction_Step2_M800/170704_165913/0000/step2_12.root', '/store/user/aioannou/CRAB_UserFiles/crab_privateMCProduction_Step2_M800/170704_165913/0000/step2_13.root', '/store/user/aioannou/CRAB_UserFiles/crab_privateMCProduction_Step2_M800/170704_165913/0000/step2_14.root', '/store/user/aioannou/CRAB_UserFiles/crab_privateMCProduction_Step2_M800/170704_165913/0000/step2_15.root', '/store/user/aioannou/CRAB_UserFiles/crab_privateMCProduction_Step2_M800/170704_165913/0000/step2_16.root', '/store/user/aioannou/CRAB_UserFiles/crab_privateMCProduction_Step2_M800/170704_165913/0000/step2_17.root', '/store/user/aioannou/CRAB_UserFiles/crab_privateMCProduction_Step2_M800/170704_165913/0000/step2_18.root', '/store/user/aioannou/CRAB_UserFiles/crab_privateMCProduction_Step2_M800/170704_165913/0000/step2_19.root', '/store/user/aioannou/CRAB_UserFiles/crab_privateMCProduction_Step2_M800/170704_165913/0000/step2_20.root', '/store/user/aioannou/CRAB_UserFiles/crab_privateMCProduction_Step2_M800/170704_165913/0000/step2_21.root', '/store/user/aioannou/CRAB_UserFiles/crab_privateMCProduction_Step2_M800/170704_165913/0000/step2_22.root', '/store/user/aioannou/CRAB_UserFiles/crab_privateMCProduction_Step2_M800/170704_165913/0000/step2_23.root', '/store/user/aioannou/CRAB_UserFiles/crab_privateMCProduction_Step2_M800/170704_165913/0000/step2_24.root', '/store/user/aioannou/CRAB_UserFiles/crab_privateMCProduction_Step2_M800/170704_165913/0000/step2_25.root', '/store/user/aioannou/CRAB_UserFiles/crab_privateMCProduction_Step2_M800/170704_165913/0000/step2_26.root', '/store/user/aioannou/CRAB_UserFiles/crab_privateMCProduction_Step2_M800/170704_165913/0000/step2_27.root', '/store/user/aioannou/CRAB_UserFiles/crab_privateMCProduction_Step2_M800/170704_165913/0000/step2_28.root', '/store/user/aioannou/CRAB_UserFiles/crab_privateMCProduction_Step2_M800/170704_165913/0000/step2_29.root', '/store/user/aioannou/CRAB_UserFiles/crab_privateMCProduction_Step2_M800/170704_165913/0000/step2_30.root', '/store/user/aioannou/CRAB_UserFiles/crab_privateMCProduction_Step2_M800/170704_165913/0000/step2_31.root', '/store/user/aioannou/CRAB_UserFiles/crab_privateMCProduction_Step2_M800/170704_165913/0000/step2_32.root', '/store/user/aioannou/CRAB_UserFiles/crab_privateMCProduction_Step2_M800/170704_165913/0000/step2_33.root', '/store/user/aioannou/CRAB_UserFiles/crab_privateMCProduction_Step2_M800/170704_165913/0000/step2_34.root', '/store/user/aioannou/CRAB_UserFiles/crab_privateMCProduction_Step2_M800/170704_165913/0000/step2_35.root', '/store/user/aioannou/CRAB_UserFiles/crab_privateMCProduction_Step2_M800/170704_165913/0000/step2_36.root', '/store/user/aioannou/CRAB_UserFiles/crab_privateMCProduction_Step2_M800/170704_165913/0000/step2_37.root', '/store/user/aioannou/CRAB_UserFiles/crab_privateMCProduction_Step2_M800/170704_165913/0000/step2_38.root', '/store/user/aioannou/CRAB_UserFiles/crab_privateMCProduction_Step2_M800/170704_165913/0000/step2_39.root', '/store/user/aioannou/CRAB_UserFiles/crab_privateMCProduction_Step2_M800/170704_165913/0000/step2_40.root', '/store/user/aioannou/CRAB_UserFiles/crab_privateMCProduction_Step2_M800/170704_165913/0000/step2_41.root', '/store/user/aioannou/CRAB_UserFiles/crab_privateMCProduction_Step2_M800/170704_165913/0000/step2_42.root', '/store/user/aioannou/CRAB_UserFiles/crab_privateMCProduction_Step2_M800/170704_165913/0000/step2_43.root', '/store/user/aioannou/CRAB_UserFiles/crab_privateMCProduction_Step2_M800/170704_165913/0000/step2_44.root', '/store/user/aioannou/CRAB_UserFiles/crab_privateMCProduction_Step2_M800/170704_165913/0000/step2_45.root', '/store/user/aioannou/CRAB_UserFiles/crab_privateMCProduction_Step2_M800/170704_165913/0000/step2_46.root', '/store/user/aioannou/CRAB_UserFiles/crab_privateMCProduction_Step2_M800/170704_165913/0000/step2_47.root', '/store/user/aioannou/CRAB_UserFiles/crab_privateMCProduction_Step2_M800/170704_165913/0000/step2_48.root', '/store/user/aioannou/CRAB_UserFiles/crab_privateMCProduction_Step2_M800/170704_165913/0000/step2_49.root', '/store/user/aioannou/CRAB_UserFiles/crab_privateMCProduction_Step2_M800/170704_165913/0000/step2_50.root', '/store/user/aioannou/CRAB_UserFiles/crab_privateMCProduction_Step2_M800/170704_165913/0000/step2_51.root', '/store/user/aioannou/CRAB_UserFiles/crab_privateMCProduction_Step2_M800/170704_165913/0000/step2_52.root', '/store/user/aioannou/CRAB_UserFiles/crab_privateMCProduction_Step2_M800/170704_165913/0000/step2_53.root', '/store/user/aioannou/CRAB_UserFiles/crab_privateMCProduction_Step2_M800/170704_165913/0000/step2_54.root', '/store/user/aioannou/CRAB_UserFiles/crab_privateMCProduction_Step2_M800/170704_165913/0000/step2_55.root', '/store/user/aioannou/CRAB_UserFiles/crab_privateMCProduction_Step2_M800/170704_165913/0000/step2_56.root', '/store/user/aioannou/CRAB_UserFiles/crab_privateMCProduction_Step2_M800/170704_165913/0000/step2_57.root', '/store/user/aioannou/CRAB_UserFiles/crab_privateMCProduction_Step2_M800/170704_165913/0000/step2_58.root', '/store/user/aioannou/CRAB_UserFiles/crab_privateMCProduction_Step2_M800/170704_165913/0000/step2_59.root', '/store/user/aioannou/CRAB_UserFiles/crab_privateMCProduction_Step2_M800/170704_165913/0000/step2_60.root', '/store/user/aioannou/CRAB_UserFiles/crab_privateMCProduction_Step2_M800/170704_165913/0000/step2_61.root', '/store/user/aioannou/CRAB_UserFiles/crab_privateMCProduction_Step2_M800/170704_165913/0000/step2_62.root', '/store/user/aioannou/CRAB_UserFiles/crab_privateMCProduction_Step2_M800/170704_165913/0000/step2_63.root', '/store/user/aioannou/CRAB_UserFiles/crab_privateMCProduction_Step2_M800/170704_165913/0000/step2_64.root', '/store/user/aioannou/CRAB_UserFiles/crab_privateMCProduction_Step2_M800/170704_165913/0000/step2_65.root', '/store/user/aioannou/CRAB_UserFiles/crab_privateMCProduction_Step2_M800/170704_165913/0000/step2_66.root', '/store/user/aioannou/CRAB_UserFiles/crab_privateMCProduction_Step2_M800/170704_165913/0000/step2_67.root', '/store/user/aioannou/CRAB_UserFiles/crab_privateMCProduction_Step2_M800/170704_165913/0000/step2_68.root', '/store/user/aioannou/CRAB_UserFiles/crab_privateMCProduction_Step2_M800/170704_165913/0000/step2_69.root', '/store/user/aioannou/CRAB_UserFiles/crab_privateMCProduction_Step2_M800/170704_165913/0000/step2_70.root', '/store/user/aioannou/CRAB_UserFiles/crab_privateMCProduction_Step2_M800/170704_165913/0000/step2_71.root', '/store/user/aioannou/CRAB_UserFiles/crab_privateMCProduction_Step2_M800/170704_165913/0000/step2_72.root', '/store/user/aioannou/CRAB_UserFiles/crab_privateMCProduction_Step2_M800/170704_165913/0000/step2_73.root', '/store/user/aioannou/CRAB_UserFiles/crab_privateMCProduction_Step2_M800/170704_165913/0000/step2_74.root', '/store/user/aioannou/CRAB_UserFiles/crab_privateMCProduction_Step2_M800/170704_165913/0000/step2_75.root', '/store/user/aioannou/CRAB_UserFiles/crab_privateMCProduction_Step2_M800/170704_165913/0000/step2_76.root', '/store/user/aioannou/CRAB_UserFiles/crab_privateMCProduction_Step2_M800/170704_165913/0000/step2_77.root', '/store/user/aioannou/CRAB_UserFiles/crab_privateMCProduction_Step2_M800/170704_165913/0000/step2_78.root', '/store/user/aioannou/CRAB_UserFiles/crab_privateMCProduction_Step2_M800/170704_165913/0000/step2_79.root', '/store/user/aioannou/CRAB_UserFiles/crab_privateMCProduction_Step2_M800/170704_165913/0000/step2_80.root', '/store/user/aioannou/CRAB_UserFiles/crab_privateMCProduction_Step2_M800/170704_165913/0000/step2_81.root', '/store/user/aioannou/CRAB_UserFiles/crab_privateMCProduction_Step2_M800/170704_165913/0000/step2_82.root', '/store/user/aioannou/CRAB_UserFiles/crab_privateMCProduction_Step2_M800/170704_165913/0000/step2_83.root', '/store/user/aioannou/CRAB_UserFiles/crab_privateMCProduction_Step2_M800/170704_165913/0000/step2_84.root']
config.Data.publication = False
config.Data.splitting = 'FileBased'
config.Data.totalUnits = -1
config.section_('Site')
config.Site.storageSite = 'T2_CH_CERN'

DEBUG 2017-07-05 17:41:24,957: 	 self.config.JobType.psetName: step3_RECO_cfg.py
INFO 2017-07-05 17:41:25,453: 	 Importing CMSSW configuration step3_RECO_cfg.py
INFO 2017-07-05 17:41:48,381: 	 Finished importing CMSSW configuration step3_RECO_cfg.py
DEBUG 2017-07-05 17:41:48,381: 	 Writing CMSSW configuration to /afs/cern.ch/work/a/aioannou/MonteCarlo_Production/CMSSW_8_0_21/src/AToZhToNuNuBB/All/crab_privateMCProduction/crab_privateMCProduction_Step3_M800/inputs/PSet.py
DEBUG 2017-07-05 17:41:51,413: 	 The following EDM output files will be collected: ['step3.root']
DEBUG 2017-07-05 17:41:51,413: 	 The following TFile output files will be collected: []
DEBUG 2017-07-05 17:41:51,413: 	 The following user output files will be collected: []
DEBUG 2017-07-05 17:41:51,413: 	 Loading required information from the environment
DEBUG 2017-07-05 17:41:51,413: 	 Found CMSSW_8_0_21 for slc6_amd64_gcc530 with base /afs/cern.ch/work/a/aioannou/MonteCarlo_Production/CMSSW_8_0_21
DEBUG 2017-07-05 17:41:51,413: 	 Making tarball in /afs/cern.ch/work/a/aioannou/MonteCarlo_Production/CMSSW_8_0_21/src/AToZhToNuNuBB/All/crab_privateMCProduction/crab_privateMCProduction_Step3_M800/inputs/fafaa31a-4192-4d51-8d50-f72052e4ee4bdefault.tgz
DEBUG 2017-07-05 17:41:51,500: 	 Checking directory /afs/cern.ch/work/a/aioannou/MonteCarlo_Production/CMSSW_8_0_21/lib
DEBUG 2017-07-05 17:41:51,501: 	 Adding directory /afs/cern.ch/work/a/aioannou/MonteCarlo_Production/CMSSW_8_0_21/lib to tarball
DEBUG 2017-07-05 17:41:51,518: 	 Checking directory /afs/cern.ch/work/a/aioannou/MonteCarlo_Production/CMSSW_8_0_21/biglib
DEBUG 2017-07-05 17:41:51,518: 	 Adding directory /afs/cern.ch/work/a/aioannou/MonteCarlo_Production/CMSSW_8_0_21/biglib to tarball
DEBUG 2017-07-05 17:41:51,520: 	 Checking directory /afs/cern.ch/work/a/aioannou/MonteCarlo_Production/CMSSW_8_0_21/module
DEBUG 2017-07-05 17:41:53,981: 	 Uploading archive /afs/cern.ch/work/a/aioannou/MonteCarlo_Production/CMSSW_8_0_21/src/AToZhToNuNuBB/All/crab_privateMCProduction/crab_privateMCProduction_Step3_M800/inputs/fafaa31a-4192-4d51-8d50-f72052e4ee4bdefault.tgz (1.060547.1 MB) to the CRAB cache. Using URI https://cmsweb.cern.ch/crabcache
DEBUG 2017-07-05 17:41:55,046: 	 Loading required information from the environment
DEBUG 2017-07-05 17:41:55,046: 	 Found CMSSW_8_0_21 for slc6_amd64_gcc530 with base /afs/cern.ch/work/a/aioannou/MonteCarlo_Production/CMSSW_8_0_21
DEBUG 2017-07-05 17:41:55,046: 	 Making tarball in /afs/cern.ch/work/a/aioannou/MonteCarlo_Production/CMSSW_8_0_21/src/AToZhToNuNuBB/All/crab_privateMCProduction/crab_privateMCProduction_Step3_M800/inputs/debugFiles.tgz
DEBUG 2017-07-05 17:41:55,052: 	 Uploading archive /afs/cern.ch/work/a/aioannou/MonteCarlo_Production/CMSSW_8_0_21/src/AToZhToNuNuBB/All/crab_privateMCProduction/crab_privateMCProduction_Step3_M800/inputs/debugFiles.tgz (1 KB) to the CRAB cache. Using URI https://cmsweb.cern.ch/crabcache
DEBUG 2017-07-05 17:41:55,470: 	 Result uploading input files: b25b9b9b66175d9d1681e7e7fbcc9d85b9764f04956782d8fb00131a59c4e9c9.tar.gz 
DEBUG 2017-07-05 17:41:55,470: 	 Attaching list of user-specified primary input files.
INFO 2017-07-05 17:41:55,470: 	 Sending the request to the server
DEBUG 2017-07-05 17:41:55,471: 	 Submitting {'maxjobruntime': 1250, 'extrajdl': [], 'ignorelocality': 0, 'savelogsflag': 1, 'useparent': 0, 'asyncdest': 'T2_CH_CERN', 'algoargs': 1, 'cachefilename': 'b25b9b9b66175d9d1681e7e7fbcc9d85b9764f04956782d8fb00131a59c4e9c9.tar.gz', 'numcores': 4, 'addoutputfiles': [], 'generator': 'pythia', 'maxmemory': 2000, 'publishdbsurl': 'https://cmsweb.cern.ch/dbs/prod/phys03/DBSWriter', 'priority': 10, 'jobsw': 'CMSSW_8_0_21', 'edmoutfiles': ['step3.root'], 'userfiles': set(['/store/user/aioannou/CRAB_UserFiles/crab_privateMCProduction_Step2_M800/170704_165913/0000/step2_81.root', '/store/user/aioannou/CRAB_UserFiles/crab_privateMCProduction_Step2_M800/170704_165913/0000/step2_52.root', '/store/user/aioannou/CRAB_UserFiles/crab_privateMCProduction_Step2_M800/170704_165913/0000/step2_4.root', '/store/user/aioannou/CRAB_UserFiles/crab_privateMCProduction_Step2_M800/170704_165913/0000/step2_48.root', '/store/user/aioannou/CRAB_UserFiles/crab_privateMCProduction_Step2_M800/170704_165913/0000/step2_49.root', '/store/user/aioannou/CRAB_UserFiles/crab_privateMCProduction_Step2_M800/170704_165913/0000/step2_69.root', '/store/user/aioannou/CRAB_UserFiles/crab_privateMCProduction_Step2_M800/170704_165913/0000/step2_25.root', '/store/user/aioannou/CRAB_UserFiles/crab_privateMCProduction_Step2_M800/170704_165913/0000/step2_3.root', '/store/user/aioannou/CRAB_UserFiles/crab_privateMCProduction_Step2_M800/170704_165913/0000/step2_19.root', '/store/user/aioannou/CRAB_UserFiles/crab_privateMCProduction_Step2_M800/170704_165913/0000/step2_83.root', '/store/user/aioannou/CRAB_UserFiles/crab_privateMCProduction_Step2_M800/170704_165913/0000/step2_62.root', '/store/user/aioannou/CRAB_UserFiles/crab_privateMCProduction_Step2_M800/170704_165913/0000/step2_58.root', '/store/user/aioannou/CRAB_UserFiles/crab_privateMCProduction_Step2_M800/170704_165913/0000/step2_13.root', '/store/user/aioannou/CRAB_UserFiles/crab_privateMCProduction_Step2_M800/170704_165913/0000/step2_28.root', '/store/user/aioannou/CRAB_UserFiles/crab_privateMCProduction_Step2_M800/170704_165913/0000/step2_63.root', '/store/user/aioannou/CRAB_UserFiles/crab_privateMCProduction_Step2_M800/170704_165913/0000/step2_51.root', '/store/user/aioannou/CRAB_UserFiles/crab_privateMCProduction_Step2_M800/170704_165913/0000/step2_82.root', '/store/user/aioannou/CRAB_UserFiles/crab_privateMCProduction_Step2_M800/170704_165913/0000/step2_30.root', '/store/user/aioannou/CRAB_UserFiles/crab_privateMCProduction_Step2_M800/170704_165913/0000/step2_47.root', '/store/user/aioannou/CRAB_UserFiles/crab_privateMCProduction_Step2_M800/170704_165913/0000/step2_38.root', '/store/user/aioannou/CRAB_UserFiles/crab_privateMCProduction_Step2_M800/170704_165913/0000/step2_76.root', '/store/user/aioannou/CRAB_UserFiles/crab_privateMCProduction_Step2_M800/170704_165913/0000/step2_71.root', '/store/user/aioannou/CRAB_UserFiles/crab_privateMCProduction_Step2_M800/170704_165913/0000/step2_55.root', '/store/user/aioannou/CRAB_UserFiles/crab_privateMCProduction_Step2_M800/170704_165913/0000/step2_45.root', '/store/user/aioannou/CRAB_UserFiles/crab_privateMCProduction_Step2_M800/170704_165913/0000/step2_10.root', '/store/user/aioannou/CRAB_UserFiles/crab_privateMCProduction_Step2_M800/170704_165913/0000/step2_43.root', '/store/user/aioannou/CRAB_UserFiles/crab_privateMCProduction_Step2_M800/170704_165913/0000/step2_22.root', '/store/user/aioannou/CRAB_UserFiles/crab_privateMCProduction_Step2_M800/170704_165913/0000/step2_67.root', '/store/user/aioannou/CRAB_UserFiles/crab_privateMCProduction_Step2_M800/170704_165913/0000/step2_41.root', '/store/user/aioannou/CRAB_UserFiles/crab_privateMCProduction_Step2_M800/170704_165913/0000/step2_33.root', '/store/user/aioannou/CRAB_UserFiles/crab_privateMCProduction_Step2_M800/170704_165913/0000/step2_53.root', '/store/user/aioannou/CRAB_UserFiles/crab_privateMCProduction_Step2_M800/170704_165913/0000/step2_60.root', '/store/user/aioannou/CRAB_UserFiles/crab_privateMCProduction_Step2_M800/170704_165913/0000/step2_57.root', '/store/user/aioannou/CRAB_UserFiles/crab_privateMCProduction_Step2_M800/170704_165913/0000/step2_15.root', '/store/user/aioannou/CRAB_UserFiles/crab_privateMCProduction_Step2_M800/170704_165913/0000/step2_2.root', '/store/user/aioannou/CRAB_UserFiles/crab_privateMCProduction_Step2_M800/170704_165913/0000/step2_5.root', '/store/user/aioannou/CRAB_UserFiles/crab_privateMCProduction_Step2_M800/170704_165913/0000/step2_72.root', '/store/user/aioannou/CRAB_UserFiles/crab_privateMCProduction_Step2_M800/170704_165913/0000/step2_26.root', '/store/user/aioannou/CRAB_UserFiles/crab_privateMCProduction_Step2_M800/170704_165913/0000/step2_65.root', '/store/user/aioannou/CRAB_UserFiles/crab_privateMCProduction_Step2_M800/170704_165913/0000/step2_46.root', '/store/user/aioannou/CRAB_UserFiles/crab_privateMCProduction_Step2_M800/170704_165913/0000/step2_21.root', '/store/user/aioannou/CRAB_UserFiles/crab_privateMCProduction_Step2_M800/170704_165913/0000/step2_17.root', '/store/user/aioannou/CRAB_UserFiles/crab_privateMCProduction_Step2_M800/170704_165913/0000/step2_78.root', '/store/user/aioannou/CRAB_UserFiles/crab_privateMCProduction_Step2_M800/170704_165913/0000/step2_54.root', '/store/user/aioannou/CRAB_UserFiles/crab_privateMCProduction_Step2_M800/170704_165913/0000/step2_84.root', '/store/user/aioannou/CRAB_UserFiles/crab_privateMCProduction_Step2_M800/170704_165913/0000/step2_16.root', '/store/user/aioannou/CRAB_UserFiles/crab_privateMCProduction_Step2_M800/170704_165913/0000/step2_40.root', '/store/user/aioannou/CRAB_UserFiles/crab_privateMCProduction_Step2_M800/170704_165913/0000/step2_50.root', '/store/user/aioannou/CRAB_UserFiles/crab_privateMCProduction_Step2_M800/170704_165913/0000/step2_64.root', '/store/user/aioannou/CRAB_UserFiles/crab_privateMCProduction_Step2_M800/170704_165913/0000/step2_34.root', '/store/user/aioannou/CRAB_UserFiles/crab_privateMCProduction_Step2_M800/170704_165913/0000/step2_20.root', '/store/user/aioannou/CRAB_UserFiles/crab_privateMCProduction_Step2_M800/170704_165913/0000/step2_75.root', '/store/user/aioannou/CRAB_UserFiles/crab_privateMCProduction_Step2_M800/170704_165913/0000/step2_36.root', '/store/user/aioannou/CRAB_UserFiles/crab_privateMCProduction_Step2_M800/170704_165913/0000/step2_14.root', '/store/user/aioannou/CRAB_UserFiles/crab_privateMCProduction_Step2_M800/170704_165913/0000/step2_11.root', '/store/user/aioannou/CRAB_UserFiles/crab_privateMCProduction_Step2_M800/170704_165913/0000/step2_74.root', '/store/user/aioannou/CRAB_UserFiles/crab_privateMCProduction_Step2_M800/170704_165913/0000/step2_24.root', '/store/user/aioannou/CRAB_UserFiles/crab_privateMCProduction_Step2_M800/170704_165913/0000/step2_59.root', '/store/user/aioannou/CRAB_UserFiles/crab_privateMCProduction_Step2_M800/170704_165913/0000/step2_12.root', '/store/user/aioannou/CRAB_UserFiles/crab_privateMCProduction_Step2_M800/170704_165913/0000/step2_35.root', '/store/user/aioannou/CRAB_UserFiles/crab_privateMCProduction_Step2_M800/170704_165913/0000/step2_27.root', '/store/user/aioannou/CRAB_UserFiles/crab_privateMCProduction_Step2_M800/170704_165913/0000/step2_1.root', '/store/user/aioannou/CRAB_UserFiles/crab_privateMCProduction_Step2_M800/170704_165913/0000/step2_61.root', '/store/user/aioannou/CRAB_UserFiles/crab_privateMCProduction_Step2_M800/170704_165913/0000/step2_66.root', '/store/user/aioannou/CRAB_UserFiles/crab_privateMCProduction_Step2_M800/170704_165913/0000/step2_32.root', '/store/user/aioannou/CRAB_UserFiles/crab_privateMCProduction_Step2_M800/170704_165913/0000/step2_73.root', '/store/user/aioannou/CRAB_UserFiles/crab_privateMCProduction_Step2_M800/170704_165913/0000/step2_29.root', '/store/user/aioannou/CRAB_UserFiles/crab_privateMCProduction_Step2_M800/170704_165913/0000/step2_31.root', '/store/user/aioannou/CRAB_UserFiles/crab_privateMCProduction_Step2_M800/170704_165913/0000/step2_6.root', '/store/user/aioannou/CRAB_UserFiles/crab_privateMCProduction_Step2_M800/170704_165913/0000/step2_9.root', '/store/user/aioannou/CRAB_UserFiles/crab_privateMCProduction_Step2_M800/170704_165913/0000/step2_37.root', '/store/user/aioannou/CRAB_UserFiles/crab_privateMCProduction_Step2_M800/170704_165913/0000/step2_70.root', '/store/user/aioannou/CRAB_UserFiles/crab_privateMCProduction_Step2_M800/170704_165913/0000/step2_44.root', '/store/user/aioannou/CRAB_UserFiles/crab_privateMCProduction_Step2_M800/170704_165913/0000/step2_77.root', '/store/user/aioannou/CRAB_UserFiles/crab_privateMCProduction_Step2_M800/170704_165913/0000/step2_68.root', '/store/user/aioannou/CRAB_UserFiles/crab_privateMCProduction_Step2_M800/170704_165913/0000/step2_23.root', '/store/user/aioannou/CRAB_UserFiles/crab_privateMCProduction_Step2_M800/170704_165913/0000/step2_56.root', '/store/user/aioannou/CRAB_UserFiles/crab_privateMCProduction_Step2_M800/170704_165913/0000/step2_39.root', '/store/user/aioannou/CRAB_UserFiles/crab_privateMCProduction_Step2_M800/170704_165913/0000/step2_8.root', '/store/user/aioannou/CRAB_UserFiles/crab_privateMCProduction_Step2_M800/170704_165913/0000/step2_80.root', '/store/user/aioannou/CRAB_UserFiles/crab_privateMCProduction_Step2_M800/170704_165913/0000/step2_18.root', '/store/user/aioannou/CRAB_UserFiles/crab_privateMCProduction_Step2_M800/170704_165913/0000/step2_7.root', '/store/user/aioannou/CRAB_UserFiles/crab_privateMCProduction_Step2_M800/170704_165913/0000/step2_79.root', '/store/user/aioannou/CRAB_UserFiles/crab_privateMCProduction_Step2_M800/170704_165913/0000/step2_42.root']), 'primarydataset': 'CRAB_UserFiles', 'inputdata': '', 'dryrun': 0, 'workflow': 'crab_privateMCProduction_Step3_M800', 'cacheurl': u'https://cmsweb.cern.ch/crabcache', 'nonprodsw': 0, 'tfileoutfiles': [], 'oneEventMode': 0, 'debugfilename': 'f707ddedcd59e7849bf18973836b63cbdbcf001aaee7b1727fbb3cd1a5f2eb93.tar.gz', 'saveoutput': 1, 'publication': 0, 'jobarch': 'slc6_amd64_gcc530', 'totalunits': -1, 'splitalgo': 'FileBased', 'ignoreglobalblacklist': 0, 'nonvaliddata': 0, 'dbsurl': 'https://cmsweb.cern.ch/dbs/prod/global/DBSReader', 'publishgroupname': 0, 'jobtype': 'Analysis', 'publishname2': ''} 
DEBUG 2017-07-05 17:41:55,471: 	 Encoded submit request: maxjobruntime=1250&ignorelocality=0&savelogsflag=1&useparent=0&asyncdest=T2_CH_CERN&algoargs=1&cachefilename=b25b9b9b66175d9d1681e7e7fbcc9d85b9764f04956782d8fb00131a59c4e9c9.tar.gz&numcores=4&generator=pythia&maxmemory=2000&publishdbsurl=https%3A%2F%2Fcmsweb.cern.ch%2Fdbs%2Fprod%2Fphys03%2FDBSWriter&priority=10&jobsw=CMSSW_8_0_21&primarydataset=CRAB_UserFiles&inputdata=&dryrun=0&workflow=crab_privateMCProduction_Step3_M800&cacheurl=https%3A%2F%2Fcmsweb.cern.ch%2Fcrabcache&nonprodsw=0&oneEventMode=0&debugfilename=f707ddedcd59e7849bf18973836b63cbdbcf001aaee7b1727fbb3cd1a5f2eb93.tar.gz&saveoutput=1&publication=0&jobarch=slc6_amd64_gcc530&totalunits=-1&splitalgo=FileBased&ignoreglobalblacklist=0&nonvaliddata=0&dbsurl=https%3A%2F%2Fcmsweb.cern.ch%2Fdbs%2Fprod%2Fglobal%2FDBSReader&publishgroupname=0&jobtype=Analysis&publishname2=&edmoutfiles=step3.root&userfiles=/store/user/aioannou/CRAB_UserFiles/crab_privateMCProduction_Step2_M800/170704_165913/0000/step2_81.root&userfiles=/store/user/aioannou/CRAB_UserFiles/crab_privateMCProduction_Step2_M800/170704_165913/0000/step2_52.root&userfiles=/store/user/aioannou/CRAB_UserFiles/crab_privateMCProduction_Step2_M800/170704_165913/0000/step2_4.root&userfiles=/store/user/aioannou/CRAB_UserFiles/crab_privateMCProduction_Step2_M800/170704_165913/0000/step2_48.root&userfiles=/store/user/aioannou/CRAB_UserFiles/crab_privateMCProduction_Step2_M800/170704_165913/0000/step2_49.root&userfiles=/store/user/aioannou/CRAB_UserFiles/crab_privateMCProduction_Step2_M800/170704_165913/0000/step2_69.root&userfiles=/store/user/aioannou/CRAB_UserFiles/crab_privateMCProduction_Step2_M800/170704_165913/0000/step2_25.root&userfiles=/store/user/aioannou/CRAB_UserFiles/crab_privateMCProduction_Step2_M800/170704_165913/0000/step2_3.root&userfiles=/store/user/aioannou/CRAB_UserFiles/crab_privateMCProduction_Step2_M800/170704_165913/0000/step2_19.root&userfiles=/store/user/aioannou/CRAB_UserFiles/crab_privateMCProduction_Step2_M800/170704_165913/0000/step2_83.root&userfiles=/store/user/aioannou/CRAB_UserFiles/crab_privateMCProduction_Step2_M800/170704_165913/0000/step2_62.root&userfiles=/store/user/aioannou/CRAB_UserFiles/crab_privateMCProduction_Step2_M800/170704_165913/0000/step2_58.root&userfiles=/store/user/aioannou/CRAB_UserFiles/crab_privateMCProduction_Step2_M800/170704_165913/0000/step2_13.root&userfiles=/store/user/aioannou/CRAB_UserFiles/crab_privateMCProduction_Step2_M800/170704_165913/0000/step2_28.root&userfiles=/store/user/aioannou/CRAB_UserFiles/crab_privateMCProduction_Step2_M800/170704_165913/0000/step2_63.root&userfiles=/store/user/aioannou/CRAB_UserFiles/crab_privateMCProduction_Step2_M800/170704_165913/0000/step2_51.root&userfiles=/store/user/aioannou/CRAB_UserFiles/crab_privateMCProduction_Step2_M800/170704_165913/0000/step2_82.root&userfiles=/store/user/aioannou/CRAB_UserFiles/crab_privateMCProduction_Step2_M800/170704_165913/0000/step2_30.root&userfiles=/store/user/aioannou/CRAB_UserFiles/crab_privateMCProduction_Step2_M800/170704_165913/0000/step2_47.root&userfiles=/store/user/aioannou/CRAB_UserFiles/crab_privateMCProduction_Step2_M800/170704_165913/0000/step2_38.root&userfiles=/store/user/aioannou/CRAB_UserFiles/crab_privateMCProduction_Step2_M800/170704_165913/0000/step2_76.root&userfiles=/store/user/aioannou/CRAB_UserFiles/crab_privateMCProduction_Step2_M800/170704_165913/0000/step2_71.root&userfiles=/store/user/aioannou/CRAB_UserFiles/crab_privateMCProduction_Step2_M800/170704_165913/0000/step2_55.root&userfiles=/store/user/aioannou/CRAB_UserFiles/crab_privateMCProduction_Step2_M800/170704_165913/0000/step2_45.root&userfiles=/store/user/aioannou/CRAB_UserFiles/crab_privateMCProduction_Step2_M800/170704_165913/0000/step2_10.root&userfiles=/store/user/aioannou/CRAB_UserFiles/crab_privateMCProduction_Step2_M800/170704_165913/0000/step2_43.root&userfiles=/store/user/aioannou/CRAB_UserFiles/crab_privateMCProduction_Step2_M800/170704_165913/0000/step2_22.root&userfiles=/store/user/aioannou/CRAB_UserFiles/crab_privateMCProduction_Step2_M800/170704_165913/0000/step2_67.root&userfiles=/store/user/aioannou/CRAB_UserFiles/crab_privateMCProduction_Step2_M800/170704_165913/0000/step2_41.root&userfiles=/store/user/aioannou/CRAB_UserFiles/crab_privateMCProduction_Step2_M800/170704_165913/0000/step2_33.root&userfiles=/store/user/aioannou/CRAB_UserFiles/crab_privateMCProduction_Step2_M800/170704_165913/0000/step2_53.root&userfiles=/store/user/aioannou/CRAB_UserFiles/crab_privateMCProduction_Step2_M800/170704_165913/0000/step2_60.root&userfiles=/store/user/aioannou/CRAB_UserFiles/crab_privateMCProduction_Step2_M800/170704_165913/0000/step2_57.root&userfiles=/store/user/aioannou/CRAB_UserFiles/crab_privateMCProduction_Step2_M800/170704_165913/0000/step2_15.root&userfiles=/store/user/aioannou/CRAB_UserFiles/crab_privateMCProduction_Step2_M800/170704_165913/0000/step2_2.root&userfiles=/store/user/aioannou/CRAB_UserFiles/crab_privateMCProduction_Step2_M800/170704_165913/0000/step2_5.root&userfiles=/store/user/aioannou/CRAB_UserFiles/crab_privateMCProduction_Step2_M800/170704_165913/0000/step2_72.root&userfiles=/store/user/aioannou/CRAB_UserFiles/crab_privateMCProduction_Step2_M800/170704_165913/0000/step2_26.root&userfiles=/store/user/aioannou/CRAB_UserFiles/crab_privateMCProduction_Step2_M800/170704_165913/0000/step2_65.root&userfiles=/store/user/aioannou/CRAB_UserFiles/crab_privateMCProduction_Step2_M800/170704_165913/0000/step2_46.root&userfiles=/store/user/aioannou/CRAB_UserFiles/crab_privateMCProduction_Step2_M800/170704_165913/0000/step2_21.root&userfiles=/store/user/aioannou/CRAB_UserFiles/crab_privateMCProduction_Step2_M800/170704_165913/0000/step2_17.root&userfiles=/store/user/aioannou/CRAB_UserFiles/crab_privateMCProduction_Step2_M800/170704_165913/0000/step2_78.root&userfiles=/store/user/aioannou/CRAB_UserFiles/crab_privateMCProduction_Step2_M800/170704_165913/0000/step2_54.root&userfiles=/store/user/aioannou/CRAB_UserFiles/crab_privateMCProduction_Step2_M800/170704_165913/0000/step2_84.root&userfiles=/store/user/aioannou/CRAB_UserFiles/crab_privateMCProduction_Step2_M800/170704_165913/0000/step2_16.root&userfiles=/store/user/aioannou/CRAB_UserFiles/crab_privateMCProduction_Step2_M800/170704_165913/0000/step2_40.root&userfiles=/store/user/aioannou/CRAB_UserFiles/crab_privateMCProduction_Step2_M800/170704_165913/0000/step2_50.root&userfiles=/store/user/aioannou/CRAB_UserFiles/crab_privateMCProduction_Step2_M800/170704_165913/0000/step2_64.root&userfiles=/store/user/aioannou/CRAB_UserFiles/crab_privateMCProduction_Step2_M800/170704_165913/0000/step2_34.root&userfiles=/store/user/aioannou/CRAB_UserFiles/crab_privateMCProduction_Step2_M800/170704_165913/0000/step2_20.root&userfiles=/store/user/aioannou/CRAB_UserFiles/crab_privateMCProduction_Step2_M800/170704_165913/0000/step2_75.root&userfiles=/store/user/aioannou/CRAB_UserFiles/crab_privateMCProduction_Step2_M800/170704_165913/0000/step2_36.root&userfiles=/store/user/aioannou/CRAB_UserFiles/crab_privateMCProduction_Step2_M800/170704_165913/0000/step2_14.root&userfiles=/store/user/aioannou/CRAB_UserFiles/crab_privateMCProduction_Step2_M800/170704_165913/0000/step2_11.root&userfiles=/store/user/aioannou/CRAB_UserFiles/crab_privateMCProduction_Step2_M800/170704_165913/0000/step2_74.root&userfiles=/store/user/aioannou/CRAB_UserFiles/crab_privateMCProduction_Step2_M800/170704_165913/0000/step2_24.root&userfiles=/store/user/aioannou/CRAB_UserFiles/crab_privateMCProduction_Step2_M800/170704_165913/0000/step2_59.root&userfiles=/store/user/aioannou/CRAB_UserFiles/crab_privateMCProduction_Step2_M800/170704_165913/0000/step2_12.root&userfiles=/store/user/aioannou/CRAB_UserFiles/crab_privateMCProduction_Step2_M800/170704_165913/0000/step2_35.root&userfiles=/store/user/aioannou/CRAB_UserFiles/crab_privateMCProduction_Step2_M800/170704_165913/0000/step2_27.root&userfiles=/store/user/aioannou/CRAB_UserFiles/crab_privateMCProduction_Step2_M800/170704_165913/0000/step2_1.root&userfiles=/store/user/aioannou/CRAB_UserFiles/crab_privateMCProduction_Step2_M800/170704_165913/0000/step2_61.root&userfiles=/store/user/aioannou/CRAB_UserFiles/crab_privateMCProduction_Step2_M800/170704_165913/0000/step2_66.root&userfiles=/store/user/aioannou/CRAB_UserFiles/crab_privateMCProduction_Step2_M800/170704_165913/0000/step2_32.root&userfiles=/store/user/aioannou/CRAB_UserFiles/crab_privateMCProduction_Step2_M800/170704_165913/0000/step2_73.root&userfiles=/store/user/aioannou/CRAB_UserFiles/crab_privateMCProduction_Step2_M800/170704_165913/0000/step2_29.root&userfiles=/store/user/aioannou/CRAB_UserFiles/crab_privateMCProduction_Step2_M800/170704_165913/0000/step2_31.root&userfiles=/store/user/aioannou/CRAB_UserFiles/crab_privateMCProduction_Step2_M800/170704_165913/0000/step2_6.root&userfiles=/store/user/aioannou/CRAB_UserFiles/crab_privateMCProduction_Step2_M800/170704_165913/0000/step2_9.root&userfiles=/store/user/aioannou/CRAB_UserFiles/crab_privateMCProduction_Step2_M800/170704_165913/0000/step2_37.root&userfiles=/store/user/aioannou/CRAB_UserFiles/crab_privateMCProduction_Step2_M800/170704_165913/0000/step2_70.root&userfiles=/store/user/aioannou/CRAB_UserFiles/crab_privateMCProduction_Step2_M800/170704_165913/0000/step2_44.root&userfiles=/store/user/aioannou/CRAB_UserFiles/crab_privateMCProduction_Step2_M800/170704_165913/0000/step2_77.root&userfiles=/store/user/aioannou/CRAB_UserFiles/crab_privateMCProduction_Step2_M800/170704_165913/0000/step2_68.root&userfiles=/store/user/aioannou/CRAB_UserFiles/crab_privateMCProduction_Step2_M800/170704_165913/0000/step2_23.root&userfiles=/store/user/aioannou/CRAB_UserFiles/crab_privateMCProduction_Step2_M800/170704_165913/0000/step2_56.root&userfiles=/store/user/aioannou/CRAB_UserFiles/crab_privateMCProduction_Step2_M800/170704_165913/0000/step2_39.root&userfiles=/store/user/aioannou/CRAB_UserFiles/crab_privateMCProduction_Step2_M800/170704_165913/0000/step2_8.root&userfiles=/store/user/aioannou/CRAB_UserFiles/crab_privateMCProduction_Step2_M800/170704_165913/0000/step2_80.root&userfiles=/store/user/aioannou/CRAB_UserFiles/crab_privateMCProduction_Step2_M800/170704_165913/0000/step2_18.root&userfiles=/store/user/aioannou/CRAB_UserFiles/crab_privateMCProduction_Step2_M800/170704_165913/0000/step2_7.root&userfiles=/store/user/aioannou/CRAB_UserFiles/crab_privateMCProduction_Step2_M800/170704_165913/0000/step2_79.root&userfiles=/store/user/aioannou/CRAB_UserFiles/crab_privateMCProduction_Step2_M800/170704_165913/0000/step2_42.root
DEBUG 2017-07-05 17:41:56,138: 	 Result: {u'result': [{u'RequestName': u'170705_154155:aioannou_crab_privateMCProduction_Step3_M800'}]}
INFO 2017-07-05 17:41:56,145: 	 Success: Your task has been delivered to the CRAB3 server.
INFO 2017-07-05 17:41:56,145: 	 Task name: 170705_154155:aioannou_crab_privateMCProduction_Step3_M800
INFO 2017-07-05 17:41:56,145: 	 Please use 'crab status' to check how the submission process proceeds.
DEBUG 2017-07-05 17:41:56,145: 	 About to return
INFO 2017-07-05 17:41:56,149: 	 Log file is /afs/cern.ch/work/a/aioannou/MonteCarlo_Production/CMSSW_8_0_21/src/AToZhToNuNuBB/All/crab_privateMCProduction/crab_privateMCProduction_Step3_M800/crab.log
DEBUG 2017-07-06 09:37:47,103: 	 Executing command: 'status'
DEBUG 2017-07-06 09:37:47,105: 	 Found CRAB cache file /afs/cern.ch/user/a/aioannou/.crab3
DEBUG 2017-07-06 09:37:47,149: 	 Checking credentials
DEBUG 2017-07-06 09:37:47,150: 	 Proxy file /tmp/x509up_u30131 not found
DEBUG 2017-07-06 09:37:47,150: 	 Creating new proxy for 24:00 hours with VO group '' and VO role 'NULL'.
DEBUG 2017-07-06 09:37:52,073: 	 Executing : 
 command : voms-proxy-init -voms cms:/cms -valid 24:00 -rfc
 output : None
 error: None
 retcode : 0
DEBUG 2017-07-06 09:37:52,577: 	 Executing : 
 command : voms-proxy-info -file /tmp/x509up_u30131 -timeleft
 output : 86398

 error: 
 retcode : 0
DEBUG 2017-07-06 09:37:53,084: 	 Executing : 
 command : voms-proxy-info -file /tmp/x509up_u30131 -actimeleft
 output : 86397

 error: 
 retcode : 0
DEBUG 2017-07-06 09:37:53,590: 	 Executing : 
 command : env X509_USER_PROXY=/tmp/x509up_u30131 voms-proxy-info -fqan
 output : /cms/Role=NULL/Capability=NULL

 error: 
 retcode : 0
DEBUG 2017-07-06 09:37:53,590: 	 Proxy created.
DEBUG 2017-07-06 09:37:53,747: 	 Executing : 
 command : openssl x509 -in ~/.globus/usercert.pem -subject -noout
 output : subject= /DC=ch/DC=cern/OU=Organic Units/OU=Users/CN=aioannou/CN=732460/CN=Aimilios Ioannou

 error: 
 retcode : 0
DEBUG 2017-07-06 09:37:53,748: 	 Checking credentials
DEBUG 2017-07-06 09:37:53,748: 	 Found proxy file /tmp/x509up_u30131
DEBUG 2017-07-06 09:37:53,748: 	 Getting proxy life time left
DEBUG 2017-07-06 09:37:54,353: 	 Executing : 
 command : voms-proxy-info -file /tmp/x509up_u30131 -timeleft
 output : 86396

 error: 
 retcode : 0
DEBUG 2017-07-06 09:37:54,857: 	 Executing : 
 command : voms-proxy-info -file /tmp/x509up_u30131 -actimeleft
 output : 86396

 error: 
 retcode : 0
DEBUG 2017-07-06 09:37:54,857: 	 Proxy valid for 23:59:56 hours
DEBUG 2017-07-06 09:37:55,489: 	 Registering user credentials for server /DC=ch/DC=cern/OU=computers/CN=vocms(045|052|021|031|0118|0118a|0119|0108|0105|0109).cern.ch
DEBUG 2017-07-06 09:37:55,597: 	 Executing : 
 command : openssl x509 -in ~/.globus/usercert.pem -subject -noout
 output : subject= /DC=ch/DC=cern/OU=Organic Units/OU=Users/CN=aioannou/CN=732460/CN=Aimilios Ioannou

 error: 
 retcode : 0
DEBUG 2017-07-06 09:37:55,598: 	 Getting myproxy life time left for myproxy.cern.ch
DEBUG 2017-07-06 09:37:55,598: 	 Calculating hash of /DC=ch/DC=cern/OU=Organic Units/OU=Users/CN=aioannou/CN=732460/CN=Aimilios Ioannou_cmsweb.cern.ch for credential name
DEBUG 2017-07-06 09:37:55,903: 	 Executing : 
 command : myproxy-info -l a8f12d04b7c64407fde44f3d1d5bb65c0a0c8ca0 -s myproxy.cern.ch
 output : username: a8f12d04b7c64407fde44f3d1d5bb65c0a0c8ca0
owner: /DC=ch/DC=cern/OU=Organic Units/OU=Users/CN=aioannou/CN=732460/CN=Aimilios Ioannou
  renewal policy: /DC=ch/DC=cern/OU=computers/CN=vocms(045|052|021|031|0118|0118a|0119|0108|0105|0109).cern.ch
  trusted retrieval policy: /DC=ch/DC=cern/OU=computers/CN=vocms(045|052|021|031|0118|0118a|0119|0108|0105|0109).cern.ch
  timeleft: 382:17:04  (15.9 days)

 error: 
 retcode : 0
DEBUG 2017-07-06 09:37:55,905: 	 Myproxy is valid: 1376224
DEBUG 2017-07-06 09:37:55,905: 	 Command use: status
DEBUG 2017-07-06 09:37:55,905: 	 Options use: ['-d', 'crab_privateMCProduction_Step3_M800/']
DEBUG 2017-07-06 09:37:56,257: 	 CRABClient version: 3.3.1706
DEBUG 2017-07-06 09:37:56,257: 	 Instance is prod
DEBUG 2017-07-06 09:37:56,257: 	 Server base url is cmsweb.cern.ch
DEBUG 2017-07-06 09:37:56,257: 	 Command url /crabserver/prod/workflow
DEBUG 2017-07-06 09:37:56,766: 	 Got information from server oracle database: {u'result': [u'170705_154155:aioannou_crab_privateMCProduction_Step3_M800', u'None', u'SUBMITTED', u'2017-07-05 15:41:56.119152', u'None', u'2017-07-05 15:43:01.316499', u'None', u'CMSSW_8_0_21', u'slc6_amd64_gcc530', u'None', u'[]', u'[]', u'FileBased', u"{'splitOnRun': False, 'halt_job_on_file_boundaries': False, 'files_per_job': 1, 'runs': [], 'lumis': []}", u'-1', u'b25b9b9b66175d9d1681e7e7fbcc9d85b9764f04956782d8fb00131a59c4e9c9.tar.gz', u'https://cmsweb.cern.ch/crabcache', u'aioannou', u'/DC=ch/DC=cern/OU=Organic Units/OU=Users/CN=aioannou/CN=732460/CN=Aimilios Ioannou', u'cms', u'None', u'None', u'crab_privateMCProduction_Step3_M800-00000000000000000000000000000000', u'T2_CH_CERN', u'https://cmsweb.cern.ch/dbs/prod/global/DBSReader', u'https://cmsweb.cern.ch/dbs/prod/phys03/DBSWriter', u'F', u'Analysis', u'{}', u'[]', u'T', u'vocms052', u'[]', u'1250', u'4', u'2000', u'10', u"['/CRAB_UserFiles/aioannou-crab_privateMCProduction_Step3_M800-b1a4edca9adfa7a2e4059536bf605cd7/USER']", u'http://vocms0196.cern.ch/mon/cms364/170705_154155:aioannou_crab_privateMCProduction_Step3_M800', u'None', u'None', u'[]', u'[]', u'[]', u'pythia', u'[]', u'[]', u"['step3.root']", u'https://cmsweb.cern.ch/crabserver/prod', u'None', u'0', u'cmsgwms-collector-global.cern.ch:9620,cmssrv221.fnal.gov:9620', u'crab3@vocms0196.cern.ch', u'F', u"['/store/user/aioannou/CRAB_UserFiles/crab_privateMCProduction_Step2_M800/170704_165913/0000/step2_81.root', '/store/user/aioannou/CRAB_UserFiles/crab_privateMCProduction_Step2_M800/170704_165913/0000/step2_52.root', '/store/user/aioannou/CRAB_UserFiles/crab_privateMCProduction_Step2_M800/170704_165913/0000/step2_4.root', '/store/user/aioannou/CRAB_UserFiles/crab_privateMCProduction_Step2_M800/170704_165913/0000/step2_48.root', '/store/user/aioannou/CRAB_UserFiles/crab_privateMCProduction_Step2_M800/170704_165913/0000/step2_49.root', '/store/user/aioannou/CRAB_UserFiles/crab_privateMCProduction_Step2_M800/170704_165913/0000/step2_69.root', '/store/user/aioannou/CRAB_UserFiles/crab_privateMCProduction_Step2_M800/170704_165913/0000/step2_25.root', '/store/user/aioannou/CRAB_UserFiles/crab_privateMCProduction_Step2_M800/170704_165913/0000/step2_3.root', '/store/user/aioannou/CRAB_UserFiles/crab_privateMCProduction_Step2_M800/170704_165913/0000/step2_19.root', '/store/user/aioannou/CRAB_UserFiles/crab_privateMCProduction_Step2_M800/170704_165913/0000/step2_83.root', '/store/user/aioannou/CRAB_UserFiles/crab_privateMCProduction_Step2_M800/170704_165913/0000/step2_62.root', '/store/user/aioannou/CRAB_UserFiles/crab_privateMCProduction_Step2_M800/170704_165913/0000/step2_58.root', '/store/user/aioannou/CRAB_UserFiles/crab_privateMCProduction_Step2_M800/170704_165913/0000/step2_13.root', '/store/user/aioannou/CRAB_UserFiles/crab_privateMCProduction_Step2_M800/170704_165913/0000/step2_28.root', '/store/user/aioannou/CRAB_UserFiles/crab_privateMCProduction_Step2_M800/170704_165913/0000/step2_63.root', '/store/user/aioannou/CRAB_UserFiles/crab_privateMCProduction_Step2_M800/170704_165913/0000/step2_51.root', '/store/user/aioannou/CRAB_UserFiles/crab_privateMCProduction_Step2_M800/170704_165913/0000/step2_82.root', '/store/user/aioannou/CRAB_UserFiles/crab_privateMCProduction_Step2_M800/170704_165913/0000/step2_30.root', '/store/user/aioannou/CRAB_UserFiles/crab_privateMCProduction_Step2_M800/170704_165913/0000/step2_47.root', '/store/user/aioannou/CRAB_UserFiles/crab_privateMCProduction_Step2_M800/170704_165913/0000/step2_38.root', '/store/user/aioannou/CRAB_UserFiles/crab_privateMCProduction_Step2_M800/170704_165913/0000/step2_76.root', '/store/user/aioannou/CRAB_UserFiles/crab_privateMCProduction_Step2_M800/170704_165913/0000/step2_71.root', '/store/user/aioannou/CRAB_UserFiles/crab_privateMCProduction_Step2_M800/170704_165913/0000/step2_55.root', '/store/user/aioannou/CRAB_UserFiles/crab_privateMCProduction_Step2_M800/170704_165913/0000/step2_45.root', '/store/user/aioannou/CRAB_UserFiles/crab_privateMCProduction_Step2_M800/170704_165913/0000/step2_10.root', '/store/user/aioannou/CRAB_UserFiles/crab_privateMCProduction_Step2_M800/170704_165913/0000/step2_43.root', '/store/user/aioannou/CRAB_UserFiles/crab_privateMCProduction_Step2_M800/170704_165913/0000/step2_22.root', '/store/user/aioannou/CRAB_UserFiles/crab_privateMCProduction_Step2_M800/170704_165913/0000/step2_67.root', '/store/user/aioannou/CRAB_UserFiles/crab_privateMCProduction_Step2_M800/170704_165913/0000/step2_41.root', '/store/user/aioannou/CRAB_UserFiles/crab_privateMCProduction_Step2_M800/170704_165913/0000/step2_33.root', '/store/user/aioannou/CRAB_UserFiles/crab_privateMCProduction_Step2_M800/170704_165913/0000/step2_53.root', '/store/user/aioannou/CRAB_UserFiles/crab_privateMCProduction_Step2_M800/170704_165913/0000/step2_60.root', '/store/user/aioannou/CRAB_UserFiles/crab_privateMCProduction_Step2_M800/170704_165913/0000/step2_57.root', '/store/user/aioannou/CRAB_UserFiles/crab_privateMCProduction_Step2_M800/170704_165913/0000/step2_15.root', '/store/user/aioannou/CRAB_UserFiles/crab_privateMCProduction_Step2_M800/170704_165913/0000/step2_2.root', '/store/user/aioannou/CRAB_UserFiles/crab_privateMCProduction_Step2_M800/170704_165913/0000/step2_5.root', '/store/user/aioannou/CRAB_UserFiles/crab_privateMCProduction_Step2_M800/170704_165913/0000/step2_72.root', '/store/user/aioannou/CRAB_UserFiles/crab_privateMCProduction_Step2_M800/170704_165913/0000/step2_26.root', '/store/user/aioannou/CRAB_UserFiles/crab_privateMCProduction_Step2_M800/170704_165913/0000/step2_65.root', '/store/user/aioannou/CRAB_UserFiles/crab_privateMCProduction_Step2_M800/170704_165913/0000/step2_46.root', '/store/user/aioannou/CRAB_UserFiles/crab_privateMCProduction_Step2_M800/170704_165913/0000/step2_21.root', '/store/user/aioannou/CRAB_UserFiles/crab_privateMCProduction_Step2_M800/170704_165913/0000/step2_17.root', '/store/user/aioannou/CRAB_UserFiles/crab_privateMCProduction_Step2_M800/170704_165913/0000/step2_78.root', '/store/user/aioannou/CRAB_UserFiles/crab_privateMCProduction_Step2_M800/170704_165913/0000/step2_54.root', '/store/user/aioannou/CRAB_UserFiles/crab_privateMCProduction_Step2_M800/170704_165913/0000/step2_84.root', '/store/user/aioannou/CRAB_UserFiles/crab_privateMCProduction_Step2_M800/170704_165913/0000/step2_16.root', '/store/user/aioannou/CRAB_UserFiles/crab_privateMCProduction_Step2_M800/170704_165913/0000/step2_40.root', '/store/user/aioannou/CRAB_UserFiles/crab_privateMCProduction_Step2_M800/170704_165913/0000/step2_50.root', '/store/user/aioannou/CRAB_UserFiles/crab_privateMCProduction_Step2_M800/170704_165913/0000/step2_64.root', '/store/user/aioannou/CRAB_UserFiles/crab_privateMCProduction_Step2_M800/170704_165913/0000/step2_34.root', '/store/user/aioannou/CRAB_UserFiles/crab_privateMCProduction_Step2_M800/170704_165913/0000/step2_20.root', '/store/user/aioannou/CRAB_UserFiles/crab_privateMCProduction_Step2_M800/170704_165913/0000/step2_75.root', '/store/user/aioannou/CRAB_UserFiles/crab_privateMCProduction_Step2_M800/170704_165913/0000/step2_36.root', '/store/user/aioannou/CRAB_UserFiles/crab_privateMCProduction_Step2_M800/170704_165913/0000/step2_14.root', '/store/user/aioannou/CRAB_UserFiles/crab_privateMCProduction_Step2_M800/170704_165913/0000/step2_11.root', '/store/user/aioannou/CRAB_UserFiles/crab_privateMCProduction_Step2_M800/170704_165913/0000/step2_74.root', '/store/user/aioannou/CRAB_UserFiles/crab_privateMCProduction_Step2_M800/170704_165913/0000/step2_24.root', '/store/user/aioannou/CRAB_UserFiles/crab_privateMCProduction_Step2_M800/170704_165913/0000/step2_59.root', '/store/user/aioannou/CRAB_UserFiles/crab_privateMCProduction_Step2_M800/170704_165913/0000/step2_12.root', '/store/user/aioannou/CRAB_UserFiles/crab_privateMCProduction_Step2_M800/170704_165913/0000/step2_35.root', '/store/user/aioannou/CRAB_UserFiles/crab_privateMCProduction_Step2_M800/170704_165913/0000/step2_27.root', '/store/user/aioannou/CRAB_UserFiles/crab_privateMCProduction_Step2_M800/170704_165913/0000/step2_1.root', '/store/user/aioannou/CRAB_UserFiles/crab_privateMCProduction_Step2_M800/170704_165913/0000/step2_61.root', '/store/user/aioannou/CRAB_UserFiles/crab_privateMCProduction_Step2_M800/170704_165913/0000/step2_66.root', '/store/user/aioannou/CRAB_UserFiles/crab_privateMCProduction_Step2_M800/170704_165913/0000/step2_32.root', '/store/user/aioannou/CRAB_UserFiles/crab_privateMCProduction_Step2_M800/170704_165913/0000/step2_73.root', '/store/user/aioannou/CRAB_UserFiles/crab_privateMCProduction_Step2_M800/170704_165913/0000/step2_29.root', '/store/user/aioannou/CRAB_UserFiles/crab_privateMCProduction_Step2_M800/170704_165913/0000/step2_31.root', '/store/user/aioannou/CRAB_UserFiles/crab_privateMCProduction_Step2_M800/170704_165913/0000/step2_6.root', '/store/user/aioannou/CRAB_UserFiles/crab_privateMCProduction_Step2_M800/170704_165913/0000/step2_9.root', '/store/user/aioannou/CRAB_UserFiles/crab_privateMCProduction_Step2_M800/170704_165913/0000/step2_37.root', '/store/user/aioannou/CRAB_UserFiles/crab_privateMCProduction_Step2_M800/170704_165913/0000/step2_70.root', '/store/user/aioannou/CRAB_UserFiles/crab_privateMCProduction_Step2_M800/170704_165913/0000/step2_44.root', '/store/user/aioannou/CRAB_UserFiles/crab_privateMCProduction_Step2_M800/170704_165913/0000/step2_77.root', '/store/user/aioannou/CRAB_UserFiles/crab_privateMCProduction_Step2_M800/170704_165913/0000/step2_68.root', '/store/user/aioannou/CRAB_UserFiles/crab_privateMCProduction_Step2_M800/170704_165913/0000/step2_23.root', '/store/user/aioannou/CRAB_UserFiles/crab_privateMCProduction_Step2_M800/170704_165913/0000/step2_56.root', '/store/user/aioannou/CRAB_UserFiles/crab_privateMCProduction_Step2_M800/170704_165913/0000/step2_39.root', '/store/user/aioannou/CRAB_UserFiles/crab_privateMCProduction_Step2_M800/170704_165913/0000/step2_8.root', '/store/user/aioannou/CRAB_UserFiles/crab_privateMCProduction_Step2_M800/170704_165913/0000/step2_80.root', '/store/user/aioannou/CRAB_UserFiles/crab_privateMCProduction_Step2_M800/170704_165913/0000/step2_18.root', '/store/user/aioannou/CRAB_UserFiles/crab_privateMCProduction_Step2_M800/170704_165913/0000/step2_7.root', '/store/user/aioannou/CRAB_UserFiles/crab_privateMCProduction_Step2_M800/170704_165913/0000/step2_79.root', '/store/user/aioannou/CRAB_UserFiles/crab_privateMCProduction_Step2_M800/170704_165913/0000/step2_42.root']", u'T', u'/store/user/aioannou/', u'F', u'None', u'F', u'F', u'F', u'None', u'CRAB_UserFiles', u'filetransfers', u'SUBMIT', u'8484143', u'f707ddedcd59e7849bf18973836b63cbdbcf001aaee7b1727fbb3cd1a5f2eb93.tar.gz', u'188.184.89.203', u'F', u'None'], u'desc': {u'columns': [u'tm_taskname', u'panda_jobset_id', u'tm_task_status', u'tm_start_time', u'tm_start_injection', u'tm_end_injection', u'tm_task_failure', u'tm_job_sw', u'tm_job_arch', u'tm_input_dataset', u'tm_site_whitelist', u'tm_site_blacklist', u'tm_split_algo', u'tm_split_args', u'tm_totalunits', u'tm_user_sandbox', u'tm_cache_url', u'tm_username', u'tm_user_dn', u'tm_user_vo', u'tm_user_role', u'tm_user_group', u'tm_publish_name', u'tm_asyncdest', u'tm_dbs_url', u'tm_publish_dbs_url', u'tm_publication', u'tm_job_type', u'tm_arguments', u'panda_resubmitted_jobs', u'tm_save_logs', u'tw_name', u'tm_user_infiles', u'tm_maxjobruntime', u'tm_numcores', u'tm_maxmemory', u'tm_priority', u'tm_output_dataset', u'tm_user_webdir', u'tm_activity', u'tm_scriptexe', u'tm_scriptargs', u'tm_extrajdl', u'tm_task_warnings', u'tm_generator', u'tm_outfiles', u'tm_tfile_outfiles', u'tm_edm_outfiles', u'tm_asourl', u'tm_events_per_lumi', u'tm_use_parent', u'tm_collector', u'tm_schedd', u'tm_dry_run', u'tm_user_files', u'tm_transfer_outputs', u'tm_output_lfn', u'tm_ignore_locality', u'tm_fail_limit', u'tm_one_event_mode', u'tm_publish_groupname', u'tm_nonvalid_input_dataset', u'tm_secondary_input_dataset', u'tm_primary_dataset', u'tm_asodb', u'tm_task_command', u'clusterid', u'tm_debug_files', u'tm_submitter_ip_addr', u'tm_ignore_global_blacklist', u'tm_last_publication']}}
INFO 2017-07-06 09:37:56,766: 	 CRAB project directory:		/afs/cern.ch/work/a/aioannou/MonteCarlo_Production/CMSSW_8_0_21/src/AToZhToNuNuBB/All/crab_privateMCProduction/crab_privateMCProduction_Step3_M800
INFO 2017-07-06 09:37:56,766: 	 Task name:			170705_154155:aioannou_crab_privateMCProduction_Step3_M800
INFO 2017-07-06 09:37:56,766: 	 Grid scheduler:			crab3@vocms0196.cern.ch
INFO 2017-07-06 09:37:56,766: 	 Status on the CRAB server:	SUBMITTED
INFO 2017-07-06 09:37:56,767: 	 Task URL to use for HELP:	https://cmsweb.cern.ch/crabserver/ui/task/170705_154155%3Aaioannou_crab_privateMCProduction_Step3_M800
INFO 2017-07-06 09:37:56,767: 	 Dashboard monitoring URL:	http://dashb-cms-job.cern.ch/dashboard/templates/task-analysis/#user=aioannou&refresh=0&table=Jobs&p=1&records=25&activemenu=2&status=&site=&tid=170705_154155%3Aaioannou_crab_privateMCProduction_Step3_M800
DEBUG 2017-07-06 09:37:56,767: 	 The CRAB server submitted your task to the Grid scheduler (cluster ID: 8484143)
DEBUG 2017-07-06 09:37:56,767: 	 Webdir is located at http://vocms0196.cern.ch/mon/cms364/170705_154155:aioannou_crab_privateMCProduction_Step3_M800
DEBUG 2017-07-06 09:37:57,106: 	 Proxied webdir is located at https://cmsweb.cern.ch/scheddmon/0196/cms364/170705_154155:aioannou_crab_privateMCProduction_Step3_M800
DEBUG 2017-07-06 09:37:57,106: 	 Retrieving 'status_cache' file from https://cmsweb.cern.ch/scheddmon/0196/cms364/170705_154155:aioannou_crab_privateMCProduction_Step3_M800/status_cache
DEBUG 2017-07-06 09:37:57,444: 	 Got information from status cache file: {'58': {'Retries': 0, 'WallDurations': [8.0, 2746.0], 'StartTimes': [1499269514.0], 'SubmitTimes': [1499269380.0], 'JobIds': ['8484205.0'], 'EndTimes': [1499272260.0], 'Restarts': 0, 'RecordedSite': True, 'State': 'finished', 'ResidentSetSize': [1724944], 'TotalUserCpuTimeHistory': [1641], 'SiteHistory': ['Unknown', 'T2_US_UCSD'], 'TotalSysCpuTimeHistory': [85]}, '30': {'Retries': 0, 'WallDurations': [9.0, 1587.0], 'StartTimes': [1499269502.0], 'SubmitTimes': [1499269378.0], 'JobIds': ['8484177.0'], 'EndTimes': [1499271089.0], 'Restarts': 0, 'RecordedSite': True, 'State': 'finished', 'ResidentSetSize': [1769444], 'TotalUserCpuTimeHistory': [1154], 'SiteHistory': ['Unknown', 'T2_US_MIT'], 'TotalSysCpuTimeHistory': [40]}, '28': {'Retries': 0, 'WallDurations': [9.0, 2910.0], 'StartTimes': [1499269509.0], 'SubmitTimes': [1499269378.0], 'JobIds': ['8484176.0'], 'EndTimes': [1499272419.0], 'Restarts': 0, 'RecordedSite': True, 'State': 'finished', 'ResidentSetSize': [1647844], 'TotalUserCpuTimeHistory': [1857], 'SiteHistory': ['Unknown', 'T2_US_UCSD'], 'TotalSysCpuTimeHistory': [59]}, '29': {'Retries': 0, 'WallDurations': [9.0, 3000.0], 'StartTimes': [1499269503.0], 'SubmitTimes': [1499269377.0], 'JobIds': ['8484168.0'], 'EndTimes': [1499272503.0], 'Restarts': 0, 'RecordedSite': True, 'State': 'finished', 'ResidentSetSize': [1615852], 'TotalUserCpuTimeHistory': [1927], 'SiteHistory': ['Unknown', 'T2_US_Vanderbilt'], 'TotalSysCpuTimeHistory': [26]}, '60': {'Retries': 0, 'WallDurations': [8.0, 3202.0], 'StartTimes': [1499269513.0], 'SubmitTimes': [1499269380.0], 'JobIds': ['8484202.0'], 'EndTimes': [1499272715.0], 'Restarts': 0, 'RecordedSite': True, 'State': 'finished', 'ResidentSetSize': [1669984], 'TotalUserCpuTimeHistory': [1937], 'SiteHistory': ['Unknown', 'T2_US_Vanderbilt'], 'TotalSysCpuTimeHistory': [24]}, '61': {'Retries': 0, 'WallDurations': [9.0, 2708.0], 'StartTimes': [1499269513.0], 'SubmitTimes': [1499269386.0], 'JobIds': ['8484206.0'], 'EndTimes': [1499272221.0], 'Restarts': 0, 'RecordedSite': True, 'State': 'finished', 'ResidentSetSize': [1749668], 'TotalUserCpuTimeHistory': [1755], 'SiteHistory': ['Unknown', 'T2_US_UCSD'], 'TotalSysCpuTimeHistory': [69]}, '62': {'Retries': 0, 'WallDurations': [9.0, 2750.0], 'StartTimes': [1499269514.0], 'SubmitTimes': [1499269386.0], 'JobIds': ['8484207.0'], 'EndTimes': [1499272264.0], 'Restarts': 0, 'RecordedSite': True, 'State': 'finished', 'ResidentSetSize': [1686284], 'TotalUserCpuTimeHistory': [1703], 'SiteHistory': ['Unknown', 'T2_US_UCSD'], 'TotalSysCpuTimeHistory': [48]}, '63': {'Retries': 0, 'WallDurations': [9.0, 3584.0], 'StartTimes': [1499269514.0], 'SubmitTimes': [1499269386.0], 'JobIds': ['8484209.0'], 'EndTimes': [1499273098.0], 'Restarts': 0, 'RecordedSite': True, 'State': 'finished', 'ResidentSetSize': [1782512], 'TotalUserCpuTimeHistory': [2729], 'SiteHistory': ['Unknown', 'T2_US_UCSD'], 'TotalSysCpuTimeHistory': [35]}, '64': {'Retries': 0, 'WallDurations': [9.0, 2815.0], 'StartTimes': [1499269513.0], 'SubmitTimes': [1499269386.0], 'JobIds': ['8484208.0'], 'EndTimes': [1499272328.0], 'Restarts': 0, 'RecordedSite': True, 'State': 'finished', 'ResidentSetSize': [1774828], 'TotalUserCpuTimeHistory': [2035], 'SiteHistory': ['Unknown', 'T2_US_UCSD'], 'TotalSysCpuTimeHistory': [37]}, '65': {'Retries': 0, 'WallDurations': [8.0, 2833.0], 'StartTimes': [1499269515.0], 'SubmitTimes': [1499269386.0], 'JobIds': ['8484214.0'], 'EndTimes': [1499272348.0], 'Restarts': 0, 'RecordedSite': True, 'State': 'finished', 'ResidentSetSize': [1721380], 'TotalUserCpuTimeHistory': [2031], 'SiteHistory': ['Unknown', 'T2_US_UCSD'], 'TotalSysCpuTimeHistory': [37]}, '66': {'Retries': 0, 'WallDurations': [8.0, 4089.0], 'StartTimes': [1499269513.0], 'SubmitTimes': [1499269386.0], 'JobIds': ['8484213.0'], 'EndTimes': [1499273602.0], 'Restarts': 0, 'RecordedSite': True, 'State': 'finished', 'ResidentSetSize': [1732352], 'TotalUserCpuTimeHistory': [2433], 'SiteHistory': ['Unknown', 'T2_US_Vanderbilt'], 'TotalSysCpuTimeHistory': [23]}, '67': {'Retries': 0, 'WallDurations': [8.0, 3334.0], 'StartTimes': [1499269515.0], 'SubmitTimes': [1499269386.0], 'JobIds': ['8484210.0'], 'EndTimes': [1499272849.0], 'Restarts': 0, 'RecordedSite': True, 'State': 'finished', 'ResidentSetSize': [1667064], 'TotalUserCpuTimeHistory': [2380], 'SiteHistory': ['Unknown', 'T2_US_UCSD'], 'TotalSysCpuTimeHistory': [68]}, '68': {'Retries': 0, 'WallDurations': [9.0, 2703.0], 'StartTimes': [1499269514.0], 'SubmitTimes': [1499269386.0], 'JobIds': ['8484211.0'], 'EndTimes': [1499272217.0], 'Restarts': 0, 'RecordedSite': True, 'State': 'finished', 'ResidentSetSize': [1711156], 'TotalUserCpuTimeHistory': [1956], 'SiteHistory': ['Unknown', 'T2_US_Vanderbilt'], 'TotalSysCpuTimeHistory': [18]}, '69': {'Retries': 0, 'WallDurations': [9.0, 3171.0], 'StartTimes': [1499269514.0], 'SubmitTimes': [1499269386.0], 'JobIds': ['8484212.0'], 'EndTimes': [1499272685.0], 'Restarts': 0, 'RecordedSite': True, 'State': 'finished', 'ResidentSetSize': [1737432], 'TotalUserCpuTimeHistory': [2080], 'SiteHistory': ['Unknown', 'T2_US_Vanderbilt'], 'TotalSysCpuTimeHistory': [23]}, '80': {'Retries': 0, 'WallDurations': [9.0, 1831.0], 'StartTimes': [1499269513.0], 'SubmitTimes': [1499269387.0], 'JobIds': ['8484225.0'], 'EndTimes': [1499271344.0], 'Restarts': 0, 'RecordedSite': True, 'State': 'finished', 'ResidentSetSize': [1691996], 'TotalUserCpuTimeHistory': [1255], 'SiteHistory': ['Unknown', 'T2_US_Vanderbilt'], 'TotalSysCpuTimeHistory': [13]}, '81': {'Retries': 0, 'WallDurations': [8.0, 2084.0], 'StartTimes': [1499269514.0], 'SubmitTimes': [1499269388.0], 'JobIds': ['8484226.0'], 'EndTimes': [1499271598.0], 'Restarts': 0, 'RecordedSite': True, 'State': 'finished', 'ResidentSetSize': [1636276], 'TotalUserCpuTimeHistory': [1320], 'SiteHistory': ['Unknown', 'T2_US_Vanderbilt'], 'TotalSysCpuTimeHistory': [16]}, '84': {'Retries': 0, 'WallDurations': [9.0, 2876.0], 'StartTimes': [1499269513.0], 'SubmitTimes': [1499269388.0], 'JobIds': ['8484229.0'], 'EndTimes': [1499272389.0], 'Restarts': 0, 'RecordedSite': True, 'State': 'finished', 'ResidentSetSize': [1766672], 'TotalUserCpuTimeHistory': [2037], 'SiteHistory': ['Unknown', 'T2_US_UCSD'], 'TotalSysCpuTimeHistory': [31]}, '24': {'Retries': 0, 'WallDurations': [10.0, 4731.0], 'StartTimes': [1499269516.0], 'SubmitTimes': [1499269377.0], 'JobIds': ['8484171.0'], 'EndTimes': [1499274247.0], 'Restarts': 0, 'RecordedSite': True, 'State': 'finished', 'ResidentSetSize': [1765868], 'TotalUserCpuTimeHistory': [3745], 'SiteHistory': ['Unknown', 'T2_US_Vanderbilt'], 'TotalSysCpuTimeHistory': [46]}, '25': {'Retries': 0, 'WallDurations': [10.0, 3490.0], 'StartTimes': [1499269504.0], 'SubmitTimes': [1499269377.0], 'JobIds': ['8484170.0'], 'EndTimes': [1499272994.0], 'Restarts': 0, 'RecordedSite': True, 'State': 'finished', 'ResidentSetSize': [1798980], 'TotalUserCpuTimeHistory': [2552], 'SiteHistory': ['Unknown', 'T2_US_Vanderbilt'], 'TotalSysCpuTimeHistory': [72]}, '26': {'Retries': 0, 'WallDurations': [9.0, 1721.0], 'StartTimes': [1499269502.0], 'SubmitTimes': [1499269377.0], 'JobIds': ['8484172.0'], 'EndTimes': [1499271223.0], 'Restarts': 0, 'RecordedSite': True, 'State': 'finished', 'ResidentSetSize': [1713632], 'TotalUserCpuTimeHistory': [1246], 'SiteHistory': ['Unknown', 'T2_US_MIT'], 'TotalSysCpuTimeHistory': [40]}, '27': {'Retries': 0, 'WallDurations': [10.0, 3491.0], 'StartTimes': [1499269502.0], 'SubmitTimes': [1499269378.0], 'JobIds': ['8484174.0'], 'EndTimes': [1499272993.0], 'Restarts': 0, 'RecordedSite': True, 'State': 'finished', 'ResidentSetSize': [1757356], 'TotalUserCpuTimeHistory': [2168], 'SiteHistory': ['Unknown', 'T2_US_Wisconsin'], 'TotalSysCpuTimeHistory': [90]}, '20': {'Retries': 0, 'WallDurations': [10.0, 4199.0], 'StartTimes': [1499269504.0], 'SubmitTimes': [1499269377.0], 'JobIds': ['8484166.0'], 'EndTimes': [1499273703.0], 'Restarts': 0, 'RecordedSite': True, 'State': 'finished', 'ResidentSetSize': [1751416], 'TotalUserCpuTimeHistory': [3320], 'SiteHistory': ['Unknown', 'T2_US_Vanderbilt'], 'TotalSysCpuTimeHistory': [49]}, '21': {'Retries': 0, 'WallDurations': [10.0, 2237.0], 'StartTimes': [1499269514.0], 'SubmitTimes': [1499269388.0], 'JobIds': ['8484230.0'], 'EndTimes': [1499271751.0], 'Restarts': 0, 'RecordedSite': True, 'State': 'finished', 'ResidentSetSize': [1728492], 'TotalUserCpuTimeHistory': [1687], 'SiteHistory': ['Unknown', 'T2_US_Vanderbilt'], 'TotalSysCpuTimeHistory': [20]}, '22': {'Retries': 0, 'WallDurations': [9.0, 1778.0], 'StartTimes': [1499269502.0], 'SubmitTimes': [1499269377.0], 'JobIds': ['8484167.0'], 'EndTimes': [1499271280.0], 'Restarts': 0, 'RecordedSite': True, 'State': 'finished', 'ResidentSetSize': [1721224], 'TotalUserCpuTimeHistory': [1355], 'SiteHistory': ['Unknown', 'T2_US_MIT'], 'TotalSysCpuTimeHistory': [30]}, '49': {'Retries': 0, 'WallDurations': [9.0, 7516.0], 'StartTimes': [1499269513.0], 'SubmitTimes': [1499269380.0], 'JobIds': ['8484194.0'], 'EndTimes': [1499277029.0], 'Restarts': 0, 'RecordedSite': True, 'State': 'finished', 'ResidentSetSize': [1766024], 'TotalUserCpuTimeHistory': [5345], 'SiteHistory': ['Unknown', 'T2_US_UCSD'], 'TotalSysCpuTimeHistory': [702]}, '46': {'Retries': 0, 'WallDurations': [9.0, 2386.0], 'StartTimes': [1499269511.0], 'SubmitTimes': [1499269379.0], 'JobIds': ['8484191.0'], 'EndTimes': [1499271897.0], 'Restarts': 0, 'RecordedSite': True, 'State': 'finished', 'ResidentSetSize': [1851156], 'TotalUserCpuTimeHistory': [1843], 'SiteHistory': ['Unknown', 'T2_US_Vanderbilt'], 'TotalSysCpuTimeHistory': [15]}, '23': {'Retries': 0, 'WallDurations': [9.0, 5974.0], 'StartTimes': [1499269509.0], 'SubmitTimes': [1499269377.0], 'JobIds': ['8484169.0'], 'EndTimes': [1499275483.0], 'Restarts': 0, 'RecordedSite': True, 'State': 'finished', 'ResidentSetSize': [1718028], 'TotalUserCpuTimeHistory': [3902], 'SiteHistory': ['Unknown', 'T2_US_Vanderbilt'], 'TotalSysCpuTimeHistory': [70]}, '44': {'Retries': 0, 'WallDurations': [8.0, 2488.0], 'StartTimes': [1499269514.0], 'SubmitTimes': [1499269379.0], 'JobIds': ['8484190.0'], 'EndTimes': [1499272002.0], 'Restarts': 0, 'RecordedSite': True, 'State': 'finished', 'ResidentSetSize': [1823448], 'TotalUserCpuTimeHistory': [1556], 'SiteHistory': ['Unknown', 'T2_US_UCSD'], 'TotalSysCpuTimeHistory': [93]}, '45': {'Retries': 0, 'WallDurations': [10.0, 2902.0], 'StartTimes': [1499269513.0], 'SubmitTimes': [1499269379.0], 'JobIds': ['8484189.0'], 'EndTimes': [1499272415.0], 'Restarts': 0, 'RecordedSite': True, 'State': 'finished', 'ResidentSetSize': [1701744], 'TotalUserCpuTimeHistory': [1888], 'SiteHistory': ['Unknown', 'T2_US_UCSD'], 'TotalSysCpuTimeHistory': [68]}, '42': {'Retries': 0, 'WallDurations': [9.0, 2249.0], 'StartTimes': [1499269512.0], 'SubmitTimes': [1499269379.0], 'JobIds': ['8484187.0'], 'EndTimes': [1499271761.0], 'Restarts': 0, 'RecordedSite': True, 'State': 'finished', 'ResidentSetSize': [1784388], 'TotalUserCpuTimeHistory': [1724], 'SiteHistory': ['Unknown', 'T2_US_Vanderbilt'], 'TotalSysCpuTimeHistory': [16]}, '43': {'Retries': 0, 'WallDurations': [9.0, 2131.0], 'StartTimes': [1499269509.0], 'SubmitTimes': [1499269379.0], 'JobIds': ['8484188.0'], 'EndTimes': [1499271640.0], 'Restarts': 0, 'RecordedSite': True, 'State': 'finished', 'ResidentSetSize': [1695488], 'TotalUserCpuTimeHistory': [1618], 'SiteHistory': ['Unknown', 'T2_US_Purdue'], 'TotalSysCpuTimeHistory': [26]}, '40': {'Retries': 0, 'WallDurations': [8.0, 3294.0], 'StartTimes': [1499269515.0], 'SubmitTimes': [1499269378.0], 'JobIds': ['8484185.0'], 'EndTimes': [1499272809.0], 'Restarts': 0, 'RecordedSite': True, 'State': 'finished', 'ResidentSetSize': [1614308], 'TotalUserCpuTimeHistory': [2177], 'SiteHistory': ['Unknown', 'T2_US_Caltech'], 'TotalSysCpuTimeHistory': [65]}, '41': {'Retries': 0, 'WallDurations': [9.0, 2860.0], 'StartTimes': [1499269511.0], 'SubmitTimes': [1499269379.0], 'JobIds': ['8484186.0'], 'EndTimes': [1499272371.0], 'Restarts': 0, 'RecordedSite': True, 'State': 'finished', 'ResidentSetSize': [1702476], 'TotalUserCpuTimeHistory': [1907], 'SiteHistory': ['Unknown', 'T2_US_Vanderbilt'], 'TotalSysCpuTimeHistory': [18]}, '1': {'Retries': 0, 'WallDurations': [8.0, 2327.0], 'StartTimes': [1499269515.0], 'SubmitTimes': [1499269375.0], 'JobIds': ['8484149.0'], 'EndTimes': [1499271842.0], 'Restarts': 0, 'RecordedSite': True, 'State': 'finished', 'ResidentSetSize': [1708440], 'TotalUserCpuTimeHistory': [1755], 'SiteHistory': ['Unknown', 'T2_US_UCSD'], 'TotalSysCpuTimeHistory': [24]}, '82': {'Retries': 0, 'WallDurations': [8.0, 723.0], 'StartTimes': [1499269512.0], 'SubmitTimes': [1499269388.0], 'JobIds': ['8484228.0'], 'EndTimes': [1499270235.0], 'Restarts': 0, 'RecordedSite': True, 'State': 'finished', 'ResidentSetSize': [1739100], 'TotalUserCpuTimeHistory': [430], 'SiteHistory': ['Unknown', 'T2_US_Purdue'], 'TotalSysCpuTimeHistory': [7]}, '3': {'Retries': 0, 'WallDurations': [10.0, 2499.0], 'StartTimes': [1499269514.0], 'SubmitTimes': [1499269375.0], 'JobIds': ['8484151.0'], 'EndTimes': [1499272013.0], 'Restarts': 0, 'RecordedSite': True, 'State': 'finished', 'ResidentSetSize': [1833676], 'TotalUserCpuTimeHistory': [1895], 'SiteHistory': ['Unknown', 'T2_US_Vanderbilt'], 'TotalSysCpuTimeHistory': [16]}, '2': {'Retries': 0, 'WallDurations': [9.0, 2937.0], 'StartTimes': [1499269514.0], 'SubmitTimes': [1499269375.0], 'JobIds': ['8484150.0'], 'EndTimes': [1499272451.0], 'Restarts': 0, 'RecordedSite': True, 'State': 'finished', 'ResidentSetSize': [1821788], 'TotalUserCpuTimeHistory': [2111], 'SiteHistory': ['Unknown', 'T2_US_Vanderbilt'], 'TotalSysCpuTimeHistory': [21]}, '5': {'Retries': 0, 'WallDurations': [8.0, 6389.0], 'StartTimes': [1499269515.0], 'SubmitTimes': [1499269376.0], 'JobIds': ['8484153.0'], 'EndTimes': [1499275904.0], 'Restarts': 0, 'RecordedSite': True, 'State': 'finished', 'ResidentSetSize': [1687592], 'TotalUserCpuTimeHistory': [4542], 'SiteHistory': ['Unknown', 'T2_US_UCSD'], 'TotalSysCpuTimeHistory': [614]}, '4': {'Retries': 0, 'WallDurations': [8.0, 2641.0], 'StartTimes': [1499269515.0], 'SubmitTimes': [1499269375.0], 'JobIds': ['8484152.0'], 'EndTimes': [1499272156.0], 'Restarts': 0, 'RecordedSite': True, 'State': 'finished', 'ResidentSetSize': [1702492], 'TotalUserCpuTimeHistory': [1619], 'SiteHistory': ['Unknown', 'T2_US_UCSD'], 'TotalSysCpuTimeHistory': [87]}, '7': {'Retries': 0, 'WallDurations': [8.0, 1774.0], 'StartTimes': [1499269509.0], 'SubmitTimes': [1499269375.0], 'JobIds': ['8484147.0'], 'EndTimes': [1499271283.0], 'Restarts': 0, 'RecordedSite': True, 'State': 'finished', 'ResidentSetSize': [1750708], 'TotalUserCpuTimeHistory': [1225], 'SiteHistory': ['Unknown', 'T2_US_Purdue'], 'TotalSysCpuTimeHistory': [16]}, '6': {'Retries': 0, 'WallDurations': [8.0, 3044.0], 'StartTimes': [1499269773.0], 'SubmitTimes': [1499269376.0], 'JobIds': ['8484154.0'], 'EndTimes': [1499272817.0], 'Restarts': 0, 'RecordedSite': True, 'State': 'finished', 'ResidentSetSize': [1750832], 'TotalUserCpuTimeHistory': [2854], 'SiteHistory': ['Unknown', 'T1_IT_CNAF'], 'TotalSysCpuTimeHistory': [25]}, '9': {'Retries': 0, 'WallDurations': [9.0, 4546.0], 'StartTimes': [1499269512.0], 'SubmitTimes': [1499269375.0], 'JobIds': ['8484148.0'], 'EndTimes': [1499274058.0], 'Restarts': 0, 'RecordedSite': True, 'State': 'finished', 'ResidentSetSize': [1750784], 'TotalUserCpuTimeHistory': [3627], 'SiteHistory': ['Unknown', 'T2_US_Vanderbilt'], 'TotalSysCpuTimeHistory': [33]}, '8': {'Retries': 0, 'WallDurations': [9.0, 2745.0], 'StartTimes': [1499269502.0], 'SubmitTimes': [1499269376.0], 'JobIds': ['8484155.0'], 'EndTimes': [1499272247.0], 'Restarts': 0, 'RecordedSite': True, 'State': 'finished', 'ResidentSetSize': [1724296], 'TotalUserCpuTimeHistory': [2058], 'SiteHistory': ['Unknown', 'T2_US_Purdue'], 'TotalSysCpuTimeHistory': [33]}, '32': {'Retries': 0, 'WallDurations': [9.0, 2195.0], 'StartTimes': [1499269502.0], 'SubmitTimes': [1499269378.0], 'JobIds': ['8484175.0'], 'EndTimes': [1499271697.0], 'Restarts': 0, 'RecordedSite': True, 'State': 'finished', 'ResidentSetSize': [1770816], 'TotalUserCpuTimeHistory': [1612], 'SiteHistory': ['Unknown', 'T2_US_Purdue'], 'TotalSysCpuTimeHistory': [24]}, '18': {'Retries': 0, 'WallDurations': [9.0, 3173.0], 'StartTimes': [1499269503.0], 'SubmitTimes': [1499269377.0], 'JobIds': ['8484164.0'], 'EndTimes': [1499272676.0], 'Restarts': 0, 'RecordedSite': True, 'State': 'finished', 'ResidentSetSize': [1629384], 'TotalUserCpuTimeHistory': [2205], 'SiteHistory': ['Unknown', 'T2_US_Vanderbilt'], 'TotalSysCpuTimeHistory': [26]}, '83': {'Retries': 0, 'WallDurations': [8.0, 2509.0], 'StartTimes': [1499269515.0], 'SubmitTimes': [1499269388.0], 'JobIds': ['8484227.0'], 'EndTimes': [1499272024.0], 'Restarts': 0, 'RecordedSite': True, 'State': 'finished', 'ResidentSetSize': [1791504], 'TotalUserCpuTimeHistory': [1829], 'SiteHistory': ['Unknown', 'T2_US_Vanderbilt'], 'TotalSysCpuTimeHistory': [16]}, '35': {'Retries': 0, 'WallDurations': [9.0, 3498.0], 'StartTimes': [1499269509.0], 'SubmitTimes': [1499269378.0], 'JobIds': ['8484183.0'], 'EndTimes': [1499273007.0], 'Restarts': 0, 'RecordedSite': True, 'State': 'finished', 'ResidentSetSize': [1764080], 'TotalUserCpuTimeHistory': [2599], 'SiteHistory': ['Unknown', 'T2_US_UCSD'], 'TotalSysCpuTimeHistory': [62]}, '13': {'Retries': 0, 'WallDurations': [10.0, 4754.0], 'StartTimes': [1499269503.0], 'SubmitTimes': [1499269376.0], 'JobIds': ['8484159.0'], 'EndTimes': [1499274257.0], 'Restarts': 0, 'RecordedSite': True, 'State': 'finished', 'ResidentSetSize': [1777696], 'TotalUserCpuTimeHistory': [2753], 'SiteHistory': ['Unknown', 'T2_US_Vanderbilt'], 'TotalSysCpuTimeHistory': [68]}, '34': {'Retries': 0, 'WallDurations': [8.0, 1863.0], 'StartTimes': [1499269502.0], 'SubmitTimes': [1499269378.0], 'JobIds': ['8484178.0'], 'EndTimes': [1499271365.0], 'Restarts': 0, 'RecordedSite': True, 'State': 'finished', 'ResidentSetSize': [1724400], 'TotalUserCpuTimeHistory': [1331], 'SiteHistory': ['Unknown', 'T2_US_Purdue'], 'TotalSysCpuTimeHistory': [19]}, '77': {'Retries': 0, 'WallDurations': [9.0, 2742.0], 'StartTimes': [1499269514.0], 'SubmitTimes': [1499269387.0], 'JobIds': ['8484222.0'], 'EndTimes': [1499272256.0], 'Restarts': 0, 'RecordedSite': True, 'State': 'finished', 'ResidentSetSize': [1721544], 'TotalUserCpuTimeHistory': [1706], 'SiteHistory': ['Unknown', 'T2_US_UCSD'], 'TotalSysCpuTimeHistory': [56]}, '76': {'Retries': 0, 'WallDurations': [9.0, 2919.0], 'StartTimes': [1499269513.0], 'SubmitTimes': [1499269387.0], 'JobIds': ['8484220.0'], 'EndTimes': [1499272432.0], 'Restarts': 0, 'RecordedSite': True, 'State': 'finished', 'ResidentSetSize': [1578556], 'TotalUserCpuTimeHistory': [2181], 'SiteHistory': ['Unknown', 'T2_US_UCSD'], 'TotalSysCpuTimeHistory': [51]}, '75': {'Retries': 0, 'WallDurations': [8.0, 3113.0], 'StartTimes': [1499269514.0], 'SubmitTimes': [1499269387.0], 'JobIds': ['8484221.0'], 'EndTimes': [1499272627.0], 'Restarts': 0, 'RecordedSite': True, 'State': 'finished', 'ResidentSetSize': [1736988], 'TotalUserCpuTimeHistory': [2180], 'SiteHistory': ['Unknown', 'T2_US_Vanderbilt'], 'TotalSysCpuTimeHistory': [19]}, '12': {'Retries': 0, 'WallDurations': [9.0, 2865.0], 'StartTimes': [1499269526.0], 'SubmitTimes': [1499269376.0], 'JobIds': ['8484158.0'], 'EndTimes': [1499272391.0], 'Restarts': 0, 'RecordedSite': True, 'State': 'finished', 'ResidentSetSize': [1736328], 'TotalUserCpuTimeHistory': [2003], 'SiteHistory': ['Unknown', 'T2_US_UCSD'], 'TotalSysCpuTimeHistory': [52]}, '73': {'Retries': 0, 'WallDurations': [9.0, 3109.0], 'StartTimes': [1499269513.0], 'SubmitTimes': [1499269386.0], 'JobIds': ['8484215.0'], 'EndTimes': [1499272622.0], 'Restarts': 0, 'RecordedSite': True, 'State': 'finished', 'ResidentSetSize': [1733920], 'TotalUserCpuTimeHistory': [2212], 'SiteHistory': ['Unknown', 'T2_US_UCSD'], 'TotalSysCpuTimeHistory': [51]}, '72': {'Retries': 0, 'WallDurations': [9.0, 2018.0], 'StartTimes': [1499269511.0], 'SubmitTimes': [1499269386.0], 'JobIds': ['8484216.0'], 'EndTimes': [1499271529.0], 'Restarts': 0, 'RecordedSite': True, 'State': 'finished', 'ResidentSetSize': [1770380], 'TotalUserCpuTimeHistory': [1424], 'SiteHistory': ['Unknown', 'T2_US_Vanderbilt'], 'TotalSysCpuTimeHistory': [17]}, '71': {'Retries': 0, 'WallDurations': [9.0, 2833.0], 'StartTimes': [1499269514.0], 'SubmitTimes': [1499269387.0], 'JobIds': ['8484218.0'], 'EndTimes': [1499272347.0], 'Restarts': 0, 'RecordedSite': True, 'State': 'finished', 'ResidentSetSize': [1720436], 'TotalUserCpuTimeHistory': [1930], 'SiteHistory': ['Unknown', 'T2_US_UCSD'], 'TotalSysCpuTimeHistory': [29]}, '70': {'Retries': 0, 'WallDurations': [9.0, 2441.0], 'StartTimes': [1499269514.0], 'SubmitTimes': [1499269387.0], 'JobIds': ['8484217.0'], 'EndTimes': [1499271955.0], 'Restarts': 0, 'RecordedSite': True, 'State': 'finished', 'ResidentSetSize': [1803004], 'TotalUserCpuTimeHistory': [1567], 'SiteHistory': ['Unknown', 'T2_US_UCSD'], 'TotalSysCpuTimeHistory': [64]}, '15': {'Retries': 0, 'WallDurations': [9.0, 3073.0], 'StartTimes': [1499269509.0], 'SubmitTimes': [1499269376.0], 'JobIds': ['8484161.0'], 'EndTimes': [1499272582.0], 'Restarts': 0, 'RecordedSite': True, 'State': 'finished', 'ResidentSetSize': [1719168], 'TotalUserCpuTimeHistory': [1853], 'SiteHistory': ['Unknown', 'T2_US_Caltech'], 'TotalSysCpuTimeHistory': [104]}, '79': {'Retries': 0, 'WallDurations': [8.0, 1818.0], 'StartTimes': [1499269509.0], 'SubmitTimes': [1499269387.0], 'JobIds': ['8484223.0'], 'EndTimes': [1499271327.0], 'Restarts': 0, 'RecordedSite': True, 'State': 'finished', 'ResidentSetSize': [1747796], 'TotalUserCpuTimeHistory': [1312], 'SiteHistory': ['Unknown', 'T2_US_Purdue'], 'TotalSysCpuTimeHistory': [18]}, '78': {'Retries': 0, 'WallDurations': [8.0, 1853.0], 'StartTimes': [1499269512.0], 'SubmitTimes': [1499269387.0], 'JobIds': ['8484224.0'], 'EndTimes': [1499271365.0], 'Restarts': 0, 'RecordedSite': True, 'State': 'finished', 'ResidentSetSize': [1703232], 'TotalUserCpuTimeHistory': [1288], 'SiteHistory': ['Unknown', 'T2_US_Purdue'], 'TotalSysCpuTimeHistory': [17]}, '11': {'Retries': 0, 'WallDurations': [9.0, 2829.0], 'StartTimes': [1499269509.0], 'SubmitTimes': [1499269376.0], 'JobIds': ['8484157.0'], 'EndTimes': [1499272338.0], 'Restarts': 0, 'RecordedSite': True, 'State': 'finished', 'ResidentSetSize': [1623160], 'TotalUserCpuTimeHistory': [1837], 'SiteHistory': ['Unknown', 'T2_US_UCSD'], 'TotalSysCpuTimeHistory': [64]}, '10': {'Retries': 0, 'WallDurations': [10.0, 2436.0], 'StartTimes': [1499269502.0], 'SubmitTimes': [1499269376.0], 'JobIds': ['8484156.0'], 'EndTimes': [1499271938.0], 'Restarts': 0, 'RecordedSite': True, 'State': 'finished', 'ResidentSetSize': [1592240], 'TotalUserCpuTimeHistory': [1849], 'SiteHistory': ['Unknown', 'T2_US_Purdue'], 'TotalSysCpuTimeHistory': [30]}, '39': {'Retries': 0, 'WallDurations': [9.0, 3621.0], 'StartTimes': [1499269509.0], 'SubmitTimes': [1499269378.0], 'JobIds': ['8484180.0'], 'EndTimes': [1499273130.0], 'Restarts': 0, 'RecordedSite': True, 'State': 'finished', 'ResidentSetSize': [1775100], 'TotalUserCpuTimeHistory': [2465], 'SiteHistory': ['Unknown', 'T2_US_Caltech'], 'TotalSysCpuTimeHistory': [111]}, '38': {'Retries': 0, 'WallDurations': [9.0, 3162.0], 'StartTimes': [1499269504.0], 'SubmitTimes': [1499269378.0], 'JobIds': ['8484184.0'], 'EndTimes': [1499272666.0], 'Restarts': 0, 'RecordedSite': True, 'State': 'finished', 'ResidentSetSize': [1705160], 'TotalUserCpuTimeHistory': [2107], 'SiteHistory': ['Unknown', 'T2_US_Vanderbilt'], 'TotalSysCpuTimeHistory': [24]}, '59': {'Retries': 0, 'WallDurations': [9.0, 2807.0], 'StartTimes': [1499269514.0], 'SubmitTimes': [1499269380.0], 'JobIds': ['8484204.0'], 'EndTimes': [1499272321.0], 'Restarts': 0, 'RecordedSite': True, 'State': 'finished', 'ResidentSetSize': [1694384], 'TotalUserCpuTimeHistory': [2034], 'SiteHistory': ['Unknown', 'T2_US_UCSD'], 'TotalSysCpuTimeHistory': [33]}, '48': {'Retries': 0, 'WallDurations': [10.0, 2568.0], 'StartTimes': [1499269513.0], 'SubmitTimes': [1499269380.0], 'JobIds': ['8484193.0'], 'EndTimes': [1499272081.0], 'Restarts': 0, 'RecordedSite': True, 'State': 'finished', 'ResidentSetSize': [1823856], 'TotalUserCpuTimeHistory': [1691], 'SiteHistory': ['Unknown', 'T2_US_UCSD'], 'TotalSysCpuTimeHistory': [77]}, '14': {'Retries': 0, 'WallDurations': [9.0, 2732.0], 'StartTimes': [1499269509.0], 'SubmitTimes': [1499269376.0], 'JobIds': ['8484160.0'], 'EndTimes': [1499272241.0], 'Restarts': 0, 'RecordedSite': True, 'State': 'finished', 'ResidentSetSize': [1667084], 'TotalUserCpuTimeHistory': [1886], 'SiteHistory': ['Unknown', 'T2_US_UCSD'], 'TotalSysCpuTimeHistory': [49]}, '16': {'Retries': 0, 'WallDurations': [8.0, 4633.0], 'StartTimes': [1499269504.0], 'SubmitTimes': [1499269376.0], 'JobIds': ['8484162.0'], 'EndTimes': [1499274137.0], 'Restarts': 0, 'RecordedSite': True, 'State': 'finished', 'ResidentSetSize': [1798812], 'TotalUserCpuTimeHistory': [3645], 'SiteHistory': ['Unknown', 'T2_US_Vanderbilt'], 'TotalSysCpuTimeHistory': [36]}, '19': {'Retries': 0, 'WallDurations': [9.0, 2754.0], 'StartTimes': [1499269509.0], 'SubmitTimes': [1499269377.0], 'JobIds': ['8484165.0'], 'EndTimes': [1499272263.0], 'Restarts': 0, 'RecordedSite': True, 'State': 'finished', 'ResidentSetSize': [1770508], 'TotalUserCpuTimeHistory': [1949], 'SiteHistory': ['Unknown', 'T2_US_UCSD'], 'TotalSysCpuTimeHistory': [30]}, '54': {'Retries': 0, 'WallDurations': [9.0, 2472.0], 'StartTimes': [1499269511.0], 'SubmitTimes': [1499269380.0], 'JobIds': ['8484199.0'], 'EndTimes': [1499271983.0], 'Restarts': 0, 'RecordedSite': True, 'State': 'finished', 'ResidentSetSize': [1690380], 'TotalUserCpuTimeHistory': [1353], 'SiteHistory': ['Unknown', 'T2_US_Vanderbilt'], 'TotalSysCpuTimeHistory': [17]}, '31': {'Retries': 0, 'WallDurations': [9.0, 1903.0], 'StartTimes': [1499269502.0], 'SubmitTimes': [1499269377.0], 'JobIds': ['8484173.0'], 'EndTimes': [1499271405.0], 'Restarts': 0, 'RecordedSite': True, 'State': 'finished', 'ResidentSetSize': [1789560], 'TotalUserCpuTimeHistory': [1338], 'SiteHistory': ['Unknown', 'T2_US_Purdue'], 'TotalSysCpuTimeHistory': [22]}, '56': {'Retries': 0, 'WallDurations': [9.0, 2743.0], 'StartTimes': [1499269511.0], 'SubmitTimes': [1499269380.0], 'JobIds': ['8484201.0'], 'EndTimes': [1499272254.0], 'Restarts': 0, 'RecordedSite': True, 'State': 'finished', 'ResidentSetSize': [1742672], 'TotalUserCpuTimeHistory': [2065], 'SiteHistory': ['Unknown', 'T2_US_Vanderbilt'], 'TotalSysCpuTimeHistory': [20]}, '51': {'Retries': 0, 'WallDurations': [8.0, 2734.0], 'StartTimes': [1499269515.0], 'SubmitTimes': [1499269380.0], 'JobIds': ['8484196.0'], 'EndTimes': [1499272249.0], 'Restarts': 0, 'RecordedSite': True, 'State': 'finished', 'ResidentSetSize': [1622588], 'TotalUserCpuTimeHistory': [1916], 'SiteHistory': ['Unknown', 'T2_US_UCSD'], 'TotalSysCpuTimeHistory': [28]}, '36': {'Retries': 0, 'WallDurations': [9.0, 3637.0], 'StartTimes': [1499269502.0], 'SubmitTimes': [1499269378.0], 'JobIds': ['8484181.0'], 'EndTimes': [1499273139.0], 'Restarts': 0, 'RecordedSite': True, 'State': 'finished', 'ResidentSetSize': [1788376], 'TotalUserCpuTimeHistory': [2853], 'SiteHistory': ['Unknown', 'T2_US_Wisconsin'], 'TotalSysCpuTimeHistory': [48]}, '53': {'Retries': 0, 'WallDurations': [9.0, 2876.0], 'StartTimes': [1499269513.0], 'SubmitTimes': [1499269380.0], 'JobIds': ['8484198.0'], 'EndTimes': [1499272389.0], 'Restarts': 0, 'RecordedSite': True, 'State': 'finished', 'ResidentSetSize': [1775692], 'TotalUserCpuTimeHistory': [2020], 'SiteHistory': ['Unknown', 'T2_US_UCSD'], 'TotalSysCpuTimeHistory': [35]}, '52': {'Retries': 0, 'WallDurations': [9.0, 1902.0], 'StartTimes': [1499269511.0], 'SubmitTimes': [1499269380.0], 'JobIds': ['8484197.0'], 'EndTimes': [1499271413.0], 'Restarts': 0, 'RecordedSite': True, 'State': 'finished', 'ResidentSetSize': [1709096], 'TotalUserCpuTimeHistory': [1311], 'SiteHistory': ['Unknown', 'T2_US_Vanderbilt'], 'TotalSysCpuTimeHistory': [15]}, '33': {'Retries': 0, 'WallDurations': [9.0, 1856.0], 'StartTimes': [1499269502.0], 'SubmitTimes': [1499269378.0], 'JobIds': ['8484179.0'], 'EndTimes': [1499271358.0], 'Restarts': 0, 'RecordedSite': True, 'State': 'finished', 'ResidentSetSize': [1721884], 'TotalUserCpuTimeHistory': [1302], 'SiteHistory': ['Unknown', 'T2_US_Purdue'], 'TotalSysCpuTimeHistory': [19]}, '55': {'Retries': 0, 'WallDurations': [9.0, 2645.0], 'StartTimes': [1499269513.0], 'SubmitTimes': [1499269380.0], 'JobIds': ['8484200.0'], 'EndTimes': [1499272158.0], 'Restarts': 0, 'RecordedSite': True, 'State': 'finished', 'ResidentSetSize': [1727024], 'TotalUserCpuTimeHistory': [1821], 'SiteHistory': ['Unknown', 'T2_US_UCSD'], 'TotalSysCpuTimeHistory': [57]}, '74': {'Retries': 0, 'WallDurations': [10.0, 3079.0], 'StartTimes': [1499269514.0], 'SubmitTimes': [1499269387.0], 'JobIds': ['8484219.0'], 'EndTimes': [1499272593.0], 'Restarts': 0, 'RecordedSite': True, 'State': 'finished', 'ResidentSetSize': [1729944], 'TotalUserCpuTimeHistory': [2002], 'SiteHistory': ['Unknown', 'T2_US_Vanderbilt'], 'TotalSysCpuTimeHistory': [16]}, '37': {'Retries': 0, 'WallDurations': [9.0, 3483.0], 'StartTimes': [1499269509.0], 'SubmitTimes': [1499269378.0], 'JobIds': ['8484182.0'], 'EndTimes': [1499272992.0], 'Restarts': 0, 'RecordedSite': True, 'State': 'finished', 'ResidentSetSize': [1803624], 'TotalUserCpuTimeHistory': [2636], 'SiteHistory': ['Unknown', 'T2_US_UCSD'], 'TotalSysCpuTimeHistory': [81]}, '47': {'Retries': 0, 'WallDurations': [10.0, 2460.0], 'StartTimes': [1499269514.0], 'SubmitTimes': [1499269379.0], 'JobIds': ['8484192.0'], 'EndTimes': [1499271974.0], 'Restarts': 0, 'RecordedSite': True, 'State': 'finished', 'ResidentSetSize': [1743420], 'TotalUserCpuTimeHistory': [1848], 'SiteHistory': ['Unknown', 'T2_US_UCSD'], 'TotalSysCpuTimeHistory': [29]}, '17': {'Retries': 0, 'WallDurations': [9.0, 2988.0], 'StartTimes': [1499269502.0], 'SubmitTimes': [1499269376.0], 'JobIds': ['8484163.0'], 'EndTimes': [1499272490.0], 'Restarts': 0, 'RecordedSite': True, 'State': 'finished', 'ResidentSetSize': [1855164], 'TotalUserCpuTimeHistory': [2456], 'SiteHistory': ['Unknown', 'T2_US_Florida'], 'TotalSysCpuTimeHistory': [35]}, '57': {'Retries': 0, 'WallDurations': [9.0, 2576.0], 'StartTimes': [1499269514.0], 'SubmitTimes': [1499269380.0], 'JobIds': ['8484203.0'], 'EndTimes': [1499272090.0], 'Restarts': 0, 'RecordedSite': True, 'State': 'finished', 'ResidentSetSize': [1804128], 'TotalUserCpuTimeHistory': [1769], 'SiteHistory': ['Unknown', 'T2_US_UCSD'], 'TotalSysCpuTimeHistory': [82]}, '50': {'Retries': 0, 'WallDurations': [9.0, 2839.0], 'StartTimes': [1499269511.0], 'SubmitTimes': [1499269380.0], 'JobIds': ['8484195.0'], 'EndTimes': [1499272350.0], 'Restarts': 0, 'RecordedSite': True, 'State': 'finished', 'ResidentSetSize': [1742708], 'TotalUserCpuTimeHistory': [1986], 'SiteHistory': ['Unknown', 'T2_US_Vanderbilt'], 'TotalSysCpuTimeHistory': [19]}}
INFO 2017-07-06 09:37:57,445: 	 Status on the scheduler:	COMPLETED
INFO 2017-07-06 09:37:57,446: 	 
Jobs status:                    finished      100.0% (84/84)
INFO 2017-07-06 09:37:57,447: 	 
No publication information (publication has been disabled in the CRAB configuration file)
INFO 2017-07-06 09:37:57,523: 	 Log file is /afs/cern.ch/work/a/aioannou/MonteCarlo_Production/CMSSW_8_0_21/src/AToZhToNuNuBB/All/crab_privateMCProduction/crab_privateMCProduction_Step3_M800/crab.log
